{"/www/sites/leo/leo-19-036-visa-game-react/src/ScormTesterApis.js": {"path":"/www/sites/leo/leo-19-036-visa-game-react/src/ScormTesterApis.js","statementMap":{"0":{"start":{"line":2,"column":19},"end":{"line":33,"column":1}},"1":{"start":{"line":35,"column":22},"end":{"line":77,"column":1}},"2":{"start":{"line":81,"column":15},"end":{"line":81,"column":19}},"3":{"start":{"line":82,"column":24},"end":{"line":86,"column":15}},"4":{"start":{"line":88,"column":4},"end":{"line":88,"column":51}},"5":{"start":{"line":89,"column":4},"end":{"line":89,"column":35}},"6":{"start":{"line":90,"column":4},"end":{"line":90,"column":37}},"7":{"start":{"line":92,"column":4},"end":{"line":92,"column":15}},"8":{"start":{"line":93,"column":4},"end":{"line":93,"column":49}},"9":{"start":{"line":96,"column":15},"end":{"line":96,"column":19}},"10":{"start":{"line":97,"column":4},"end":{"line":97,"column":61}},"11":{"start":{"line":98,"column":4},"end":{"line":98,"column":27}},"12":{"start":{"line":99,"column":4},"end":{"line":99,"column":20}},"13":{"start":{"line":102,"column":4},"end":{"line":102,"column":23}},"14":{"start":{"line":105,"column":15},"end":{"line":105,"column":19}},"15":{"start":{"line":106,"column":4},"end":{"line":112,"column":5}},"16":{"start":{"line":107,"column":6},"end":{"line":107,"column":22}},"17":{"start":{"line":108,"column":6},"end":{"line":108,"column":28}},"18":{"start":{"line":110,"column":6},"end":{"line":110,"column":25}},"19":{"start":{"line":111,"column":6},"end":{"line":111,"column":98}},"20":{"start":{"line":113,"column":4},"end":{"line":113,"column":45}},"21":{"start":{"line":116,"column":15},"end":{"line":116,"column":19}},"22":{"start":{"line":117,"column":16},"end":{"line":117,"column":18}},"23":{"start":{"line":118,"column":4},"end":{"line":139,"column":5}},"24":{"start":{"line":119,"column":6},"end":{"line":119,"column":22}},"25":{"start":{"line":121,"column":6},"end":{"line":132,"column":7}},"26":{"start":{"line":122,"column":8},"end":{"line":131,"column":9}},"27":{"start":{"line":123,"column":10},"end":{"line":130,"column":11}},"28":{"start":{"line":124,"column":12},"end":{"line":129,"column":13}},"29":{"start":{"line":128,"column":14},"end":{"line":128,"column":37}},"30":{"start":{"line":134,"column":6},"end":{"line":134,"column":32}},"31":{"start":{"line":136,"column":6},"end":{"line":136,"column":25}},"32":{"start":{"line":137,"column":6},"end":{"line":137,"column":58}},"33":{"start":{"line":138,"column":6},"end":{"line":138,"column":98}},"34":{"start":{"line":140,"column":4},"end":{"line":140,"column":17}},"35":{"start":{"line":143,"column":15},"end":{"line":143,"column":19}},"36":{"start":{"line":144,"column":17},"end":{"line":144,"column":23}},"37":{"start":{"line":145,"column":4},"end":{"line":151,"column":5}},"38":{"start":{"line":146,"column":6},"end":{"line":146,"column":23}},"39":{"start":{"line":147,"column":6},"end":{"line":147,"column":25}},"40":{"start":{"line":148,"column":6},"end":{"line":148,"column":98}},"41":{"start":{"line":150,"column":6},"end":{"line":150,"column":22}},"42":{"start":{"line":152,"column":4},"end":{"line":152,"column":18}},"43":{"start":{"line":155,"column":15},"end":{"line":155,"column":19}},"44":{"start":{"line":156,"column":17},"end":{"line":156,"column":23}},"45":{"start":{"line":157,"column":4},"end":{"line":164,"column":5}},"46":{"start":{"line":158,"column":6},"end":{"line":158,"column":25}},"47":{"start":{"line":159,"column":6},"end":{"line":159,"column":23}},"48":{"start":{"line":160,"column":6},"end":{"line":160,"column":98}},"49":{"start":{"line":162,"column":6},"end":{"line":162,"column":22}},"50":{"start":{"line":163,"column":6},"end":{"line":163,"column":29}},"51":{"start":{"line":165,"column":4},"end":{"line":165,"column":24}},"52":{"start":{"line":166,"column":4},"end":{"line":166,"column":18}},"53":{"start":{"line":169,"column":4},"end":{"line":169,"column":37}},"54":{"start":{"line":172,"column":4},"end":{"line":172,"column":41}},"55":{"start":{"line":178,"column":4},"end":{"line":178,"column":19}},"56":{"start":{"line":181,"column":15},"end":{"line":181,"column":19}},"57":{"start":{"line":182,"column":19},"end":{"line":182,"column":37}},"58":{"start":{"line":183,"column":4},"end":{"line":183,"column":54}},"59":{"start":{"line":184,"column":4},"end":{"line":184,"column":18}},"60":{"start":{"line":187,"column":15},"end":{"line":187,"column":19}},"61":{"start":{"line":188,"column":18},"end":{"line":188,"column":34}},"62":{"start":{"line":189,"column":4},"end":{"line":189,"column":66}},"63":{"start":{"line":190,"column":4},"end":{"line":190,"column":17}},"64":{"start":{"line":193,"column":15},"end":{"line":193,"column":19}},"65":{"start":{"line":195,"column":4},"end":{"line":234,"column":5}},"66":{"start":{"line":196,"column":6},"end":{"line":231,"column":7}},"67":{"start":{"line":198,"column":31},"end":{"line":205,"column":11}},"68":{"start":{"line":206,"column":5},"end":{"line":208,"column":6}},"69":{"start":{"line":207,"column":12},"end":{"line":207,"column":31}},"70":{"start":{"line":209,"column":10},"end":{"line":209,"column":16}},"71":{"start":{"line":212,"column":10},"end":{"line":212,"column":29}},"72":{"start":{"line":213,"column":10},"end":{"line":213,"column":16}},"73":{"start":{"line":216,"column":10},"end":{"line":218,"column":11}},"74":{"start":{"line":217,"column":11},"end":{"line":217,"column":30}},"75":{"start":{"line":219,"column":10},"end":{"line":219,"column":16}},"76":{"start":{"line":227,"column":10},"end":{"line":227,"column":29}},"77":{"start":{"line":228,"column":10},"end":{"line":228,"column":16}},"78":{"start":{"line":230,"column":10},"end":{"line":230,"column":26}},"79":{"start":{"line":233,"column":6},"end":{"line":233,"column":25}},"80":{"start":{"line":236,"column":23},"end":{"line":236,"column":58}},"81":{"start":{"line":237,"column":4},"end":{"line":237,"column":58}},"82":{"start":{"line":239,"column":4},"end":{"line":243,"column":5}},"83":{"start":{"line":240,"column":6},"end":{"line":240,"column":98}},"84":{"start":{"line":242,"column":6},"end":{"line":242,"column":32}},"85":{"start":{"line":245,"column":4},"end":{"line":245,"column":22}},"86":{"start":{"line":248,"column":15},"end":{"line":248,"column":19}},"87":{"start":{"line":249,"column":19},"end":{"line":249,"column":33}},"88":{"start":{"line":250,"column":4},"end":{"line":250,"column":50}},"89":{"start":{"line":251,"column":4},"end":{"line":251,"column":18}},"90":{"start":{"line":254,"column":15},"end":{"line":254,"column":19}},"91":{"start":{"line":255,"column":19},"end":{"line":255,"column":33}},"92":{"start":{"line":256,"column":4},"end":{"line":256,"column":54}},"93":{"start":{"line":257,"column":4},"end":{"line":257,"column":18}},"94":{"start":{"line":260,"column":15},"end":{"line":260,"column":19}},"95":{"start":{"line":261,"column":22},"end":{"line":261,"column":39}},"96":{"start":{"line":262,"column":4},"end":{"line":262,"column":59}},"97":{"start":{"line":263,"column":4},"end":{"line":263,"column":21}},"98":{"start":{"line":266,"column":15},"end":{"line":266,"column":19}},"99":{"start":{"line":267,"column":25},"end":{"line":267,"column":44}},"100":{"start":{"line":268,"column":4},"end":{"line":268,"column":79}},"101":{"start":{"line":269,"column":4},"end":{"line":269,"column":24}},"102":{"start":{"line":275,"column":4},"end":{"line":275,"column":19}},"103":{"start":{"line":278,"column":15},"end":{"line":278,"column":19}},"104":{"start":{"line":279,"column":17},"end":{"line":279,"column":24}},"105":{"start":{"line":280,"column":4},"end":{"line":284,"column":5}},"106":{"start":{"line":281,"column":6},"end":{"line":281,"column":25}},"107":{"start":{"line":283,"column":6},"end":{"line":283,"column":34}},"108":{"start":{"line":285,"column":4},"end":{"line":285,"column":51}},"109":{"start":{"line":286,"column":4},"end":{"line":286,"column":18}},"110":{"start":{"line":289,"column":15},"end":{"line":289,"column":19}},"111":{"start":{"line":290,"column":18},"end":{"line":290,"column":34}},"112":{"start":{"line":291,"column":4},"end":{"line":291,"column":63}},"113":{"start":{"line":292,"column":4},"end":{"line":292,"column":17}},"114":{"start":{"line":295,"column":15},"end":{"line":295,"column":19}},"115":{"start":{"line":296,"column":4},"end":{"line":296,"column":20}},"116":{"start":{"line":298,"column":4},"end":{"line":348,"column":5}},"117":{"start":{"line":299,"column":6},"end":{"line":345,"column":7}},"118":{"start":{"line":301,"column":35},"end":{"line":306,"column":11}},"119":{"start":{"line":307,"column":5},"end":{"line":309,"column":6}},"120":{"start":{"line":308,"column":12},"end":{"line":308,"column":31}},"121":{"start":{"line":310,"column":10},"end":{"line":310,"column":16}},"122":{"start":{"line":312,"column":32},"end":{"line":312,"column":63}},"123":{"start":{"line":313,"column":10},"end":{"line":315,"column":11}},"124":{"start":{"line":314,"column":12},"end":{"line":314,"column":31}},"125":{"start":{"line":316,"column":10},"end":{"line":316,"column":16}},"126":{"start":{"line":319,"column":10},"end":{"line":321,"column":11}},"127":{"start":{"line":320,"column":11},"end":{"line":320,"column":30}},"128":{"start":{"line":322,"column":10},"end":{"line":322,"column":16}},"129":{"start":{"line":325,"column":10},"end":{"line":325,"column":29}},"130":{"start":{"line":326,"column":10},"end":{"line":326,"column":16}},"131":{"start":{"line":341,"column":10},"end":{"line":341,"column":29}},"132":{"start":{"line":342,"column":10},"end":{"line":342,"column":16}},"133":{"start":{"line":344,"column":10},"end":{"line":344,"column":26}},"134":{"start":{"line":347,"column":6},"end":{"line":347,"column":25}},"135":{"start":{"line":350,"column":23},"end":{"line":350,"column":58}},"136":{"start":{"line":351,"column":4},"end":{"line":351,"column":55}},"137":{"start":{"line":353,"column":4},"end":{"line":357,"column":5}},"138":{"start":{"line":354,"column":6},"end":{"line":354,"column":98}},"139":{"start":{"line":356,"column":6},"end":{"line":356,"column":32}},"140":{"start":{"line":359,"column":4},"end":{"line":359,"column":22}},"141":{"start":{"line":362,"column":15},"end":{"line":362,"column":19}},"142":{"start":{"line":363,"column":19},"end":{"line":363,"column":33}},"143":{"start":{"line":364,"column":4},"end":{"line":364,"column":47}},"144":{"start":{"line":365,"column":4},"end":{"line":365,"column":18}},"145":{"start":{"line":368,"column":15},"end":{"line":368,"column":19}},"146":{"start":{"line":369,"column":19},"end":{"line":369,"column":33}},"147":{"start":{"line":370,"column":4},"end":{"line":370,"column":54}},"148":{"start":{"line":371,"column":4},"end":{"line":371,"column":18}},"149":{"start":{"line":374,"column":15},"end":{"line":374,"column":19}},"150":{"start":{"line":375,"column":22},"end":{"line":375,"column":39}},"151":{"start":{"line":376,"column":4},"end":{"line":376,"column":56}},"152":{"start":{"line":377,"column":4},"end":{"line":377,"column":21}},"153":{"start":{"line":380,"column":15},"end":{"line":380,"column":19}},"154":{"start":{"line":381,"column":25},"end":{"line":381,"column":44}},"155":{"start":{"line":382,"column":4},"end":{"line":382,"column":76}},"156":{"start":{"line":383,"column":4},"end":{"line":383,"column":24}},"157":{"start":{"line":386,"column":15},"end":{"line":386,"column":19}},"158":{"start":{"line":387,"column":4},"end":{"line":387,"column":48}},"159":{"start":{"line":388,"column":4},"end":{"line":388,"column":31}}},"fnMap":{"0":{"name":"(anonymous_0)","decl":{"start":{"line":80,"column":2},"end":{"line":80,"column":3}},"loc":{"start":{"line":80,"column":23},"end":{"line":94,"column":3}},"line":80},"1":{"name":"(anonymous_1)","decl":{"start":{"line":84,"column":14},"end":{"line":84,"column":15}},"loc":{"start":{"line":84,"column":20},"end":{"line":84,"column":22}},"line":84},"2":{"name":"(anonymous_2)","decl":{"start":{"line":85,"column":22},"end":{"line":85,"column":23}},"loc":{"start":{"line":85,"column":28},"end":{"line":85,"column":30}},"line":85},"3":{"name":"(anonymous_3)","decl":{"start":{"line":95,"column":2},"end":{"line":95,"column":3}},"loc":{"start":{"line":95,"column":10},"end":{"line":100,"column":3}},"line":95},"4":{"name":"(anonymous_4)","decl":{"start":{"line":101,"column":2},"end":{"line":101,"column":3}},"loc":{"start":{"line":101,"column":15},"end":{"line":103,"column":3}},"line":101},"5":{"name":"(anonymous_5)","decl":{"start":{"line":104,"column":2},"end":{"line":104,"column":3}},"loc":{"start":{"line":104,"column":18},"end":{"line":114,"column":3}},"line":104},"6":{"name":"(anonymous_6)","decl":{"start":{"line":115,"column":2},"end":{"line":115,"column":3}},"loc":{"start":{"line":115,"column":16},"end":{"line":141,"column":3}},"line":115},"7":{"name":"(anonymous_7)","decl":{"start":{"line":142,"column":2},"end":{"line":142,"column":3}},"loc":{"start":{"line":142,"column":14},"end":{"line":153,"column":3}},"line":142},"8":{"name":"(anonymous_8)","decl":{"start":{"line":154,"column":2},"end":{"line":154,"column":3}},"loc":{"start":{"line":154,"column":14},"end":{"line":167,"column":3}},"line":154},"9":{"name":"(anonymous_9)","decl":{"start":{"line":168,"column":2},"end":{"line":168,"column":3}},"loc":{"start":{"line":168,"column":17},"end":{"line":170,"column":3}},"line":168},"10":{"name":"(anonymous_10)","decl":{"start":{"line":171,"column":2},"end":{"line":171,"column":3}},"loc":{"start":{"line":171,"column":19},"end":{"line":173,"column":3}},"line":171},"11":{"name":"(anonymous_11)","decl":{"start":{"line":177,"column":2},"end":{"line":177,"column":3}},"loc":{"start":{"line":177,"column":23},"end":{"line":179,"column":3}},"line":177},"12":{"name":"(anonymous_12)","decl":{"start":{"line":180,"column":2},"end":{"line":180,"column":3}},"loc":{"start":{"line":180,"column":21},"end":{"line":185,"column":3}},"line":180},"13":{"name":"(anonymous_13)","decl":{"start":{"line":186,"column":2},"end":{"line":186,"column":3}},"loc":{"start":{"line":186,"column":19},"end":{"line":191,"column":3}},"line":186},"14":{"name":"(anonymous_14)","decl":{"start":{"line":192,"column":2},"end":{"line":192,"column":3}},"loc":{"start":{"line":192,"column":26},"end":{"line":246,"column":3}},"line":192},"15":{"name":"(anonymous_15)","decl":{"start":{"line":247,"column":2},"end":{"line":247,"column":3}},"loc":{"start":{"line":247,"column":17},"end":{"line":252,"column":3}},"line":247},"16":{"name":"(anonymous_16)","decl":{"start":{"line":253,"column":2},"end":{"line":253,"column":3}},"loc":{"start":{"line":253,"column":17},"end":{"line":258,"column":3}},"line":253},"17":{"name":"(anonymous_17)","decl":{"start":{"line":259,"column":2},"end":{"line":259,"column":3}},"loc":{"start":{"line":259,"column":20},"end":{"line":264,"column":3}},"line":259},"18":{"name":"(anonymous_18)","decl":{"start":{"line":265,"column":2},"end":{"line":265,"column":3}},"loc":{"start":{"line":265,"column":22},"end":{"line":270,"column":3}},"line":265},"19":{"name":"(anonymous_19)","decl":{"start":{"line":274,"column":2},"end":{"line":274,"column":3}},"loc":{"start":{"line":274,"column":23},"end":{"line":276,"column":3}},"line":274},"20":{"name":"(anonymous_20)","decl":{"start":{"line":277,"column":2},"end":{"line":277,"column":3}},"loc":{"start":{"line":277,"column":18},"end":{"line":287,"column":3}},"line":277},"21":{"name":"(anonymous_21)","decl":{"start":{"line":288,"column":2},"end":{"line":288,"column":3}},"loc":{"start":{"line":288,"column":16},"end":{"line":293,"column":3}},"line":288},"22":{"name":"(anonymous_22)","decl":{"start":{"line":294,"column":2},"end":{"line":294,"column":3}},"loc":{"start":{"line":294,"column":23},"end":{"line":360,"column":3}},"line":294},"23":{"name":"(anonymous_23)","decl":{"start":{"line":361,"column":2},"end":{"line":361,"column":3}},"loc":{"start":{"line":361,"column":14},"end":{"line":366,"column":3}},"line":361},"24":{"name":"(anonymous_24)","decl":{"start":{"line":367,"column":2},"end":{"line":367,"column":3}},"loc":{"start":{"line":367,"column":17},"end":{"line":372,"column":3}},"line":367},"25":{"name":"(anonymous_25)","decl":{"start":{"line":373,"column":2},"end":{"line":373,"column":3}},"loc":{"start":{"line":373,"column":17},"end":{"line":378,"column":3}},"line":373},"26":{"name":"(anonymous_26)","decl":{"start":{"line":379,"column":2},"end":{"line":379,"column":3}},"loc":{"start":{"line":379,"column":19},"end":{"line":384,"column":3}},"line":379},"27":{"name":"(anonymous_27)","decl":{"start":{"line":385,"column":2},"end":{"line":385,"column":3}},"loc":{"start":{"line":385,"column":18},"end":{"line":389,"column":3}},"line":385}},"branchMap":{"0":{"loc":{"start":{"line":106,"column":4},"end":{"line":112,"column":5}},"type":"if","locations":[{"start":{"line":106,"column":4},"end":{"line":112,"column":5}},{"start":{"line":106,"column":4},"end":{"line":112,"column":5}}],"line":106},"1":{"loc":{"start":{"line":113,"column":11},"end":{"line":113,"column":44}},"type":"cond-expr","locations":[{"start":{"line":113,"column":28},"end":{"line":113,"column":34}},{"start":{"line":113,"column":37},"end":{"line":113,"column":44}}],"line":113},"2":{"loc":{"start":{"line":118,"column":4},"end":{"line":139,"column":5}},"type":"if","locations":[{"start":{"line":118,"column":4},"end":{"line":139,"column":5}},{"start":{"line":118,"column":4},"end":{"line":139,"column":5}}],"line":118},"3":{"loc":{"start":{"line":121,"column":6},"end":{"line":132,"column":7}},"type":"if","locations":[{"start":{"line":121,"column":6},"end":{"line":132,"column":7}},{"start":{"line":121,"column":6},"end":{"line":132,"column":7}}],"line":121},"4":{"loc":{"start":{"line":121,"column":10},"end":{"line":121,"column":78}},"type":"binary-expr","locations":[{"start":{"line":121,"column":10},"end":{"line":121,"column":43}},{"start":{"line":121,"column":47},"end":{"line":121,"column":78}}],"line":121},"5":{"loc":{"start":{"line":123,"column":10},"end":{"line":130,"column":11}},"type":"if","locations":[{"start":{"line":123,"column":10},"end":{"line":130,"column":11}},{"start":{"line":123,"column":10},"end":{"line":130,"column":11}}],"line":123},"6":{"loc":{"start":{"line":124,"column":12},"end":{"line":129,"column":13}},"type":"if","locations":[{"start":{"line":124,"column":12},"end":{"line":129,"column":13}},{"start":{"line":124,"column":12},"end":{"line":129,"column":13}}],"line":124},"7":{"loc":{"start":{"line":125,"column":14},"end":{"line":127,"column":38}},"type":"binary-expr","locations":[{"start":{"line":125,"column":15},"end":{"line":125,"column":58}},{"start":{"line":126,"column":16},"end":{"line":126,"column":57}},{"start":{"line":127,"column":14},"end":{"line":127,"column":38}}],"line":125},"8":{"loc":{"start":{"line":145,"column":4},"end":{"line":151,"column":5}},"type":"if","locations":[{"start":{"line":145,"column":4},"end":{"line":151,"column":5}},{"start":{"line":145,"column":4},"end":{"line":151,"column":5}}],"line":145},"9":{"loc":{"start":{"line":157,"column":4},"end":{"line":164,"column":5}},"type":"if","locations":[{"start":{"line":157,"column":4},"end":{"line":164,"column":5}},{"start":{"line":157,"column":4},"end":{"line":164,"column":5}}],"line":157},"10":{"loc":{"start":{"line":195,"column":4},"end":{"line":234,"column":5}},"type":"if","locations":[{"start":{"line":195,"column":4},"end":{"line":234,"column":5}},{"start":{"line":195,"column":4},"end":{"line":234,"column":5}}],"line":195},"11":{"loc":{"start":{"line":196,"column":6},"end":{"line":231,"column":7}},"type":"switch","locations":[{"start":{"line":197,"column":8},"end":{"line":209,"column":16}},{"start":{"line":210,"column":8},"end":{"line":210,"column":28}},{"start":{"line":211,"column":8},"end":{"line":213,"column":16}},{"start":{"line":214,"column":8},"end":{"line":214,"column":32}},{"start":{"line":215,"column":8},"end":{"line":219,"column":16}},{"start":{"line":220,"column":8},"end":{"line":220,"column":34}},{"start":{"line":221,"column":8},"end":{"line":221,"column":35}},{"start":{"line":222,"column":8},"end":{"line":222,"column":37}},{"start":{"line":223,"column":8},"end":{"line":223,"column":31}},{"start":{"line":224,"column":8},"end":{"line":224,"column":30}},{"start":{"line":225,"column":8},"end":{"line":225,"column":35}},{"start":{"line":226,"column":8},"end":{"line":228,"column":16}},{"start":{"line":229,"column":8},"end":{"line":230,"column":26}}],"line":196},"12":{"loc":{"start":{"line":206,"column":5},"end":{"line":208,"column":6}},"type":"if","locations":[{"start":{"line":206,"column":5},"end":{"line":208,"column":6}},{"start":{"line":206,"column":5},"end":{"line":208,"column":6}}],"line":206},"13":{"loc":{"start":{"line":216,"column":10},"end":{"line":218,"column":11}},"type":"if","locations":[{"start":{"line":216,"column":10},"end":{"line":218,"column":11}},{"start":{"line":216,"column":10},"end":{"line":218,"column":11}}],"line":216},"14":{"loc":{"start":{"line":236,"column":23},"end":{"line":236,"column":58}},"type":"cond-expr","locations":[{"start":{"line":236,"column":42},"end":{"line":236,"column":49}},{"start":{"line":236,"column":52},"end":{"line":236,"column":58}}],"line":236},"15":{"loc":{"start":{"line":239,"column":4},"end":{"line":243,"column":5}},"type":"if","locations":[{"start":{"line":239,"column":4},"end":{"line":243,"column":5}},{"start":{"line":239,"column":4},"end":{"line":243,"column":5}}],"line":239},"16":{"loc":{"start":{"line":280,"column":4},"end":{"line":284,"column":5}},"type":"if","locations":[{"start":{"line":280,"column":4},"end":{"line":284,"column":5}},{"start":{"line":280,"column":4},"end":{"line":284,"column":5}}],"line":280},"17":{"loc":{"start":{"line":298,"column":4},"end":{"line":348,"column":5}},"type":"if","locations":[{"start":{"line":298,"column":4},"end":{"line":348,"column":5}},{"start":{"line":298,"column":4},"end":{"line":348,"column":5}}],"line":298},"18":{"loc":{"start":{"line":299,"column":6},"end":{"line":345,"column":7}},"type":"switch","locations":[{"start":{"line":300,"column":8},"end":{"line":310,"column":16}},{"start":{"line":311,"column":8},"end":{"line":316,"column":16}},{"start":{"line":317,"column":8},"end":{"line":317,"column":32}},{"start":{"line":318,"column":8},"end":{"line":322,"column":16}},{"start":{"line":323,"column":8},"end":{"line":323,"column":28}},{"start":{"line":324,"column":8},"end":{"line":326,"column":16}},{"start":{"line":327,"column":8},"end":{"line":327,"column":31}},{"start":{"line":328,"column":8},"end":{"line":328,"column":37}},{"start":{"line":329,"column":8},"end":{"line":329,"column":42}},{"start":{"line":330,"column":8},"end":{"line":330,"column":46}},{"start":{"line":331,"column":8},"end":{"line":331,"column":49}},{"start":{"line":332,"column":8},"end":{"line":332,"column":50}},{"start":{"line":333,"column":8},"end":{"line":333,"column":48}},{"start":{"line":334,"column":8},"end":{"line":334,"column":40}},{"start":{"line":335,"column":8},"end":{"line":335,"column":26}},{"start":{"line":336,"column":8},"end":{"line":336,"column":25}},{"start":{"line":337,"column":8},"end":{"line":337,"column":36}},{"start":{"line":338,"column":8},"end":{"line":338,"column":24}},{"start":{"line":339,"column":8},"end":{"line":339,"column":40}},{"start":{"line":340,"column":8},"end":{"line":342,"column":16}},{"start":{"line":343,"column":8},"end":{"line":344,"column":26}}],"line":299},"19":{"loc":{"start":{"line":307,"column":5},"end":{"line":309,"column":6}},"type":"if","locations":[{"start":{"line":307,"column":5},"end":{"line":309,"column":6}},{"start":{"line":307,"column":5},"end":{"line":309,"column":6}}],"line":307},"20":{"loc":{"start":{"line":313,"column":10},"end":{"line":315,"column":11}},"type":"if","locations":[{"start":{"line":313,"column":10},"end":{"line":315,"column":11}},{"start":{"line":313,"column":10},"end":{"line":315,"column":11}}],"line":313},"21":{"loc":{"start":{"line":319,"column":10},"end":{"line":321,"column":11}},"type":"if","locations":[{"start":{"line":319,"column":10},"end":{"line":321,"column":11}},{"start":{"line":319,"column":10},"end":{"line":321,"column":11}}],"line":319},"22":{"loc":{"start":{"line":350,"column":23},"end":{"line":350,"column":58}},"type":"cond-expr","locations":[{"start":{"line":350,"column":42},"end":{"line":350,"column":49}},{"start":{"line":350,"column":52},"end":{"line":350,"column":58}}],"line":350},"23":{"loc":{"start":{"line":353,"column":4},"end":{"line":357,"column":5}},"type":"if","locations":[{"start":{"line":353,"column":4},"end":{"line":357,"column":5}},{"start":{"line":353,"column":4},"end":{"line":357,"column":5}}],"line":353}},"s":{"0":0,"1":0,"2":0,"3":0,"4":0,"5":0,"6":0,"7":0,"8":0,"9":0,"10":0,"11":0,"12":0,"13":0,"14":0,"15":0,"16":0,"17":0,"18":0,"19":0,"20":0,"21":0,"22":0,"23":0,"24":0,"25":0,"26":0,"27":0,"28":0,"29":0,"30":0,"31":0,"32":0,"33":0,"34":0,"35":0,"36":0,"37":0,"38":0,"39":0,"40":0,"41":0,"42":0,"43":0,"44":0,"45":0,"46":0,"47":0,"48":0,"49":0,"50":0,"51":0,"52":0,"53":0,"54":0,"55":0,"56":0,"57":0,"58":0,"59":0,"60":0,"61":0,"62":0,"63":0,"64":0,"65":0,"66":0,"67":0,"68":0,"69":0,"70":0,"71":0,"72":0,"73":0,"74":0,"75":0,"76":0,"77":0,"78":0,"79":0,"80":0,"81":0,"82":0,"83":0,"84":0,"85":0,"86":0,"87":0,"88":0,"89":0,"90":0,"91":0,"92":0,"93":0,"94":0,"95":0,"96":0,"97":0,"98":0,"99":0,"100":0,"101":0,"102":0,"103":0,"104":0,"105":0,"106":0,"107":0,"108":0,"109":0,"110":0,"111":0,"112":0,"113":0,"114":0,"115":0,"116":0,"117":0,"118":0,"119":0,"120":0,"121":0,"122":0,"123":0,"124":0,"125":0,"126":0,"127":0,"128":0,"129":0,"130":0,"131":0,"132":0,"133":0,"134":0,"135":0,"136":0,"137":0,"138":0,"139":0,"140":0,"141":0,"142":0,"143":0,"144":0,"145":0,"146":0,"147":0,"148":0,"149":0,"150":0,"151":0,"152":0,"153":0,"154":0,"155":0,"156":0,"157":0,"158":0,"159":0},"f":{"0":0,"1":0,"2":0,"3":0,"4":0,"5":0,"6":0,"7":0,"8":0,"9":0,"10":0,"11":0,"12":0,"13":0,"14":0,"15":0,"16":0,"17":0,"18":0,"19":0,"20":0,"21":0,"22":0,"23":0,"24":0,"25":0,"26":0,"27":0},"b":{"0":[0,0],"1":[0,0],"2":[0,0],"3":[0,0],"4":[0,0],"5":[0,0],"6":[0,0],"7":[0,0,0],"8":[0,0],"9":[0,0],"10":[0,0],"11":[0,0,0,0,0,0,0,0,0,0,0,0,0],"12":[0,0],"13":[0,0],"14":[0,0],"15":[0,0],"16":[0,0],"17":[0,0],"18":[0,0,0,0,0,0,0,0,0,0,0,0,0,0,0,0,0,0,0,0,0],"19":[0,0],"20":[0,0],"21":[0,0],"22":[0,0],"23":[0,0]},"hash":"7a5ed4930eadb8a4ce2f4b1fe337fecd6679efc7"}
,"/www/sites/leo/leo-19-036-visa-game-react/src/index.js": {"path":"/www/sites/leo/leo-19-036-visa-game-react/src/index.js","statementMap":{"0":{"start":{"line":1,"column":0},"end":{"line":1,"column":23}}},"fnMap":{},"branchMap":{},"s":{"0":0},"f":{},"b":{},"hash":"315ece2d23a197ddf3c39e5a85c9529e6b369b1f"}
,"/www/sites/leo/leo-19-036-visa-game-react/src/index.jsx": {"path":"/www/sites/leo/leo-19-036-visa-game-react/src/index.jsx","statementMap":{},"fnMap":{},"branchMap":{"0":{"loc":{"start":{"line":15,"column":2},"end":{"line":15,"column":66}},"type":"binary-expr","locations":[{"start":{"line":15,"column":2},"end":{"line":15,"column":33}},{"start":{"line":15,"column":37},"end":{"line":15,"column":66}}],"line":15}},"s":{},"f":{},"b":{"0":[0,0]},"hash":"7465caf6089b6fd1ebc4188c54faa380c7f66882"}
,"/www/sites/leo/leo-19-036-visa-game-react/src/store.js": {"path":"/www/sites/leo/leo-19-036-visa-game-react/src/store.js","statementMap":{"0":{"start":{"line":14,"column":23},"end":{"line":16,"column":2}},"1":{"start":{"line":18,"column":17},"end":{"line":18,"column":58}},"2":{"start":{"line":19,"column":21},"end":{"line":19,"column":72}},"3":{"start":{"line":21,"column":15},"end":{"line":21,"column":31}},"4":{"start":{"line":23,"column":25},"end":{"line":23,"column":79}},"5":{"start":{"line":24,"column":18},"end":{"line":29,"column":2}},"6":{"start":{"line":31,"column":23},"end":{"line":33,"column":1}},"7":{"start":{"line":32,"column":2},"end":{"line":32,"column":57}},"8":{"start":{"line":36,"column":14},"end":{"line":36,"column":32}},"9":{"start":{"line":39,"column":0},"end":{"line":39,"column":32}},"10":{"start":{"line":40,"column":0},"end":{"line":40,"column":47}},"11":{"start":{"line":41,"column":0},"end":{"line":41,"column":36}}},"fnMap":{"0":{"name":"(anonymous_0)","decl":{"start":{"line":31,"column":23},"end":{"line":31,"column":24}},"loc":{"start":{"line":32,"column":2},"end":{"line":32,"column":57}},"line":32}},"branchMap":{"0":{"loc":{"start":{"line":18,"column":17},"end":{"line":18,"column":58}},"type":"binary-expr","locations":[{"start":{"line":18,"column":17},"end":{"line":18,"column":47}},{"start":{"line":18,"column":51},"end":{"line":18,"column":58}}],"line":18},"1":{"loc":{"start":{"line":23,"column":25},"end":{"line":23,"column":79}},"type":"binary-expr","locations":[{"start":{"line":23,"column":25},"end":{"line":23,"column":68}},{"start":{"line":23,"column":72},"end":{"line":23,"column":79}}],"line":23}},"s":{"0":0,"1":0,"2":0,"3":0,"4":0,"5":0,"6":0,"7":0,"8":0,"9":0,"10":0,"11":0},"f":{"0":0},"b":{"0":[0,0],"1":[0,0]},"hash":"2bddf0ab839ce46564b7eaba6510022dba2264e1"}
,"/www/sites/leo/leo-19-036-visa-game-react/src/actions/achievementTypes.js": {"path":"/www/sites/leo/leo-19-036-visa-game-react/src/actions/achievementTypes.js","statementMap":{"0":{"start":{"line":1,"column":41},"end":{"line":1,"column":68}},"1":{"start":{"line":2,"column":36},"end":{"line":2,"column":58}},"2":{"start":{"line":4,"column":43},"end":{"line":4,"column":72}},"3":{"start":{"line":5,"column":44},"end":{"line":5,"column":74}},"4":{"start":{"line":6,"column":42},"end":{"line":6,"column":70}},"5":{"start":{"line":7,"column":44},"end":{"line":7,"column":74}},"6":{"start":{"line":8,"column":41},"end":{"line":8,"column":68}},"7":{"start":{"line":10,"column":41},"end":{"line":10,"column":68}},"8":{"start":{"line":11,"column":34},"end":{"line":11,"column":54}}},"fnMap":{},"branchMap":{},"s":{"0":43,"1":43,"2":43,"3":43,"4":43,"5":43,"6":43,"7":43,"8":43},"f":{},"b":{},"_coverageSchema":"43e27e138ebf9cfc5966b082cf9a028302ed4184","hash":"94ce9feb70574d00599b37db10a9cafc3e77895a"}
,"/www/sites/leo/leo-19-036-visa-game-react/src/actions/achievements.js": {"path":"/www/sites/leo/leo-19-036-visa-game-react/src/actions/achievements.js","statementMap":{"0":{"start":{"line":4,"column":2},"end":{"line":7,"column":4}},"1":{"start":{"line":11,"column":2},"end":{"line":15,"column":4}},"2":{"start":{"line":19,"column":2},"end":{"line":21,"column":4}},"3":{"start":{"line":25,"column":2},"end":{"line":27,"column":4}},"4":{"start":{"line":31,"column":2},"end":{"line":33,"column":4}},"5":{"start":{"line":37,"column":2},"end":{"line":39,"column":4}},"6":{"start":{"line":43,"column":2},"end":{"line":45,"column":4}},"7":{"start":{"line":49,"column":2},"end":{"line":51,"column":4}},"8":{"start":{"line":55,"column":2},"end":{"line":57,"column":4}}},"fnMap":{"0":{"name":"setCompletedAchievement","decl":{"start":{"line":3,"column":16},"end":{"line":3,"column":39}},"loc":{"start":{"line":3,"column":53},"end":{"line":8,"column":1}},"line":3},"1":{"name":"restoreAchievements","decl":{"start":{"line":10,"column":16},"end":{"line":10,"column":35}},"loc":{"start":{"line":10,"column":62},"end":{"line":16,"column":1}},"line":10},"2":{"name":"updateProductAchievements","decl":{"start":{"line":18,"column":16},"end":{"line":18,"column":41}},"loc":{"start":{"line":18,"column":44},"end":{"line":22,"column":1}},"line":18},"3":{"name":"updateProposalAchievements","decl":{"start":{"line":24,"column":16},"end":{"line":24,"column":42}},"loc":{"start":{"line":24,"column":45},"end":{"line":28,"column":1}},"line":24},"4":{"name":"updateScoredAchievements","decl":{"start":{"line":30,"column":16},"end":{"line":30,"column":40}},"loc":{"start":{"line":30,"column":43},"end":{"line":34,"column":1}},"line":30},"5":{"name":"updateSettingsAchievements","decl":{"start":{"line":36,"column":16},"end":{"line":36,"column":42}},"loc":{"start":{"line":36,"column":45},"end":{"line":40,"column":1}},"line":36},"6":{"name":"updateTimedAchievements","decl":{"start":{"line":42,"column":16},"end":{"line":42,"column":39}},"loc":{"start":{"line":42,"column":42},"end":{"line":46,"column":1}},"line":42},"7":{"name":"resetChangedAchievement","decl":{"start":{"line":48,"column":16},"end":{"line":48,"column":39}},"loc":{"start":{"line":48,"column":42},"end":{"line":52,"column":1}},"line":48},"8":{"name":"resetAchievements","decl":{"start":{"line":54,"column":16},"end":{"line":54,"column":33}},"loc":{"start":{"line":54,"column":36},"end":{"line":58,"column":1}},"line":54}},"branchMap":{},"s":{"0":2,"1":1,"2":1,"3":1,"4":1,"5":2,"6":1,"7":1,"8":1},"f":{"0":2,"1":1,"2":1,"3":1,"4":1,"5":2,"6":1,"7":1,"8":1},"b":{},"_coverageSchema":"43e27e138ebf9cfc5966b082cf9a028302ed4184","hash":"3e2a6849d4acf57f73b4fcc6211a1bfe24543c7a"}
,"/www/sites/leo/leo-19-036-visa-game-react/src/actions/audio.js": {"path":"/www/sites/leo/leo-19-036-visa-game-react/src/actions/audio.js","statementMap":{"0":{"start":{"line":3,"column":24},"end":{"line":6,"column":2}},"1":{"start":{"line":3,"column":36},"end":{"line":6,"column":1}},"2":{"start":{"line":8,"column":28},"end":{"line":11,"column":2}},"3":{"start":{"line":8,"column":40},"end":{"line":11,"column":1}},"4":{"start":{"line":13,"column":25},"end":{"line":15,"column":2}},"5":{"start":{"line":13,"column":32},"end":{"line":15,"column":1}},"6":{"start":{"line":17,"column":26},"end":{"line":19,"column":2}},"7":{"start":{"line":17,"column":33},"end":{"line":19,"column":1}},"8":{"start":{"line":21,"column":25},"end":{"line":23,"column":2}},"9":{"start":{"line":21,"column":32},"end":{"line":23,"column":1}}},"fnMap":{"0":{"name":"(anonymous_0)","decl":{"start":{"line":3,"column":24},"end":{"line":3,"column":25}},"loc":{"start":{"line":3,"column":36},"end":{"line":6,"column":1}},"line":3},"1":{"name":"(anonymous_1)","decl":{"start":{"line":8,"column":28},"end":{"line":8,"column":29}},"loc":{"start":{"line":8,"column":40},"end":{"line":11,"column":1}},"line":8},"2":{"name":"(anonymous_2)","decl":{"start":{"line":13,"column":25},"end":{"line":13,"column":26}},"loc":{"start":{"line":13,"column":32},"end":{"line":15,"column":1}},"line":13},"3":{"name":"(anonymous_3)","decl":{"start":{"line":17,"column":26},"end":{"line":17,"column":27}},"loc":{"start":{"line":17,"column":33},"end":{"line":19,"column":1}},"line":17},"4":{"name":"(anonymous_4)","decl":{"start":{"line":21,"column":25},"end":{"line":21,"column":26}},"loc":{"start":{"line":21,"column":32},"end":{"line":23,"column":1}},"line":21}},"branchMap":{},"s":{"0":40,"1":1,"2":40,"3":1,"4":40,"5":2,"6":40,"7":1,"8":40,"9":1},"f":{"0":1,"1":1,"2":2,"3":1,"4":1},"b":{},"_coverageSchema":"43e27e138ebf9cfc5966b082cf9a028302ed4184","hash":"bd1ff9c91df2240b597ba5039ef8256db72b7caf"}
,"/www/sites/leo/leo-19-036-visa-game-react/src/actions/audioTypes.js": {"path":"/www/sites/leo/leo-19-036-visa-game-react/src/actions/audioTypes.js","statementMap":{"0":{"start":{"line":1,"column":25},"end":{"line":1,"column":36}},"1":{"start":{"line":2,"column":30},"end":{"line":2,"column":46}},"2":{"start":{"line":3,"column":26},"end":{"line":3,"column":38}},"3":{"start":{"line":4,"column":27},"end":{"line":4,"column":40}},"4":{"start":{"line":5,"column":26},"end":{"line":5,"column":38}}},"fnMap":{},"branchMap":{},"s":{"0":42,"1":42,"2":42,"3":42,"4":42},"f":{},"b":{},"_coverageSchema":"43e27e138ebf9cfc5966b082cf9a028302ed4184","hash":"2affea36ff4c452c78d424e5c35c878c68ae4d43"}
,"/www/sites/leo/leo-19-036-visa-game-react/src/actions/client.js": {"path":"/www/sites/leo/leo-19-036-visa-game-react/src/actions/client.js","statementMap":{"0":{"start":{"line":3,"column":37},"end":{"line":6,"column":2}},"1":{"start":{"line":3,"column":60},"end":{"line":6,"column":1}},"2":{"start":{"line":8,"column":32},"end":{"line":11,"column":2}},"3":{"start":{"line":8,"column":50},"end":{"line":11,"column":1}},"4":{"start":{"line":13,"column":29},"end":{"line":16,"column":2}},"5":{"start":{"line":13,"column":41},"end":{"line":16,"column":1}},"6":{"start":{"line":18,"column":31},"end":{"line":22,"column":2}},"7":{"start":{"line":18,"column":52},"end":{"line":22,"column":1}},"8":{"start":{"line":24,"column":43},"end":{"line":27,"column":2}},"9":{"start":{"line":24,"column":54},"end":{"line":27,"column":1}},"10":{"start":{"line":29,"column":41},"end":{"line":32,"column":2}},"11":{"start":{"line":29,"column":52},"end":{"line":32,"column":1}},"12":{"start":{"line":34,"column":40},"end":{"line":37,"column":2}},"13":{"start":{"line":34,"column":51},"end":{"line":37,"column":1}},"14":{"start":{"line":39,"column":42},"end":{"line":41,"column":2}},"15":{"start":{"line":39,"column":49},"end":{"line":41,"column":1}},"16":{"start":{"line":43,"column":39},"end":{"line":45,"column":2}},"17":{"start":{"line":43,"column":46},"end":{"line":45,"column":1}},"18":{"start":{"line":47,"column":38},"end":{"line":50,"column":2}},"19":{"start":{"line":47,"column":50},"end":{"line":50,"column":1}},"20":{"start":{"line":52,"column":31},"end":{"line":57,"column":2}},"21":{"start":{"line":52,"column":61},"end":{"line":57,"column":1}},"22":{"start":{"line":59,"column":28},"end":{"line":62,"column":2}},"23":{"start":{"line":59,"column":39},"end":{"line":62,"column":1}},"24":{"start":{"line":64,"column":37},"end":{"line":68,"column":2}},"25":{"start":{"line":64,"column":59},"end":{"line":68,"column":1}},"26":{"start":{"line":70,"column":35},"end":{"line":73,"column":2}},"27":{"start":{"line":70,"column":47},"end":{"line":73,"column":1}},"28":{"start":{"line":75,"column":38},"end":{"line":78,"column":2}},"29":{"start":{"line":75,"column":49},"end":{"line":78,"column":1}},"30":{"start":{"line":80,"column":39},"end":{"line":82,"column":2}},"31":{"start":{"line":80,"column":46},"end":{"line":82,"column":1}},"32":{"start":{"line":84,"column":36},"end":{"line":86,"column":2}},"33":{"start":{"line":84,"column":43},"end":{"line":86,"column":1}},"34":{"start":{"line":88,"column":40},"end":{"line":91,"column":2}},"35":{"start":{"line":88,"column":51},"end":{"line":91,"column":1}}},"fnMap":{"0":{"name":"(anonymous_0)","decl":{"start":{"line":3,"column":37},"end":{"line":3,"column":38}},"loc":{"start":{"line":3,"column":60},"end":{"line":6,"column":1}},"line":3},"1":{"name":"(anonymous_1)","decl":{"start":{"line":8,"column":32},"end":{"line":8,"column":33}},"loc":{"start":{"line":8,"column":50},"end":{"line":11,"column":1}},"line":8},"2":{"name":"(anonymous_2)","decl":{"start":{"line":13,"column":29},"end":{"line":13,"column":30}},"loc":{"start":{"line":13,"column":41},"end":{"line":16,"column":1}},"line":13},"3":{"name":"(anonymous_3)","decl":{"start":{"line":18,"column":31},"end":{"line":18,"column":32}},"loc":{"start":{"line":18,"column":52},"end":{"line":22,"column":1}},"line":18},"4":{"name":"(anonymous_4)","decl":{"start":{"line":24,"column":43},"end":{"line":24,"column":44}},"loc":{"start":{"line":24,"column":54},"end":{"line":27,"column":1}},"line":24},"5":{"name":"(anonymous_5)","decl":{"start":{"line":29,"column":41},"end":{"line":29,"column":42}},"loc":{"start":{"line":29,"column":52},"end":{"line":32,"column":1}},"line":29},"6":{"name":"(anonymous_6)","decl":{"start":{"line":34,"column":40},"end":{"line":34,"column":41}},"loc":{"start":{"line":34,"column":51},"end":{"line":37,"column":1}},"line":34},"7":{"name":"(anonymous_7)","decl":{"start":{"line":39,"column":42},"end":{"line":39,"column":43}},"loc":{"start":{"line":39,"column":49},"end":{"line":41,"column":1}},"line":39},"8":{"name":"(anonymous_8)","decl":{"start":{"line":43,"column":39},"end":{"line":43,"column":40}},"loc":{"start":{"line":43,"column":46},"end":{"line":45,"column":1}},"line":43},"9":{"name":"(anonymous_9)","decl":{"start":{"line":47,"column":38},"end":{"line":47,"column":39}},"loc":{"start":{"line":47,"column":50},"end":{"line":50,"column":1}},"line":47},"10":{"name":"(anonymous_10)","decl":{"start":{"line":52,"column":31},"end":{"line":52,"column":32}},"loc":{"start":{"line":52,"column":61},"end":{"line":57,"column":1}},"line":52},"11":{"name":"(anonymous_11)","decl":{"start":{"line":59,"column":28},"end":{"line":59,"column":29}},"loc":{"start":{"line":59,"column":39},"end":{"line":62,"column":1}},"line":59},"12":{"name":"(anonymous_12)","decl":{"start":{"line":64,"column":37},"end":{"line":64,"column":38}},"loc":{"start":{"line":64,"column":59},"end":{"line":68,"column":1}},"line":64},"13":{"name":"(anonymous_13)","decl":{"start":{"line":70,"column":35},"end":{"line":70,"column":36}},"loc":{"start":{"line":70,"column":47},"end":{"line":73,"column":1}},"line":70},"14":{"name":"(anonymous_14)","decl":{"start":{"line":75,"column":38},"end":{"line":75,"column":39}},"loc":{"start":{"line":75,"column":49},"end":{"line":78,"column":1}},"line":75},"15":{"name":"(anonymous_15)","decl":{"start":{"line":80,"column":39},"end":{"line":80,"column":40}},"loc":{"start":{"line":80,"column":46},"end":{"line":82,"column":1}},"line":80},"16":{"name":"(anonymous_16)","decl":{"start":{"line":84,"column":36},"end":{"line":84,"column":37}},"loc":{"start":{"line":84,"column":43},"end":{"line":86,"column":1}},"line":84},"17":{"name":"(anonymous_17)","decl":{"start":{"line":88,"column":40},"end":{"line":88,"column":41}},"loc":{"start":{"line":88,"column":51},"end":{"line":91,"column":1}},"line":88}},"branchMap":{},"s":{"0":40,"1":1,"2":40,"3":1,"4":40,"5":1,"6":40,"7":3,"8":40,"9":1,"10":40,"11":1,"12":40,"13":1,"14":40,"15":1,"16":40,"17":2,"18":40,"19":2,"20":40,"21":1,"22":40,"23":1,"24":40,"25":1,"26":40,"27":2,"28":40,"29":1,"30":40,"31":1,"32":40,"33":1,"34":40,"35":1},"f":{"0":1,"1":1,"2":1,"3":3,"4":1,"5":1,"6":1,"7":1,"8":2,"9":2,"10":1,"11":1,"12":1,"13":2,"14":1,"15":1,"16":1,"17":1},"b":{},"_coverageSchema":"43e27e138ebf9cfc5966b082cf9a028302ed4184","hash":"a8424b321716d64bf8b7f2b1302447c0feda414d"}
,"/www/sites/leo/leo-19-036-visa-game-react/src/actions/clientTypes.js": {"path":"/www/sites/leo/leo-19-036-visa-game-react/src/actions/clientTypes.js","statementMap":{"0":{"start":{"line":1,"column":40},"end":{"line":1,"column":66}},"1":{"start":{"line":2,"column":34},"end":{"line":2,"column":54}},"2":{"start":{"line":3,"column":31},"end":{"line":3,"column":48}},"3":{"start":{"line":4,"column":33},"end":{"line":4,"column":52}},"4":{"start":{"line":5,"column":40},"end":{"line":5,"column":66}},"5":{"start":{"line":7,"column":45},"end":{"line":7,"column":76}},"6":{"start":{"line":8,"column":43},"end":{"line":8,"column":72}},"7":{"start":{"line":9,"column":42},"end":{"line":9,"column":70}},"8":{"start":{"line":10,"column":40},"end":{"line":10,"column":66}},"9":{"start":{"line":11,"column":44},"end":{"line":11,"column":74}},"10":{"start":{"line":12,"column":41},"end":{"line":12,"column":68}},"11":{"start":{"line":14,"column":33},"end":{"line":14,"column":52}},"12":{"start":{"line":15,"column":29},"end":{"line":15,"column":44}},"13":{"start":{"line":17,"column":41},"end":{"line":17,"column":68}},"14":{"start":{"line":18,"column":38},"end":{"line":18,"column":62}},"15":{"start":{"line":19,"column":37},"end":{"line":19,"column":60}},"16":{"start":{"line":20,"column":40},"end":{"line":20,"column":66}},"17":{"start":{"line":21,"column":42},"end":{"line":21,"column":70}},"18":{"start":{"line":22,"column":41},"end":{"line":22,"column":68}}},"fnMap":{},"branchMap":{},"s":{"0":43,"1":43,"2":43,"3":43,"4":43,"5":43,"6":43,"7":43,"8":43,"9":43,"10":43,"11":43,"12":43,"13":43,"14":43,"15":43,"16":43,"17":43,"18":43},"f":{},"b":{},"_coverageSchema":"43e27e138ebf9cfc5966b082cf9a028302ed4184","hash":"ffe21de4dede826aaf00552963d20aaa617fb01c"}
,"/www/sites/leo/leo-19-036-visa-game-react/src/actions/diagnostic.js": {"path":"/www/sites/leo/leo-19-036-visa-game-react/src/actions/diagnostic.js","statementMap":{"0":{"start":{"line":4,"column":2},"end":{"line":7,"column":4}},"1":{"start":{"line":11,"column":2},"end":{"line":13,"column":4}},"2":{"start":{"line":17,"column":2},"end":{"line":20,"column":4}},"3":{"start":{"line":24,"column":2},"end":{"line":26,"column":4}},"4":{"start":{"line":30,"column":2},"end":{"line":33,"column":4}}},"fnMap":{"0":{"name":"setDiagnosticCompletion","decl":{"start":{"line":3,"column":16},"end":{"line":3,"column":39}},"loc":{"start":{"line":3,"column":51},"end":{"line":8,"column":1}},"line":3},"1":{"name":"setDiagnosticVisited","decl":{"start":{"line":10,"column":16},"end":{"line":10,"column":36}},"loc":{"start":{"line":10,"column":39},"end":{"line":14,"column":1}},"line":10},"2":{"name":"setRegion","decl":{"start":{"line":16,"column":16},"end":{"line":16,"column":25}},"loc":{"start":{"line":16,"column":34},"end":{"line":21,"column":1}},"line":16},"3":{"name":"resetDiagnostic","decl":{"start":{"line":23,"column":16},"end":{"line":23,"column":31}},"loc":{"start":{"line":23,"column":34},"end":{"line":27,"column":1}},"line":23},"4":{"name":"setDiagnosticData","decl":{"start":{"line":29,"column":16},"end":{"line":29,"column":33}},"loc":{"start":{"line":29,"column":40},"end":{"line":34,"column":1}},"line":29}},"branchMap":{},"s":{"0":1,"1":1,"2":1,"3":1,"4":1},"f":{"0":1,"1":1,"2":1,"3":1,"4":1},"b":{},"_coverageSchema":"43e27e138ebf9cfc5966b082cf9a028302ed4184","hash":"e5753cd7501fd5a092699e9d58fc8cbacbb8f4fd"}
,"/www/sites/leo/leo-19-036-visa-game-react/src/actions/diagnosticTypes.js": {"path":"/www/sites/leo/leo-19-036-visa-game-react/src/actions/diagnosticTypes.js","statementMap":{"0":{"start":{"line":1,"column":41},"end":{"line":1,"column":68}},"1":{"start":{"line":2,"column":38},"end":{"line":2,"column":62}},"2":{"start":{"line":3,"column":26},"end":{"line":3,"column":38}},"3":{"start":{"line":4,"column":32},"end":{"line":4,"column":50}},"4":{"start":{"line":5,"column":35},"end":{"line":5,"column":56}}},"fnMap":{},"branchMap":{},"s":{"0":40,"1":40,"2":40,"3":40,"4":40},"f":{},"b":{},"_coverageSchema":"43e27e138ebf9cfc5966b082cf9a028302ed4184","hash":"61020b301e5f99971881b2fb0c498ec8e89a4ef3"}
,"/www/sites/leo/leo-19-036-visa-game-react/src/actions/generic.js": {"path":"/www/sites/leo/leo-19-036-visa-game-react/src/actions/generic.js","statementMap":{"0":{"start":{"line":4,"column":2},"end":{"line":7,"column":4}},"1":{"start":{"line":11,"column":2},"end":{"line":13,"column":4}},"2":{"start":{"line":17,"column":2},"end":{"line":20,"column":4}},"3":{"start":{"line":24,"column":2},"end":{"line":27,"column":4}},"4":{"start":{"line":31,"column":2},"end":{"line":33,"column":4}},"5":{"start":{"line":37,"column":2},"end":{"line":40,"column":4}},"6":{"start":{"line":44,"column":2},"end":{"line":47,"column":4}},"7":{"start":{"line":51,"column":2},"end":{"line":54,"column":4}},"8":{"start":{"line":58,"column":2},"end":{"line":60,"column":4}},"9":{"start":{"line":64,"column":2},"end":{"line":66,"column":4}},"10":{"start":{"line":69,"column":34},"end":{"line":71,"column":2}},"11":{"start":{"line":69,"column":41},"end":{"line":71,"column":1}},"12":{"start":{"line":73,"column":35},"end":{"line":75,"column":2}},"13":{"start":{"line":73,"column":42},"end":{"line":75,"column":1}},"14":{"start":{"line":77,"column":36},"end":{"line":79,"column":2}},"15":{"start":{"line":77,"column":43},"end":{"line":79,"column":1}}},"fnMap":{"0":{"name":"changeScreen","decl":{"start":{"line":3,"column":16},"end":{"line":3,"column":28}},"loc":{"start":{"line":3,"column":37},"end":{"line":8,"column":1}},"line":3},"1":{"name":"resetScreen","decl":{"start":{"line":10,"column":16},"end":{"line":10,"column":27}},"loc":{"start":{"line":10,"column":30},"end":{"line":14,"column":1}},"line":10},"2":{"name":"suspendDataParsed","decl":{"start":{"line":16,"column":16},"end":{"line":16,"column":33}},"loc":{"start":{"line":16,"column":45},"end":{"line":21,"column":1}},"line":16},"3":{"name":"setGenericData","decl":{"start":{"line":23,"column":16},"end":{"line":23,"column":30}},"loc":{"start":{"line":23,"column":37},"end":{"line":28,"column":1}},"line":23},"4":{"name":"updateLaunched","decl":{"start":{"line":30,"column":16},"end":{"line":30,"column":30}},"loc":{"start":{"line":30,"column":33},"end":{"line":34,"column":1}},"line":30},"5":{"name":"setScreenReferrer","decl":{"start":{"line":36,"column":16},"end":{"line":36,"column":33}},"loc":{"start":{"line":36,"column":50},"end":{"line":41,"column":1}},"line":36},"6":{"name":"setPopupReferrer","decl":{"start":{"line":43,"column":16},"end":{"line":43,"column":32}},"loc":{"start":{"line":43,"column":48},"end":{"line":48,"column":1}},"line":43},"7":{"name":"setProductPageInactive","decl":{"start":{"line":50,"column":16},"end":{"line":50,"column":38}},"loc":{"start":{"line":50,"column":60},"end":{"line":55,"column":1}},"line":50},"8":{"name":"toggleSettingsBtnState","decl":{"start":{"line":57,"column":16},"end":{"line":57,"column":38}},"loc":{"start":{"line":57,"column":41},"end":{"line":61,"column":1}},"line":57},"9":{"name":"disableFeedback","decl":{"start":{"line":63,"column":16},"end":{"line":63,"column":31}},"loc":{"start":{"line":63,"column":34},"end":{"line":67,"column":1}},"line":63},"10":{"name":"(anonymous_10)","decl":{"start":{"line":69,"column":34},"end":{"line":69,"column":35}},"loc":{"start":{"line":69,"column":41},"end":{"line":71,"column":1}},"line":69},"11":{"name":"(anonymous_11)","decl":{"start":{"line":73,"column":35},"end":{"line":73,"column":36}},"loc":{"start":{"line":73,"column":42},"end":{"line":75,"column":1}},"line":73},"12":{"name":"(anonymous_12)","decl":{"start":{"line":77,"column":36},"end":{"line":77,"column":37}},"loc":{"start":{"line":77,"column":43},"end":{"line":79,"column":1}},"line":77}},"branchMap":{},"s":{"0":2,"1":1,"2":1,"3":1,"4":1,"5":1,"6":1,"7":1,"8":1,"9":1,"10":38,"11":1,"12":38,"13":1,"14":38,"15":1},"f":{"0":2,"1":1,"2":1,"3":1,"4":1,"5":1,"6":1,"7":1,"8":1,"9":1,"10":1,"11":1,"12":1},"b":{},"_coverageSchema":"43e27e138ebf9cfc5966b082cf9a028302ed4184","hash":"f1f5c396ae393c5132025d42a2267b1cf501682a"}
,"/www/sites/leo/leo-19-036-visa-game-react/src/actions/genericTypes.js": {"path":"/www/sites/leo/leo-19-036-visa-game-react/src/actions/genericTypes.js","statementMap":{"0":{"start":{"line":1,"column":29},"end":{"line":1,"column":44}},"1":{"start":{"line":2,"column":28},"end":{"line":2,"column":42}},"2":{"start":{"line":3,"column":35},"end":{"line":3,"column":56}},"3":{"start":{"line":4,"column":32},"end":{"line":4,"column":50}},"4":{"start":{"line":5,"column":31},"end":{"line":5,"column":48}},"5":{"start":{"line":6,"column":35},"end":{"line":6,"column":56}},"6":{"start":{"line":7,"column":34},"end":{"line":7,"column":54}},"7":{"start":{"line":8,"column":41},"end":{"line":8,"column":68}},"8":{"start":{"line":9,"column":41},"end":{"line":9,"column":68}},"9":{"start":{"line":10,"column":32},"end":{"line":10,"column":50}},"10":{"start":{"line":11,"column":37},"end":{"line":11,"column":60}},"11":{"start":{"line":12,"column":38},"end":{"line":12,"column":62}},"12":{"start":{"line":13,"column":39},"end":{"line":13,"column":64}}},"fnMap":{},"branchMap":{},"s":{"0":42,"1":42,"2":42,"3":42,"4":42,"5":42,"6":42,"7":42,"8":42,"9":42,"10":42,"11":42,"12":42},"f":{},"b":{},"_coverageSchema":"43e27e138ebf9cfc5966b082cf9a028302ed4184","hash":"b887f6eb4ac7c395221a2088b159cd5dfd6da23a"}
,"/www/sites/leo/leo-19-036-visa-game-react/src/actions/hints.js": {"path":"/www/sites/leo/leo-19-036-visa-game-react/src/actions/hints.js","statementMap":{"0":{"start":{"line":4,"column":2},"end":{"line":7,"column":4}},"1":{"start":{"line":11,"column":2},"end":{"line":14,"column":4}},"2":{"start":{"line":18,"column":2},"end":{"line":21,"column":4}}},"fnMap":{"0":{"name":"setCurrentHintGroup","decl":{"start":{"line":3,"column":16},"end":{"line":3,"column":35}},"loc":{"start":{"line":3,"column":43},"end":{"line":8,"column":1}},"line":3},"1":{"name":"setHintGroupIndex","decl":{"start":{"line":10,"column":16},"end":{"line":10,"column":33}},"loc":{"start":{"line":10,"column":41},"end":{"line":15,"column":1}},"line":10},"2":{"name":"setHintsPaused","decl":{"start":{"line":17,"column":16},"end":{"line":17,"column":30}},"loc":{"start":{"line":17,"column":39},"end":{"line":22,"column":1}},"line":17}},"branchMap":{},"s":{"0":3,"1":2,"2":7},"f":{"0":3,"1":2,"2":7},"b":{},"_coverageSchema":"43e27e138ebf9cfc5966b082cf9a028302ed4184","hash":"4a40279c671d663437a3cd82280c403118dae171"}
,"/www/sites/leo/leo-19-036-visa-game-react/src/actions/hintsTypes.js": {"path":"/www/sites/leo/leo-19-036-visa-game-react/src/actions/hintsTypes.js","statementMap":{"0":{"start":{"line":1,"column":38},"end":{"line":1,"column":62}},"1":{"start":{"line":2,"column":36},"end":{"line":2,"column":58}},"2":{"start":{"line":3,"column":32},"end":{"line":3,"column":50}}},"fnMap":{},"branchMap":{},"s":{"0":40,"1":40,"2":40},"f":{},"b":{},"_coverageSchema":"43e27e138ebf9cfc5966b082cf9a028302ed4184","hash":"4b2a863158038d115451bd12e07570857636c8e7"}
,"/www/sites/leo/leo-19-036-visa-game-react/src/actions/index.js": {"path":"/www/sites/leo/leo-19-036-visa-game-react/src/actions/index.js","statementMap":{"0":{"start":{"line":16,"column":23},"end":{"line":32,"column":1}}},"fnMap":{},"branchMap":{},"s":{"0":37},"f":{},"b":{},"_coverageSchema":"43e27e138ebf9cfc5966b082cf9a028302ed4184","hash":"11e270c98f0b99a35cd4102ea0e2b2e94fca4999"}
,"/www/sites/leo/leo-19-036-visa-game-react/src/actions/map.js": {"path":"/www/sites/leo/leo-19-036-visa-game-react/src/actions/map.js","statementMap":{"0":{"start":{"line":4,"column":2},"end":{"line":7,"column":4}},"1":{"start":{"line":11,"column":2},"end":{"line":14,"column":4}},"2":{"start":{"line":18,"column":2},"end":{"line":21,"column":4}},"3":{"start":{"line":25,"column":2},"end":{"line":30,"column":4}},"4":{"start":{"line":34,"column":2},"end":{"line":38,"column":4}},"5":{"start":{"line":42,"column":2},"end":{"line":45,"column":4}},"6":{"start":{"line":49,"column":2},"end":{"line":52,"column":4}},"7":{"start":{"line":56,"column":2},"end":{"line":58,"column":4}},"8":{"start":{"line":62,"column":2},"end":{"line":67,"column":4}},"9":{"start":{"line":71,"column":2},"end":{"line":74,"column":4}},"10":{"start":{"line":78,"column":2},"end":{"line":81,"column":4}},"11":{"start":{"line":85,"column":2},"end":{"line":88,"column":4}},"12":{"start":{"line":92,"column":2},"end":{"line":95,"column":4}},"13":{"start":{"line":99,"column":2},"end":{"line":102,"column":4}},"14":{"start":{"line":106,"column":2},"end":{"line":108,"column":4}},"15":{"start":{"line":112,"column":2},"end":{"line":114,"column":4}}},"fnMap":{"0":{"name":"setChallenges","decl":{"start":{"line":3,"column":16},"end":{"line":3,"column":29}},"loc":{"start":{"line":3,"column":42},"end":{"line":8,"column":1}},"line":3},"1":{"name":"setFamilies","decl":{"start":{"line":10,"column":16},"end":{"line":10,"column":27}},"loc":{"start":{"line":10,"column":38},"end":{"line":15,"column":1}},"line":10},"2":{"name":"initialiseMapState","decl":{"start":{"line":17,"column":16},"end":{"line":17,"column":34}},"loc":{"start":{"line":17,"column":48},"end":{"line":22,"column":1}},"line":17},"3":{"name":"updateChallengeStatus","decl":{"start":{"line":24,"column":16},"end":{"line":24,"column":37}},"loc":{"start":{"line":24,"column":60},"end":{"line":31,"column":1}},"line":24},"4":{"name":"updateFamilyStatus","decl":{"start":{"line":33,"column":16},"end":{"line":33,"column":34}},"loc":{"start":{"line":33,"column":47},"end":{"line":39,"column":1}},"line":33},"5":{"name":"setLastChallengesModified","decl":{"start":{"line":41,"column":16},"end":{"line":41,"column":41}},"loc":{"start":{"line":41,"column":66},"end":{"line":46,"column":1}},"line":41},"6":{"name":"setLastProductCompleted","decl":{"start":{"line":48,"column":16},"end":{"line":48,"column":39}},"loc":{"start":{"line":48,"column":62},"end":{"line":53,"column":1}},"line":48},"7":{"name":"resetLastProductCompleted","decl":{"start":{"line":55,"column":16},"end":{"line":55,"column":41}},"loc":{"start":{"line":55,"column":44},"end":{"line":59,"column":1}},"line":55},"8":{"name":"setCurrentFamilyProduct","decl":{"start":{"line":61,"column":16},"end":{"line":61,"column":39}},"loc":{"start":{"line":61,"column":83},"end":{"line":68,"column":1}},"line":61},"9":{"name":"addPerfectChallenge","decl":{"start":{"line":70,"column":16},"end":{"line":70,"column":35}},"loc":{"start":{"line":70,"column":47},"end":{"line":75,"column":1}},"line":70},"10":{"name":"setCompletedProducts","decl":{"start":{"line":77,"column":16},"end":{"line":77,"column":36}},"loc":{"start":{"line":77,"column":47},"end":{"line":82,"column":1}},"line":77},"11":{"name":"addCompletedProduct","decl":{"start":{"line":84,"column":16},"end":{"line":84,"column":35}},"loc":{"start":{"line":84,"column":47},"end":{"line":89,"column":1}},"line":84},"12":{"name":"setCompletedChallenges","decl":{"start":{"line":91,"column":16},"end":{"line":91,"column":38}},"loc":{"start":{"line":91,"column":51},"end":{"line":96,"column":1}},"line":91},"13":{"name":"addCompletedChallenge","decl":{"start":{"line":98,"column":16},"end":{"line":98,"column":37}},"loc":{"start":{"line":98,"column":51},"end":{"line":103,"column":1}},"line":98},"14":{"name":"resetProgress","decl":{"start":{"line":105,"column":16},"end":{"line":105,"column":29}},"loc":{"start":{"line":105,"column":32},"end":{"line":109,"column":1}},"line":105},"15":{"name":"setProductPageViewedSession","decl":{"start":{"line":111,"column":16},"end":{"line":111,"column":43}},"loc":{"start":{"line":111,"column":46},"end":{"line":115,"column":1}},"line":111}},"branchMap":{},"s":{"0":1,"1":1,"2":1,"3":1,"4":1,"5":2,"6":1,"7":1,"8":3,"9":3,"10":2,"11":2,"12":2,"13":2,"14":1,"15":1},"f":{"0":1,"1":1,"2":1,"3":1,"4":1,"5":2,"6":1,"7":1,"8":3,"9":3,"10":2,"11":2,"12":2,"13":2,"14":1,"15":1},"b":{},"_coverageSchema":"43e27e138ebf9cfc5966b082cf9a028302ed4184","hash":"ab7288b2aae726d394231ea4cd91ac70c94d1594"}
,"/www/sites/leo/leo-19-036-visa-game-react/src/actions/mapTypes.js": {"path":"/www/sites/leo/leo-19-036-visa-game-react/src/actions/mapTypes.js","statementMap":{"0":{"start":{"line":1,"column":30},"end":{"line":1,"column":46}},"1":{"start":{"line":2,"column":28},"end":{"line":2,"column":42}},"2":{"start":{"line":3,"column":37},"end":{"line":3,"column":60}},"3":{"start":{"line":5,"column":39},"end":{"line":5,"column":64}},"4":{"start":{"line":6,"column":36},"end":{"line":6,"column":58}},"5":{"start":{"line":8,"column":44},"end":{"line":8,"column":74}},"6":{"start":{"line":9,"column":42},"end":{"line":9,"column":70}},"7":{"start":{"line":10,"column":44},"end":{"line":10,"column":74}},"8":{"start":{"line":12,"column":42},"end":{"line":12,"column":70}},"9":{"start":{"line":14,"column":37},"end":{"line":14,"column":60}},"10":{"start":{"line":15,"column":38},"end":{"line":15,"column":62}},"11":{"start":{"line":16,"column":37},"end":{"line":16,"column":60}},"12":{"start":{"line":17,"column":40},"end":{"line":17,"column":66}},"13":{"start":{"line":18,"column":39},"end":{"line":18,"column":64}},"14":{"start":{"line":20,"column":30},"end":{"line":20,"column":46}},"15":{"start":{"line":22,"column":47},"end":{"line":22,"column":80}}},"fnMap":{},"branchMap":{},"s":{"0":43,"1":43,"2":43,"3":43,"4":43,"5":43,"6":43,"7":43,"8":43,"9":43,"10":43,"11":43,"12":43,"13":43,"14":43,"15":43},"f":{},"b":{},"_coverageSchema":"43e27e138ebf9cfc5966b082cf9a028302ed4184","hash":"254906952f9f3cc050a1714d41d8040af2f9abdc"}
,"/www/sites/leo/leo-19-036-visa-game-react/src/actions/promptTypes.js": {"path":"/www/sites/leo/leo-19-036-visa-game-react/src/actions/promptTypes.js","statementMap":{"0":{"start":{"line":1,"column":34},"end":{"line":1,"column":54}},"1":{"start":{"line":2,"column":36},"end":{"line":2,"column":58}},"2":{"start":{"line":3,"column":39},"end":{"line":3,"column":64}},"3":{"start":{"line":4,"column":41},"end":{"line":4,"column":68}},"4":{"start":{"line":5,"column":38},"end":{"line":5,"column":62}},"5":{"start":{"line":6,"column":41},"end":{"line":6,"column":68}},"6":{"start":{"line":7,"column":31},"end":{"line":7,"column":48}},"7":{"start":{"line":8,"column":33},"end":{"line":8,"column":52}},"8":{"start":{"line":9,"column":27},"end":{"line":9,"column":40}},"9":{"start":{"line":10,"column":34},"end":{"line":10,"column":54}},"10":{"start":{"line":11,"column":35},"end":{"line":11,"column":56}},"11":{"start":{"line":12,"column":39},"end":{"line":12,"column":64}},"12":{"start":{"line":13,"column":29},"end":{"line":13,"column":44}}},"fnMap":{},"branchMap":{},"s":{"0":47,"1":47,"2":47,"3":47,"4":47,"5":47,"6":47,"7":47,"8":47,"9":47,"10":47,"11":47,"12":47},"f":{},"b":{},"_coverageSchema":"43e27e138ebf9cfc5966b082cf9a028302ed4184","hash":"04ef6dca7e99f095bfbf8dda50935a4fee543c55"}
,"/www/sites/leo/leo-19-036-visa-game-react/src/actions/prompts.js": {"path":"/www/sites/leo/leo-19-036-visa-game-react/src/actions/prompts.js","statementMap":{"0":{"start":{"line":4,"column":2},"end":{"line":7,"column":4}},"1":{"start":{"line":11,"column":2},"end":{"line":13,"column":4}},"2":{"start":{"line":17,"column":2},"end":{"line":19,"column":4}},"3":{"start":{"line":23,"column":2},"end":{"line":25,"column":4}},"4":{"start":{"line":29,"column":2},"end":{"line":32,"column":4}},"5":{"start":{"line":36,"column":2},"end":{"line":38,"column":4}},"6":{"start":{"line":42,"column":2},"end":{"line":45,"column":4}},"7":{"start":{"line":49,"column":2},"end":{"line":51,"column":4}},"8":{"start":{"line":55,"column":2},"end":{"line":58,"column":4}},"9":{"start":{"line":62,"column":2},"end":{"line":65,"column":4}},"10":{"start":{"line":69,"column":2},"end":{"line":71,"column":4}},"11":{"start":{"line":75,"column":2},"end":{"line":77,"column":4}},"12":{"start":{"line":81,"column":2},"end":{"line":83,"column":4}}},"fnMap":{"0":{"name":"addProductPrompt","decl":{"start":{"line":3,"column":16},"end":{"line":3,"column":32}},"loc":{"start":{"line":3,"column":37},"end":{"line":8,"column":1}},"line":3},"1":{"name":"resetProductPrompt","decl":{"start":{"line":10,"column":16},"end":{"line":10,"column":34}},"loc":{"start":{"line":10,"column":37},"end":{"line":14,"column":1}},"line":10},"2":{"name":"addBonusStreakPrompt","decl":{"start":{"line":16,"column":16},"end":{"line":16,"column":36}},"loc":{"start":{"line":16,"column":39},"end":{"line":20,"column":1}},"line":16},"3":{"name":"resetBonusStreakPrompt","decl":{"start":{"line":22,"column":16},"end":{"line":22,"column":38}},"loc":{"start":{"line":22,"column":41},"end":{"line":26,"column":1}},"line":22},"4":{"name":"addAchievementPrompt","decl":{"start":{"line":28,"column":16},"end":{"line":28,"column":36}},"loc":{"start":{"line":28,"column":41},"end":{"line":33,"column":1}},"line":28},"5":{"name":"resetAchievementPrompts","decl":{"start":{"line":35,"column":16},"end":{"line":35,"column":39}},"loc":{"start":{"line":35,"column":42},"end":{"line":39,"column":1}},"line":35},"6":{"name":"addRankPrompt","decl":{"start":{"line":41,"column":16},"end":{"line":41,"column":29}},"loc":{"start":{"line":41,"column":34},"end":{"line":46,"column":1}},"line":41},"7":{"name":"resetRankPrompt","decl":{"start":{"line":48,"column":16},"end":{"line":48,"column":31}},"loc":{"start":{"line":48,"column":34},"end":{"line":52,"column":1}},"line":48},"8":{"name":"addPrompts","decl":{"start":{"line":54,"column":16},"end":{"line":54,"column":26}},"loc":{"start":{"line":54,"column":36},"end":{"line":59,"column":1}},"line":54},"9":{"name":"setPromptsPaused","decl":{"start":{"line":61,"column":16},"end":{"line":61,"column":32}},"loc":{"start":{"line":61,"column":41},"end":{"line":66,"column":1}},"line":61},"10":{"name":"setDisplayPrompts","decl":{"start":{"line":68,"column":16},"end":{"line":68,"column":33}},"loc":{"start":{"line":68,"column":36},"end":{"line":72,"column":1}},"line":68},"11":{"name":"resetDisplayedPrompts","decl":{"start":{"line":74,"column":16},"end":{"line":74,"column":37}},"loc":{"start":{"line":74,"column":40},"end":{"line":78,"column":1}},"line":74},"12":{"name":"resetPrompts","decl":{"start":{"line":80,"column":16},"end":{"line":80,"column":28}},"loc":{"start":{"line":80,"column":31},"end":{"line":84,"column":1}},"line":80}},"branchMap":{},"s":{"0":2,"1":1,"2":2,"3":1,"4":2,"5":2,"6":2,"7":1,"8":1,"9":1,"10":2,"11":1,"12":1},"f":{"0":2,"1":1,"2":2,"3":1,"4":2,"5":2,"6":2,"7":1,"8":1,"9":1,"10":2,"11":1,"12":1},"b":{},"_coverageSchema":"43e27e138ebf9cfc5966b082cf9a028302ed4184","hash":"4a1f1423aa341350249496921ab92e5dbc213fcb"}
,"/www/sites/leo/leo-19-036-visa-game-react/src/actions/score.js": {"path":"/www/sites/leo/leo-19-036-visa-game-react/src/actions/score.js","statementMap":{"0":{"start":{"line":4,"column":2},"end":{"line":7,"column":4}},"1":{"start":{"line":11,"column":2},"end":{"line":13,"column":4}},"2":{"start":{"line":17,"column":2},"end":{"line":19,"column":4}},"3":{"start":{"line":23,"column":2},"end":{"line":26,"column":4}},"4":{"start":{"line":30,"column":2},"end":{"line":33,"column":4}},"5":{"start":{"line":37,"column":2},"end":{"line":41,"column":4}},"6":{"start":{"line":45,"column":2},"end":{"line":48,"column":4}},"7":{"start":{"line":52,"column":2},"end":{"line":55,"column":4}},"8":{"start":{"line":59,"column":2},"end":{"line":62,"column":4}},"9":{"start":{"line":66,"column":2},"end":{"line":68,"column":4}},"10":{"start":{"line":72,"column":2},"end":{"line":74,"column":4}},"11":{"start":{"line":78,"column":2},"end":{"line":80,"column":4}},"12":{"start":{"line":84,"column":2},"end":{"line":86,"column":4}},"13":{"start":{"line":90,"column":2},"end":{"line":92,"column":4}},"14":{"start":{"line":96,"column":2},"end":{"line":98,"column":4}},"15":{"start":{"line":102,"column":2},"end":{"line":104,"column":4}},"16":{"start":{"line":108,"column":2},"end":{"line":110,"column":4}},"17":{"start":{"line":114,"column":2},"end":{"line":116,"column":4}}},"fnMap":{"0":{"name":"setTotalScore","decl":{"start":{"line":3,"column":16},"end":{"line":3,"column":29}},"loc":{"start":{"line":3,"column":37},"end":{"line":8,"column":1}},"line":3},"1":{"name":"setDisplayedScore","decl":{"start":{"line":10,"column":16},"end":{"line":10,"column":33}},"loc":{"start":{"line":10,"column":36},"end":{"line":14,"column":1}},"line":10},"2":{"name":"updateDisplayedScore","decl":{"start":{"line":16,"column":16},"end":{"line":16,"column":36}},"loc":{"start":{"line":16,"column":39},"end":{"line":20,"column":1}},"line":16},"3":{"name":"setRunningScore","decl":{"start":{"line":22,"column":16},"end":{"line":22,"column":31}},"loc":{"start":{"line":22,"column":39},"end":{"line":27,"column":1}},"line":22},"4":{"name":"setRank","decl":{"start":{"line":29,"column":16},"end":{"line":29,"column":23}},"loc":{"start":{"line":29,"column":30},"end":{"line":34,"column":1}},"line":29},"5":{"name":"setScores","decl":{"start":{"line":36,"column":16},"end":{"line":36,"column":25}},"loc":{"start":{"line":36,"column":42},"end":{"line":42,"column":1}},"line":36},"6":{"name":"increaseScore","decl":{"start":{"line":44,"column":16},"end":{"line":44,"column":29}},"loc":{"start":{"line":44,"column":37},"end":{"line":49,"column":1}},"line":44},"7":{"name":"decreaseScore","decl":{"start":{"line":51,"column":16},"end":{"line":51,"column":29}},"loc":{"start":{"line":51,"column":37},"end":{"line":56,"column":1}},"line":51},"8":{"name":"setCategories","decl":{"start":{"line":58,"column":16},"end":{"line":58,"column":29}},"loc":{"start":{"line":58,"column":42},"end":{"line":63,"column":1}},"line":58},"9":{"name":"increaseChallengesCompleted","decl":{"start":{"line":65,"column":16},"end":{"line":65,"column":43}},"loc":{"start":{"line":65,"column":46},"end":{"line":69,"column":1}},"line":65},"10":{"name":"increasePerfectBonus","decl":{"start":{"line":71,"column":16},"end":{"line":71,"column":36}},"loc":{"start":{"line":71,"column":39},"end":{"line":75,"column":1}},"line":71},"11":{"name":"increaseStreakBonus","decl":{"start":{"line":77,"column":16},"end":{"line":77,"column":35}},"loc":{"start":{"line":77,"column":38},"end":{"line":81,"column":1}},"line":77},"12":{"name":"increaseClientNeeds","decl":{"start":{"line":83,"column":16},"end":{"line":83,"column":35}},"loc":{"start":{"line":83,"column":38},"end":{"line":87,"column":1}},"line":83},"13":{"name":"increaseProductsCompleted","decl":{"start":{"line":89,"column":16},"end":{"line":89,"column":41}},"loc":{"start":{"line":89,"column":44},"end":{"line":93,"column":1}},"line":89},"14":{"name":"increaseProposalsCompleted","decl":{"start":{"line":95,"column":16},"end":{"line":95,"column":42}},"loc":{"start":{"line":95,"column":45},"end":{"line":99,"column":1}},"line":95},"15":{"name":"increaseAchievementsUnlocked","decl":{"start":{"line":101,"column":16},"end":{"line":101,"column":44}},"loc":{"start":{"line":101,"column":47},"end":{"line":105,"column":1}},"line":101},"16":{"name":"resetRunningCategories","decl":{"start":{"line":107,"column":16},"end":{"line":107,"column":38}},"loc":{"start":{"line":107,"column":41},"end":{"line":111,"column":1}},"line":107},"17":{"name":"resetAllScores","decl":{"start":{"line":113,"column":16},"end":{"line":113,"column":30}},"loc":{"start":{"line":113,"column":33},"end":{"line":117,"column":1}},"line":113}},"branchMap":{},"s":{"0":1,"1":1,"2":2,"3":1,"4":1,"5":1,"6":4,"7":1,"8":1,"9":1,"10":1,"11":2,"12":2,"13":1,"14":1,"15":2,"16":2,"17":1},"f":{"0":1,"1":1,"2":2,"3":1,"4":1,"5":1,"6":4,"7":1,"8":1,"9":1,"10":1,"11":2,"12":2,"13":1,"14":1,"15":2,"16":2,"17":1},"b":{},"_coverageSchema":"43e27e138ebf9cfc5966b082cf9a028302ed4184","hash":"0e2da8967356dfc950b3a52364a04a536695e151"}
,"/www/sites/leo/leo-19-036-visa-game-react/src/actions/scoreTypes.js": {"path":"/www/sites/leo/leo-19-036-visa-game-react/src/actions/scoreTypes.js","statementMap":{"0":{"start":{"line":2,"column":31},"end":{"line":2,"column":48}},"1":{"start":{"line":3,"column":35},"end":{"line":3,"column":56}},"2":{"start":{"line":4,"column":38},"end":{"line":4,"column":62}},"3":{"start":{"line":5,"column":33},"end":{"line":5,"column":52}},"4":{"start":{"line":6,"column":24},"end":{"line":6,"column":34}},"5":{"start":{"line":7,"column":26},"end":{"line":7,"column":38}},"6":{"start":{"line":8,"column":30},"end":{"line":8,"column":46}},"7":{"start":{"line":9,"column":30},"end":{"line":9,"column":46}},"8":{"start":{"line":11,"column":30},"end":{"line":11,"column":46}},"9":{"start":{"line":12,"column":45},"end":{"line":12,"column":76}},"10":{"start":{"line":13,"column":38},"end":{"line":13,"column":62}},"11":{"start":{"line":14,"column":37},"end":{"line":14,"column":60}},"12":{"start":{"line":15,"column":43},"end":{"line":15,"column":72}},"13":{"start":{"line":16,"column":37},"end":{"line":16,"column":60}},"14":{"start":{"line":17,"column":44},"end":{"line":17,"column":74}},"15":{"start":{"line":18,"column":46},"end":{"line":18,"column":78}},"16":{"start":{"line":20,"column":40},"end":{"line":20,"column":66}},"17":{"start":{"line":21,"column":32},"end":{"line":21,"column":50}}},"fnMap":{},"branchMap":{},"s":{"0":44,"1":44,"2":44,"3":44,"4":44,"5":44,"6":44,"7":44,"8":44,"9":44,"10":44,"11":44,"12":44,"13":44,"14":44,"15":44,"16":44,"17":44},"f":{},"b":{},"_coverageSchema":"43e27e138ebf9cfc5966b082cf9a028302ed4184","hash":"244967037102b32d8cd8ef7d2e195ff6a338c4d3"}
,"/www/sites/leo/leo-19-036-visa-game-react/src/actions/scorm.js": {"path":"/www/sites/leo/leo-19-036-visa-game-react/src/actions/scorm.js","statementMap":{"0":{"start":{"line":4,"column":2},"end":{"line":6,"column":4}},"1":{"start":{"line":10,"column":2},"end":{"line":13,"column":4}},"2":{"start":{"line":17,"column":2},"end":{"line":20,"column":4}},"3":{"start":{"line":24,"column":2},"end":{"line":28,"column":4}},"4":{"start":{"line":32,"column":2},"end":{"line":36,"column":4}},"5":{"start":{"line":40,"column":2},"end":{"line":42,"column":4}},"6":{"start":{"line":46,"column":2},"end":{"line":48,"column":4}},"7":{"start":{"line":52,"column":2},"end":{"line":54,"column":4}}},"fnMap":{"0":{"name":"initialiseScorm","decl":{"start":{"line":3,"column":16},"end":{"line":3,"column":31}},"loc":{"start":{"line":3,"column":34},"end":{"line":7,"column":1}},"line":3},"1":{"name":"setLessonLocation","decl":{"start":{"line":9,"column":16},"end":{"line":9,"column":33}},"loc":{"start":{"line":9,"column":50},"end":{"line":14,"column":1}},"line":9},"2":{"name":"setCompletionStatus","decl":{"start":{"line":16,"column":16},"end":{"line":16,"column":35}},"loc":{"start":{"line":16,"column":54},"end":{"line":21,"column":1}},"line":16},"3":{"name":"setSuspendDataItem","decl":{"start":{"line":23,"column":16},"end":{"line":23,"column":34}},"loc":{"start":{"line":23,"column":48},"end":{"line":29,"column":1}},"line":23},"4":{"name":"setScormValue","decl":{"start":{"line":31,"column":16},"end":{"line":31,"column":29}},"loc":{"start":{"line":31,"column":43},"end":{"line":37,"column":1}},"line":31},"5":{"name":"commit","decl":{"start":{"line":39,"column":16},"end":{"line":39,"column":22}},"loc":{"start":{"line":39,"column":25},"end":{"line":43,"column":1}},"line":39},"6":{"name":"terminateScorm","decl":{"start":{"line":45,"column":16},"end":{"line":45,"column":30}},"loc":{"start":{"line":45,"column":33},"end":{"line":49,"column":1}},"line":45},"7":{"name":"prepareSuspendData","decl":{"start":{"line":51,"column":16},"end":{"line":51,"column":34}},"loc":{"start":{"line":51,"column":37},"end":{"line":55,"column":1}},"line":51}},"branchMap":{},"s":{"0":2,"1":1,"2":1,"3":1,"4":1,"5":2,"6":1,"7":2},"f":{"0":2,"1":1,"2":1,"3":1,"4":1,"5":2,"6":1,"7":2},"b":{},"_coverageSchema":"43e27e138ebf9cfc5966b082cf9a028302ed4184","hash":"9e9ee2259a2cce4a1243fccb9a2aff0ad306b413"}
,"/www/sites/leo/leo-19-036-visa-game-react/src/actions/scormTypes.js": {"path":"/www/sites/leo/leo-19-036-visa-game-react/src/actions/scormTypes.js","statementMap":{"0":{"start":{"line":1,"column":32},"end":{"line":1,"column":50}},"1":{"start":{"line":3,"column":35},"end":{"line":3,"column":56}},"2":{"start":{"line":4,"column":37},"end":{"line":4,"column":60}},"3":{"start":{"line":5,"column":37},"end":{"line":5,"column":60}},"4":{"start":{"line":6,"column":31},"end":{"line":6,"column":48}},"5":{"start":{"line":8,"column":22},"end":{"line":8,"column":30}},"6":{"start":{"line":9,"column":31},"end":{"line":9,"column":48}},"7":{"start":{"line":11,"column":36},"end":{"line":11,"column":58}}},"fnMap":{},"branchMap":{},"s":{"0":43,"1":43,"2":43,"3":43,"4":43,"5":43,"6":43,"7":43},"f":{},"b":{},"_coverageSchema":"43e27e138ebf9cfc5966b082cf9a028302ed4184","hash":"0e0bab2666d004163c47d95680bd093878c5a3d7"}
,"/www/sites/leo/leo-19-036-visa-game-react/src/actions/settings.js": {"path":"/www/sites/leo/leo-19-036-visa-game-react/src/actions/settings.js","statementMap":{"0":{"start":{"line":4,"column":2},"end":{"line":7,"column":4}},"1":{"start":{"line":11,"column":2},"end":{"line":14,"column":4}},"2":{"start":{"line":18,"column":2},"end":{"line":21,"column":4}}},"fnMap":{"0":{"name":"toggleAudio","decl":{"start":{"line":3,"column":16},"end":{"line":3,"column":27}},"loc":{"start":{"line":3,"column":35},"end":{"line":8,"column":1}},"line":3},"1":{"name":"toggleTooltips","decl":{"start":{"line":10,"column":16},"end":{"line":10,"column":30}},"loc":{"start":{"line":10,"column":41},"end":{"line":15,"column":1}},"line":10},"2":{"name":"setSettings","decl":{"start":{"line":17,"column":16},"end":{"line":17,"column":27}},"loc":{"start":{"line":17,"column":38},"end":{"line":22,"column":1}},"line":17}},"branchMap":{},"s":{"0":2,"1":2,"2":1},"f":{"0":2,"1":2,"2":1},"b":{},"_coverageSchema":"43e27e138ebf9cfc5966b082cf9a028302ed4184","hash":"5abace4f05ba01392fb78ac0264b9cb706b58faa"}
,"/www/sites/leo/leo-19-036-visa-game-react/src/actions/settingsTypes.js": {"path":"/www/sites/leo/leo-19-036-visa-game-react/src/actions/settingsTypes.js","statementMap":{"0":{"start":{"line":1,"column":34},"end":{"line":1,"column":54}},"1":{"start":{"line":2,"column":37},"end":{"line":2,"column":60}},"2":{"start":{"line":3,"column":28},"end":{"line":3,"column":42}}},"fnMap":{},"branchMap":{},"s":{"0":40,"1":40,"2":40},"f":{},"b":{},"_coverageSchema":"43e27e138ebf9cfc5966b082cf9a028302ed4184","hash":"d49c09e51764d6a023fbfbd0090e490af0d3fe81"}
,"/www/sites/leo/leo-19-036-visa-game-react/src/actions/streak.js": {"path":"/www/sites/leo/leo-19-036-visa-game-react/src/actions/streak.js","statementMap":{"0":{"start":{"line":4,"column":2},"end":{"line":6,"column":4}},"1":{"start":{"line":10,"column":2},"end":{"line":13,"column":4}},"2":{"start":{"line":17,"column":2},"end":{"line":21,"column":4}},"3":{"start":{"line":25,"column":2},"end":{"line":27,"column":4}}},"fnMap":{"0":{"name":"increaseStreak","decl":{"start":{"line":3,"column":16},"end":{"line":3,"column":30}},"loc":{"start":{"line":3,"column":33},"end":{"line":7,"column":1}},"line":3},"1":{"name":"setStreak","decl":{"start":{"line":9,"column":16},"end":{"line":9,"column":25}},"loc":{"start":{"line":9,"column":32},"end":{"line":14,"column":1}},"line":9},"2":{"name":"resetStreakProgress","decl":{"start":{"line":16,"column":16},"end":{"line":16,"column":35}},"loc":{"start":{"line":16,"column":59},"end":{"line":22,"column":1}},"line":16},"3":{"name":"checkStreakStatus","decl":{"start":{"line":24,"column":16},"end":{"line":24,"column":33}},"loc":{"start":{"line":24,"column":36},"end":{"line":28,"column":1}},"line":24}},"branchMap":{},"s":{"0":1,"1":1,"2":1,"3":1},"f":{"0":1,"1":1,"2":1,"3":1},"b":{},"_coverageSchema":"43e27e138ebf9cfc5966b082cf9a028302ed4184","hash":"8bc3b33422cddcc92128d6a68db1b53da47bcd2a"}
,"/www/sites/leo/leo-19-036-visa-game-react/src/actions/streakTypes.js": {"path":"/www/sites/leo/leo-19-036-visa-game-react/src/actions/streakTypes.js","statementMap":{"0":{"start":{"line":1,"column":31},"end":{"line":1,"column":48}},"1":{"start":{"line":2,"column":26},"end":{"line":2,"column":38}},"2":{"start":{"line":3,"column":37},"end":{"line":3,"column":60}},"3":{"start":{"line":4,"column":35},"end":{"line":4,"column":56}}},"fnMap":{},"branchMap":{},"s":{"0":43,"1":43,"2":43,"3":43},"f":{},"b":{},"_coverageSchema":"43e27e138ebf9cfc5966b082cf9a028302ed4184","hash":"55d8cdb6a57cb3d270cd01b2122c6ccf36987e32"}
,"/www/sites/leo/leo-19-036-visa-game-react/src/actions/tutorial.js": {"path":"/www/sites/leo/leo-19-036-visa-game-react/src/actions/tutorial.js","statementMap":{"0":{"start":{"line":3,"column":37},"end":{"line":6,"column":2}},"1":{"start":{"line":3,"column":52},"end":{"line":6,"column":1}},"2":{"start":{"line":8,"column":35},"end":{"line":11,"column":2}},"3":{"start":{"line":8,"column":48},"end":{"line":11,"column":1}}},"fnMap":{"0":{"name":"(anonymous_0)","decl":{"start":{"line":3,"column":37},"end":{"line":3,"column":38}},"loc":{"start":{"line":3,"column":52},"end":{"line":6,"column":1}},"line":3},"1":{"name":"(anonymous_1)","decl":{"start":{"line":8,"column":35},"end":{"line":8,"column":36}},"loc":{"start":{"line":8,"column":48},"end":{"line":11,"column":1}},"line":8}},"branchMap":{},"s":{"0":38,"1":1,"2":38,"3":1},"f":{"0":1,"1":1},"b":{},"_coverageSchema":"43e27e138ebf9cfc5966b082cf9a028302ed4184","hash":"38ffb23f22cf5469baf232bfce15f1421ceb712a"}
,"/www/sites/leo/leo-19-036-visa-game-react/src/actions/tutorialTypes.js": {"path":"/www/sites/leo/leo-19-036-visa-game-react/src/actions/tutorialTypes.js","statementMap":{"0":{"start":{"line":1,"column":40},"end":{"line":1,"column":66}},"1":{"start":{"line":2,"column":37},"end":{"line":2,"column":60}}},"fnMap":{},"branchMap":{},"s":{"0":40,"1":40},"f":{},"b":{},"_coverageSchema":"43e27e138ebf9cfc5966b082cf9a028302ed4184","hash":"3ee15a5742bf63001b39ce426424471fca337632"}
[...]
"column":3}},{"start":{"line":378,"column":2},"end":{"line":380,"column":3}}],"line":378},"60":{"loc":{"start":{"line":378,"column":6},"end":{"line":378,"column":28}},"type":"binary-expr","locations":[{"start":{"line":378,"column":6},"end":{"line":378,"column":11}},{"start":{"line":378,"column":15},"end":{"line":378,"column":28}}],"line":378},"61":{"loc":{"start":{"line":383,"column":2},"end":{"line":385,"column":3}},"type":"if","locations":[{"start":{"line":383,"column":2},"end":{"line":385,"column":3}},{"start":{"line":383,"column":2},"end":{"line":385,"column":3}}],"line":383},"62":{"loc":{"start":{"line":383,"column":6},"end":{"line":383,"column":55}},"type":"binary-expr","locations":[{"start":{"line":383,"column":6},"end":{"line":383,"column":11}},{"start":{"line":383,"column":15},"end":{"line":383,"column":27}},{"start":{"line":383,"column":31},"end":{"line":383,"column":55}}],"line":383},"63":{"loc":{"start":{"line":387,"column":2},"end":{"line":389,"column":3}},"type":"if","locations":[{"start":{"line":387,"column":2},"end":{"line":389,"column":3}},{"start":{"line":387,"column":2},"end":{"line":389,"column":3}}],"line":387},"64":{"loc":{"start":{"line":404,"column":8},"end":{"line":412,"column":9}},"type":"if","locations":[{"start":{"line":404,"column":8},"end":{"line":412,"column":9}},{"start":{"line":404,"column":8},"end":{"line":412,"column":9}}],"line":404},"65":{"loc":{"start":{"line":405,"column":10},"end":{"line":409,"column":11}},"type":"if","locations":[{"start":{"line":405,"column":10},"end":{"line":409,"column":11}},{"start":{"line":405,"column":10},"end":{"line":409,"column":11}}],"line":405},"66":{"loc":{"start":{"line":432,"column":20},"end":{"line":432,"column":52}},"type":"cond-expr","locations":[{"start":{"line":432,"column":30},"end":{"line":432,"column":39}},{"start":{"line":432,"column":42},"end":{"line":432,"column":52}}],"line":432},"67":{"loc":{"start":{"line":443,"column":2},"end":{"line":443,"column":22}},"type":"if","locations":[{"start":{"line":443,"column":2},"end":{"line":443,"column":22}},{"start":{"line":443,"column":2},"end":{"line":443,"column":22}}],"line":443},"68":{"loc":{"start":{"line":451,"column":2},"end":{"line":455,"column":3}},"type":"if","locations":[{"start":{"line":451,"column":2},"end":{"line":455,"column":3}},{"start":{"line":451,"column":2},"end":{"line":455,"column":3}}],"line":451},"69":{"loc":{"start":{"line":451,"column":6},"end":{"line":451,"column":68}},"type":"binary-expr","locations":[{"start":{"line":451,"column":6},"end":{"line":451,"column":12}},{"start":{"line":451,"column":16},"end":{"line":451,"column":27}},{"start":{"line":451,"column":31},"end":{"line":451,"column":43}},{"start":{"line":451,"column":47},"end":{"line":451,"column":68}}],"line":451},"70":{"loc":{"start":{"line":468,"column":2},"end":{"line":468,"column":19}},"type":"if","locations":[{"start":{"line":468,"column":2},"end":{"line":468,"column":19}},{"start":{"line":468,"column":2},"end":{"line":468,"column":19}}],"line":468},"71":{"loc":{"start":{"line":486,"column":2},"end":{"line":489,"column":3}},"type":"if","locations":[{"start":{"line":486,"column":2},"end":{"line":489,"column":3}},{"start":{"line":486,"column":2},"end":{"line":489,"column":3}}],"line":486},"72":{"loc":{"start":{"line":486,"column":6},"end":{"line":486,"column":50}},"type":"binary-expr","locations":[{"start":{"line":486,"column":6},"end":{"line":486,"column":27}},{"start":{"line":486,"column":31},"end":{"line":486,"column":50}}],"line":486},"73":{"loc":{"start":{"line":500,"column":17},"end":{"line":500,"column":36}},"type":"binary-expr","locations":[{"start":{"line":500,"column":17},"end":{"line":500,"column":30}},{"start":{"line":500,"column":34},"end":{"line":500,"column":36}}],"line":500},"74":{"loc":{"start":{"line":502,"column":2},"end":{"line":504,"column":3}},"type":"if","locations":[{"start":{"line":502,"column":2},"end":{"line":504,"column":3}},{"start":{"line":502,"column":2},"end":{"line":504,"column":3}}],"line":502},"75":{"loc":{"start":{"line":502,"column":6},"end":{"line":502,"column":46}},"type":"binary-expr","locations":[{"start":{"line":502,"column":6},"end":{"line":502,"column":18}},{"start":{"line":502,"column":22},"end":{"line":502,"column":46}}],"line":502},"76":{"loc":{"start":{"line":503,"column":23},"end":{"line":503,"column":78}},"type":"cond-expr","locations":[{"start":{"line":503,"column":57},"end":{"line":503,"column":58}},{"start":{"line":503,"column":61},"end":{"line":503,"column":78}}],"line":503},"77":{"loc":{"start":{"line":506,"column":2},"end":{"line":508,"column":3}},"type":"if","locations":[{"start":{"line":506,"column":2},"end":{"line":508,"column":3}},{"start":{"line":506,"column":2},"end":{"line":508,"column":3}}],"line":506},"78":{"loc":{"start":{"line":507,"column":21},"end":{"line":507,"column":44}},"type":"binary-expr","locations":[{"start":{"line":507,"column":21},"end":{"line":507,"column":35}},{"start":{"line":507,"column":39},"end":{"line":507,"column":44}}],"line":507},"79":{"loc":{"start":{"line":511,"column":2},"end":{"line":513,"column":3}},"type":"if","locations":[{"start":{"line":511,"column":2},"end":{"line":513,"column":3}},{"start":{"line":511,"column":2},"end":{"line":513,"column":3}}],"line":511},"80":{"loc":{"start":{"line":512,"column":24},"end":{"line":512,"column":50}},"type":"binary-expr","locations":[{"start":{"line":512,"column":24},"end":{"line":512,"column":41}},{"start":{"line":512,"column":45},"end":{"line":512,"column":50}}],"line":512},"81":{"loc":{"start":{"line":536,"column":34},"end":{"line":536,"column":44}},"type":"binary-expr","locations":[{"start":{"line":536,"column":34},"end":{"line":536,"column":38}},{"start":{"line":536,"column":42},"end":{"line":536,"column":44}}],"line":536},"82":{"loc":{"start":{"line":537,"column":25},"end":{"line":537,"column":51}},"type":"binary-expr","locations":[{"start":{"line":537,"column":25},"end":{"line":537,"column":45}},{"start":{"line":537,"column":49},"end":{"line":537,"column":51}}],"line":537},"83":{"loc":{"start":{"line":538,"column":29},"end":{"line":538,"column":59}},"type":"binary-expr","locations":[{"start":{"line":538,"column":29},"end":{"line":538,"column":53}},{"start":{"line":538,"column":57},"end":{"line":538,"column":59}}],"line":538},"84":{"loc":{"start":{"line":539,"column":32},"end":{"line":539,"column":65}},"type":"binary-expr","locations":[{"start":{"line":539,"column":32},"end":{"line":539,"column":59}},{"start":{"line":539,"column":63},"end":{"line":539,"column":65}}],"line":539},"85":{"loc":{"start":{"line":540,"column":35},"end":{"line":540,"column":71}},"type":"binary-expr","locations":[{"start":{"line":540,"column":35},"end":{"line":540,"column":65}},{"start":{"line":540,"column":69},"end":{"line":540,"column":71}}],"line":540},"86":{"loc":{"start":{"line":541,"column":34},"end":{"line":541,"column":69}},"type":"binary-expr","locations":[{"start":{"line":541,"column":34},"end":{"line":541,"column":63}},{"start":{"line":541,"column":67},"end":{"line":541,"column":69}}],"line":541},"87":{"loc":{"start":{"line":549,"column":2},"end":{"line":551,"column":3}},"type":"if","locations":[{"start":{"line":549,"column":2},"end":{"line":551,"column":3}},{"start":{"line":549,"column":2},"end":{"line":551,"column":3}}],"line":549},"88":{"loc":{"start":{"line":553,"column":2},"end":{"line":567,"column":3}},"type":"if","locations":[{"start":{"line":553,"column":2},"end":{"line":567,"column":3}},{"start":{"line":553,"column":2},"end":{"line":567,"column":3}}],"line":553},"89":{"loc":{"start":{"line":555,"column":4},"end":{"line":557,"column":5}},"type":"if","locations":[{"start":{"line":555,"column":4},"end":{"line":557,"column":5}},{"start":{"line":555,"column":4},"end":{"line":557,"column":5}}],"line":555},"90":{"loc":{"start":{"line":560,"column":4},"end":{"line":566,"column":5}},"type":"if","locations":[{"start":{"line":560,"column":4},"end":{"line":566,"column":5}},{"start":{"line":560,"column":4},"end":{"line":566,"column":5}}],"line":560},"91":{"loc":{"start":{"line":560,"column":8},"end":{"line":561,"column":56}},"type":"binary-expr","locations":[{"start":{"line":560,"column":8},"end":{"line":560,"column":56}},{"start":{"line":561,"column":9},"end":{"line":561,"column":56}}],"line":560},"92":{"loc":{"start":{"line":569,"column":2},"end":{"line":573,"column":3}},"type":"if","locations":[{"start":{"line":569,"column":2},"end":{"line":573,"column":3}},{"start":{"line":569,"column":2},"end":{"line":573,"column":3}}],"line":569},"93":{"loc":{"start":{"line":575,"column":2},"end":{"line":578,"column":3}},"type":"if","locations":[{"start":{"line":575,"column":2},"end":{"line":578,"column":3}},{"start":{"line":575,"column":2},"end":{"line":578,"column":3}}],"line":575},"94":{"loc":{"start":{"line":575,"column":6},"end":{"line":575,"column":63}},"type":"binary-expr","locations":[{"start":{"line":575,"column":6},"end":{"line":575,"column":38}},{"start":{"line":575,"column":42},"end":{"line":575,"column":63}}],"line":575},"95":{"loc":{"start":{"line":576,"column":20},"end":{"line":576,"column":39}},"type":"binary-expr","locations":[{"start":{"line":576,"column":20},"end":{"line":576,"column":33}},{"start":{"line":576,"column":37},"end":{"line":576,"column":39}}],"line":576},"96":{"loc":{"start":{"line":580,"column":2},"end":{"line":586,"column":3}},"type":"if","locations":[{"start":{"line":580,"column":2},"end":{"line":586,"column":3}},{"start":{"line":580,"column":2},"end":{"line":586,"column":3}}],"line":580},"97":{"loc":{"start":{"line":581,"column":19},"end":{"line":581,"column":77}},"type":"cond-expr","locations":[{"start":{"line":581,"column":44},"end":{"line":581,"column":72}},{"start":{"line":581,"column":75},"end":{"line":581,"column":77}}],"line":581},"98":{"loc":{"start":{"line":588,"column":2},"end":{"line":593,"column":3}},"type":"if","locations":[{"start":{"line":588,"column":2},"end":{"line":593,"column":3}},{"start":{"line":588,"column":2},"end":{"line":593,"column":3}}],"line":588},"99":{"loc":{"start":{"line":588,"column":6},"end":{"line":588,"column":68}},"type":"binary-expr","locations":[{"start":{"line":588,"column":6},"end":{"line":588,"column":27}},{"start":{"line":588,"column":31},"end":{"line":588,"column":68}}],"line":588},"100":{"loc":{"start":{"line":628,"column":2},"end":{"line":630,"column":3}},"type":"if","locations":[{"start":{"line":628,"column":2},"end":{"line":630,"column":3}},{"start":{"line":628,"column":2},"end":{"line":630,"column":3}}],"line":628},"101":{"loc":{"start":{"line":628,"column":6},"end":{"line":628,"column":66}},"type":"binary-expr","locations":[{"start":{"line":628,"column":6},"end":{"line":628,"column":27}},{"start":{"line":628,"column":31},"end":{"line":628,"column":66}}],"line":628},"102":{"loc":{"start":{"line":633,"column":2},"end":{"line":636,"column":3}},"type":"if","locations":[{"start":{"line":633,"column":2},"end":{"line":636,"column":3}},{"start":{"line":633,"column":2},"end":{"line":636,"column":3}}],"line":633},"103":{"loc":{"start":{"line":648,"column":2},"end":{"line":671,"column":3}},"type":"if","locations":[{"start":{"line":648,"column":2},"end":{"line":671,"column":3}},{"start":{"line":648,"column":2},"end":{"line":671,"column":3}}],"line":648},"104":{"loc":{"start":{"line":657,"column":6},"end":{"line":659,"column":7}},"type":"if","locations":[{"start":{"line":657,"column":6},"end":{"line":659,"column":7}},{"start":{"line":657,"column":6},"end":{"line":659,"column":7}}],"line":657},"105":{"loc":{"start":{"line":661,"column":6},"end":{"line":663,"column":7}},"type":"if","locations":[{"start":{"line":661,"column":6},"end":{"line":663,"column":7}},{"start":{"line":661,"column":6},"end":{"line":663,"column":7}}],"line":661}},"s":{"0":39,"1":39,"2":39,"3":39,"4":39,"5":39,"6":39,"7":39,"8":39,"9":3,"10":1,"11":39,"12":4,"13":1,"14":3,"15":1,"16":2,"17":1,"18":1,"19":4,"20":39,"21":5,"22":5,"23":5,"24":2,"25":1,"26":1,"27":3,"28":5,"29":2,"30":3,"31":5,"32":39,"33":1,"34":39,"35":1,"36":39,"37":4,"38":4,"39":2,"40":2,"41":2,"42":2,"43":2,"44":3,"45":3,"46":4,"47":39,"48":3,"49":3,"50":3,"51":3,"52":39,"53":4,"54":4,"55":4,"56":4,"57":3,"58":3,"59":3,"60":4,"61":39,"62":2,"63":2,"64":1,"65":1,"66":1,"67":39,"68":11,"69":11,"70":11,"71":1,"72":10,"73":11,"74":11,"75":11,"76":11,"77":6,"78":6,"79":6,"80":11,"81":1,"82":11,"83":5,"84":1,"85":4,"86":1,"87":3,"88":11,"89":5,"90":11,"91":3,"92":11,"93":2,"94":11,"95":3,"96":3,"97":11,"98":1,"99":1,"100":11,"101":2,"102":1,"103":2,"104":1,"105":11,"106":1,"107":1,"108":11,"109":1,"110":11,"111":1,"112":11,"113":9,"114":2,"115":2,"116":39,"117":2,"118":2,"119":1,"120":2,"121":39,"122":4,"123":39,"124":2,"125":2,"126":1,"127":1,"128":2,"129":39,"130":3,"131":3,"132":2,"133":2,"134":3,"135":39,"136":7,"137":7,"138":4,"139":3,"140":3,"141":1,"142":2,"143":2,"144":1,"145":2,"146":1,"147":2,"148":1,"149":2,"150":2,"151":2,"152":3,"153":2,"154":1,"155":1,"156":1,"157":39,"158":2,"159":2,"160":2,"161":39,"162":3,"163":3,"164":1,"165":2,"166":2,"167":1,"168":1,"169":2,"170":39,"171":2,"172":2,"173":1,"174":1,"175":39,"176":2,"177":2,"178":1,"179":1,"180":2,"181":39,"182":6,"183":6,"184":4,"185":6,"186":2,"187":6,"188":2,"189":6,"190":39,"191":1,"192":39,"193":11,"194":11,"195":11,"196":11,"197":11,"198":11,"199":11,"200":11,"201":11,"202":1,"203":11,"204":2,"205":1,"206":2,"207":1,"208":11,"209":1,"210":11,"211":6,"212":6,"213":11,"214":5,"215":5,"216":11,"217":1,"218":11,"219":39,"220":4,"221":4,"222":39,"223":39,"224":2,"225":2,"226":2,"227":2,"228":1,"229":2,"230":2,"231":1,"232":1,"233":2,"234":39,"235":5,"236":5,"237":4,"238":4,"239":4,"240":3,"241":3,"242":2,"243":3,"244":1,"245":3,"246":3,"247":3,"248":1,"249":39,"250":1,"251":1,"252":1,"253":1,"254":1,"255":1,"256":1},"f":{"0":3,"1":4,"2":5,"3":1,"4":1,"5":4,"6":3,"7":4,"8":2,"9":11,"10":1,"11":1,"12":2,"13":4,"14":2,"15":3,"16":7,"17":3,"18":2,"19":3,"20":2,"21":2,"22":6,"23":1,"24":11,"25":4,"26":2,"27":5,"28":1},"b":{"0":[39,39],"1":[39,39],"2":[1,2],"3":[1,3],"4":[1,2],"5":[1,1],"6":[2,3],"7":[5,2],"8":[1,1],"9":[2,3],"10":[5,2],"11":[2,2],"12":[3,1],"13":[4,3],"14":[2,1],"15":[3,2],"16":[1,1],"17":[1,10],"18":[10,1],"19":[6,5],"20":[1,10],"21":[11,6],"22":[5,6],"23":[11,11,5],"24":[1,4],"25":[5,2],"26":[1,3],"27":[4,1],"28":[5,6],"29":[11,5],"30":[3,8],"31":[11,3],"32":[2,9],"33":[3,8],"34":[11,10],"35":[1,10],"36":[11,1],"37":[2,9],"38":[11,3],"39":[1,1],"40":[2,1],"41":[1,1],"42":[1,10],"43":[1,10],"44":[1,10],"45":[11,3,1],"46":[9,2],"47":[11,9],"48":[1,1],"49":[2,1],"50":[1,1],"51":[2,1],"52":[3,1],"53":[2,1],"54":[3,2],"55":[1,1],"56":[4,3],"57":[1,2],"58":[2,2],"59":[1,1],"60":[2,1],"61":[1,1],"62":[2,1,1],"63":[1,1],"64":[2,1],"65":[1,1],"66":[1,1],"67":[1,2],"68":[1,1],"69":[2,1,1,1],"70":[1,1],"71":[1,1],"72":[2,2],"73":[6,2],"74":[4,2],"75":[6,4],"76":[1,3],"77":[2,4],"78":[2,1],"79":[2,4],"80":[2,1],"81":[11,1],"82":[11,1],"83":[11,5],"84":[11,5],"85":[11,5],"86":[11,5],"87":[1,10],"88":[2,9],"89":[1,1],"90":[1,1],"91":[2,1],"92":[1,10],"93":[6,5],"94":[11,6],"95":[6,6],"96":[5,6],"97":[1,4],"98":[1,10],"99":[11,1],"100":[1,1],"101":[2,2],"102":[1,1],"103":[4,1],"104":[2,1],"105":[1,2]},"_coverageSchema":"43e27e138ebf9cfc5966b082cf9a028302ed4184","hash":"e908fd494f9f7d7745f5260ba0e86f3e6e7dc444"}
,"/www/sites/leo/leo-19-036-visa-game-react/src/tracking/xapi/XApiRegistry.js": {"path":"/www/sites/leo/leo-19-036-visa-game-react/src/tracking/xapi/XApiRegistry.js","statementMap":{"0":{"start":{"line":6,"column":21},"end":{"line":213,"column":1}}},"fnMap":{},"branchMap":{},"s":{"0":39},"f":{},"b":{},"_coverageSchema":"43e27e138ebf9cfc5966b082cf9a028302ed4184","hash":"2aab0b4dcd068d2b6b85a1e992246e49261cb0a1"}
,"/www/sites/leo/leo-19-036-visa-game-react/src/translations/en_us/index.js": {"path":"/www/sites/leo/leo-19-036-visa-game-react/src/translations/en_us/index.js","statementMap":{},"fnMap":{},"branchMap":{},"s":{},"f":{},"b":{},"hash":"65e7c55b98975396785524e776076c9b5929789e"}
,"/www/sites/leo/leo-19-036-visa-game-react/src/translations/en_us/clientproposals/index.js": {"path":"/www/sites/leo/leo-19-036-visa-game-react/src/translations/en_us/clientproposals/index.js","statementMap":{},"fnMap":{},"branchMap":{},"s":{},"f":{},"b":{},"hash":"1a4f73aefd9f86ea6f0d171a88aee954c5d9eb3c"}
,"/www/sites/leo/leo-19-036-visa-game-react/src/translations/en_us/clientproposals/clients/index.js": {"path":"/www/sites/leo/leo-19-036-visa-game-react/src/translations/en_us/clientproposals/clients/index.js","statementMap":{},"fnMap":{},"branchMap":{},"s":{},"f":{},"b":{},"_coverageSchema":"43e27e138ebf9cfc5966b082cf9a028302ed4184","hash":"38bdd33951ac9d1f567332427db6879e100156d6"}
,"/www/sites/leo/leo-19-036-visa-game-react/src/translations/en_us/diagnostic/index.js": {"path":"/www/sites/leo/leo-19-036-visa-game-react/src/translations/en_us/diagnostic/index.js","statementMap":{},"fnMap":{},"branchMap":{},"s":{},"f":{},"b":{},"hash":"85b50f7b23b8f8c2ce18b4172dc224dc1dc25e04"}
,"/www/sites/leo/leo-19-036-visa-game-react/src/translations/en_us/generic/index.js": {"path":"/www/sites/leo/leo-19-036-visa-game-react/src/translations/en_us/generic/index.js","statementMap":{},"fnMap":{},"branchMap":{},"s":{},"f":{},"b":{},"hash":"92fed59b444a0f7a3e1f00ef10e8724d1dcac8a8"}
,"/www/sites/leo/leo-19-036-visa-game-react/src/translations/en_us/generic/tooltips/index.js": {"path":"/www/sites/leo/leo-19-036-visa-game-react/src/translations/en_us/generic/tooltips/index.js","statementMap":{},"fnMap":{},"branchMap":{},"s":{},"f":{},"b":{},"hash":"19d20c6518a12166267cd7467f178308523c9cdb"}
,"/www/sites/leo/leo-19-036-visa-game-react/src/translations/en_us/generic/tutorial/index.js": {"path":"/www/sites/leo/leo-19-036-visa-game-react/src/translations/en_us/generic/tutorial/index.js","statementMap":{},"fnMap":{},"branchMap":{},"s":{},"f":{},"b":{},"hash":"87af45693f0de0916185ca5820092128dfcd8371"}
,"/www/sites/leo/leo-19-036-visa-game-react/src/translations/en_us/network/index.js": {"path":"/www/sites/leo/leo-19-036-visa-game-react/src/translations/en_us/network/index.js","statementMap":{},"fnMap":{},"branchMap":{},"s":{},"f":{},"b":{},"hash":"38d7cdfce9c1653abb4cf05cb32c8157e085eaad"}
,"/www/sites/leo/leo-19-036-visa-game-react/src/translations/en_us/network/maps/map1/challenges/index.js": {"path":"/www/sites/leo/leo-19-036-visa-game-react/src/translations/en_us/network/maps/map1/challenges/index.js","statementMap":{},"fnMap":{},"branchMap":{},"s":{},"f":{},"b":{},"_coverageSchema":"43e27e138ebf9cfc5966b082cf9a028302ed4184","hash":"60456b95b32965924841bc0b5ce0012a1236369e"}
,"/www/sites/leo/leo-19-036-visa-game-react/src/translations/en_us/network/maps/map1/products/index.js": {"path":"/www/sites/leo/leo-19-036-visa-game-react/src/translations/en_us/network/maps/map1/products/index.js","statementMap":{},"fnMap":{},"branchMap":{},"s":{},"f":{},"b":{},"_coverageSchema":"43e27e138ebf9cfc5966b082cf9a028302ed4184","hash":"ca48ed9d8509afbedf4eef26136f460e4cd24de5"}
,"/www/sites/leo/leo-19-036-visa-game-react/src/translations/en_us/network/productpages/index.js": {"path":"/www/sites/leo/leo-19-036-visa-game-react/src/translations/en_us/network/productpages/index.js","statementMap":{},"fnMap":{},"branchMap":{},"s":{},"f":{},"b":{},"hash":"a47880d20bee506e7a526ada85f56c9e50a1c878"}
,"/www/sites/leo/leo-19-036-visa-game-react/src/translations/en_us/xapi/gomo.js": {"path":"/www/sites/leo/leo-19-036-visa-game-react/src/translations/en_us/xapi/gomo.js","statementMap":{},"fnMap":{},"branchMap":{},"s":{},"f":{},"b":{},"_coverageSchema":"43e27e138ebf9cfc5966b082cf9a028302ed4184","hash":"3fc7912a22357e348aef4a7317100b03cd944046"}
,"/www/sites/leo/leo-19-036-visa-game-react/src/translations/en_us/xapi/index.js": {"path":"/www/sites/leo/leo-19-036-visa-game-react/src/translations/en_us/xapi/index.js","statementMap":{},"fnMap":{},"branchMap":{},"s":{},"f":{},"b":{},"_coverageSchema":"43e27e138ebf9cfc5966b082cf9a028302ed4184","hash":"4a5c22d2f814966c30e15b2e93b641c411ebfba8"}
}
