TN:
SF:/www/sites/leo/leo-19-036-visa-game-react/src/ScormTesterApis.js
FN:80,(anonymous_0)
FN:84,(anonymous_1)
FN:85,(anonymous_2)
FN:95,(anonymous_3)
FN:101,(anonymous_4)
FN:104,(anonymous_5)
FN:115,(anonymous_6)
FN:142,(anonymous_7)
FN:154,(anonymous_8)
FN:168,(anonymous_9)
FN:171,(anonymous_10)
FN:177,(anonymous_11)
FN:180,(anonymous_12)
FN:186,(anonymous_13)
FN:192,(anonymous_14)
FN:247,(anonymous_15)
FN:253,(anonymous_16)
FN:259,(anonymous_17)
FN:265,(anonymous_18)
FN:274,(anonymous_19)
FN:277,(anonymous_20)
FN:288,(anonymous_21)
FN:294,(anonymous_22)
FN:361,(anonymous_23)
FN:367,(anonymous_24)
FN:373,(anonymous_25)
FN:379,(anonymous_26)
FN:385,(anonymous_27)
FNF:28
FNH:0
FNDA:0,(anonymous_0)
FNDA:0,(anonymous_1)
FNDA:0,(anonymous_2)
FNDA:0,(anonymous_3)
FNDA:0,(anonymous_4)
FNDA:0,(anonymous_5)
FNDA:0,(anonymous_6)
FNDA:0,(anonymous_7)
FNDA:0,(anonymous_8)
FNDA:0,(anonymous_9)
FNDA:0,(anonymous_10)
FNDA:0,(anonymous_11)
FNDA:0,(anonymous_12)
FNDA:0,(anonymous_13)
FNDA:0,(anonymous_14)
FNDA:0,(anonymous_15)
FNDA:0,(anonymous_16)
FNDA:0,(anonymous_17)
FNDA:0,(anonymous_18)
FNDA:0,(anonymous_19)
FNDA:0,(anonymous_20)
FNDA:0,(anonymous_21)
FNDA:0,(anonymous_22)
FNDA:0,(anonymous_23)
FNDA:0,(anonymous_24)
FNDA:0,(anonymous_25)
FNDA:0,(anonymous_26)
FNDA:0,(anonymous_27)
DA:2,0
DA:35,0
DA:81,0
DA:82,0
DA:88,0
DA:89,0
DA:90,0
DA:92,0
DA:93,0
DA:96,0
DA:97,0
DA:98,0
DA:99,0
DA:102,0
DA:105,0
DA:106,0
DA:107,0
DA:108,0
DA:110,0
DA:111,0
DA:113,0
DA:116,0
DA:117,0
DA:118,0
DA:119,0
DA:121,0
DA:122,0
DA:123,0
DA:124,0
DA:128,0
DA:134,0
DA:136,0
DA:137,0
DA:138,0
DA:140,0
DA:143,0
DA:144,0
DA:145,0
DA:146,0
DA:147,0
DA:148,0
DA:150,0
DA:152,0
DA:155,0
DA:156,0
DA:157,0
DA:158,0
DA:159,0
DA:160,0
DA:162,0
DA:163,0
DA:165,0
DA:166,0
DA:169,0
DA:172,0
DA:178,0
DA:181,0
DA:182,0
DA:183,0
DA:184,0
DA:187,0
DA:188,0
DA:189,0
DA:190,0
DA:193,0
DA:195,0
DA:196,0
DA:198,0
DA:206,0
DA:207,0
DA:209,0
DA:212,0
DA:213,0
DA:216,0
DA:217,0
DA:219,0
DA:227,0
DA:228,0
DA:230,0
DA:233,0
DA:236,0
DA:237,0
DA:239,0
DA:240,0
DA:242,0
DA:245,0
DA:248,0
DA:249,0
DA:250,0
DA:251,0
DA:254,0
DA:255,0
DA:256,0
DA:257,0
DA:260,0
DA:261,0
DA:262,0
DA:263,0
DA:266,0
DA:267,0
DA:268,0
DA:269,0
DA:275,0
DA:278,0
DA:279,0
DA:280,0
DA:281,0
DA:283,0
DA:285,0
DA:286,0
DA:289,0
DA:290,0
DA:291,0
DA:292,0
DA:295,0
DA:296,0
DA:298,0
DA:299,0
DA:301,0
DA:307,0
DA:308,0
DA:310,0
DA:312,0
DA:313,0
DA:314,0
DA:316,0
DA:319,0
DA:320,0
DA:322,0
DA:325,0
DA:326,0
DA:341,0
DA:342,0
DA:344,0
DA:347,0
DA:350,0
DA:351,0
DA:353,0
DA:354,0
DA:356,0
DA:359,0
DA:362,0
DA:363,0
DA:364,0
DA:365,0
DA:368,0
DA:369,0
DA:370,0
DA:371,0
DA:374,0
DA:375,0
DA:376,0
DA:377,0
DA:380,0
DA:381,0
DA:382,0
DA:383,0
DA:386,0
DA:387,0
DA:388,0
LF:160
LH:0
BRDA:106,0,0,0
BRDA:106,0,1,0
BRDA:113,1,0,0
BRDA:113,1,1,0
BRDA:118,2,0,0
BRDA:118,2,1,0
BRDA:121,3,0,0
BRDA:121,3,1,0
BRDA:121,4,0,0
BRDA:121,4,1,0
BRDA:123,5,0,0
BRDA:123,5,1,0
BRDA:124,6,0,0
BRDA:124,6,1,0
BRDA:125,7,0,0
BRDA:125,7,1,0
BRDA:125,7,2,0
BRDA:145,8,0,0
BRDA:145,8,1,0
BRDA:157,9,0,0
BRDA:157,9,1,0
BRDA:195,10,0,0
BRDA:195,10,1,0
BRDA:196,11,0,0
BRDA:196,11,1,0
BRDA:196,11,2,0
BRDA:196,11,3,0
BRDA:196,11,4,0
BRDA:196,11,5,0
BRDA:196,11,6,0
BRDA:196,11,7,0
BRDA:196,11,8,0
BRDA:196,11,9,0
BRDA:196,11,10,0
BRDA:196,11,11,0
BRDA:196,11,12,0
BRDA:206,12,0,0
BRDA:206,12,1,0
BRDA:216,13,0,0
BRDA:216,13,1,0
BRDA:236,14,0,0
BRDA:236,14,1,0
BRDA:239,15,0,0
BRDA:239,15,1,0
BRDA:280,16,0,0
BRDA:280,16,1,0
BRDA:298,17,0,0
BRDA:298,17,1,0
BRDA:299,18,0,0
BRDA:299,18,1,0
BRDA:299,18,2,0
BRDA:299,18,3,0
BRDA:299,18,4,0
BRDA:299,18,5,0
BRDA:299,18,6,0
BRDA:299,18,7,0
BRDA:299,18,8,0
BRDA:299,18,9,0
BRDA:299,18,10,0
BRDA:299,18,11,0
BRDA:299,18,12,0
BRDA:299,18,13,0
BRDA:299,18,14,0
BRDA:299,18,15,0
BRDA:299,18,16,0
BRDA:299,18,17,0
BRDA:299,18,18,0
BRDA:299,18,19,0
BRDA:299,18,20,0
BRDA:307,19,0,0
BRDA:307,19,1,0
BRDA:313,20,0,0
BRDA:313,20,1,0
BRDA:319,21,0,0
BRDA:319,21,1,0
BRDA:350,22,0,0
BRDA:350,22,1,0
BRDA:353,23,0,0
BRDA:353,23,1,0
BRF:79
BRH:0
end_of_record
TN:
SF:/www/sites/leo/leo-19-036-visa-game-react/src/index.js
FNF:0
FNH:0
DA:1,0
LF:1
LH:0
BRF:0
BRH:0
end_of_record
TN:
SF:/www/sites/leo/leo-19-036-visa-game-react/src/index.jsx
FNF:0
FNH:0
LF:0
LH:0
BRDA:15,0,0,0
BRDA:15,0,1,0
BRF:2
BRH:0
end_of_record
TN:
SF:/www/sites/leo/leo-19-036-visa-game-react/src/store.js
FN:31,(anonymous_0)
FNF:1
FNH:0
FNDA:0,(anonymous_0)
DA:14,0
DA:18,0
DA:19,0
DA:21,0
DA:23,0
DA:24,0
DA:31,0
DA:32,0
DA:36,0
DA:39,0
DA:40,0
DA:41,0
LF:12
LH:0
BRDA:18,0,0,0
BRDA:18,0,1,0
BRDA:23,1,0,0
BRDA:23,1,1,0
BRF:4
BRH:0
end_of_record
TN:
SF:/www/sites/leo/leo-19-036-visa-game-react/src/actions/achievementTypes.js
FNF:0
FNH:0
DA:1,43
DA:2,43
DA:4,43
DA:5,43
DA:6,43
DA:7,43
DA:8,43
DA:10,43
DA:11,43
LF:9
LH:9
BRF:0
BRH:0
end_of_record
TN:
SF:/www/sites/leo/leo-19-036-visa-game-react/src/actions/achievements.js
FN:3,setCompletedAchievement
FN:10,restoreAchievements
FN:18,updateProductAchievements
FN:24,updateProposalAchievements
FN:30,updateScoredAchievements
FN:36,updateSettingsAchievements
FN:42,updateTimedAchievements
FN:48,resetChangedAchievement
FN:54,resetAchievements
FNF:9
FNH:9
FNDA:2,setCompletedAchievement
FNDA:1,restoreAchievements
FNDA:1,updateProductAchievements
FNDA:1,updateProposalAchievements
FNDA:1,updateScoredAchievements
FNDA:2,updateSettingsAchievements
FNDA:1,updateTimedAchievements
FNDA:1,resetChangedAchievement
FNDA:1,resetAchievements
DA:4,2
DA:11,1
DA:19,1
DA:25,1
DA:31,1
DA:37,2
DA:43,1
DA:49,1
DA:55,1
LF:9
LH:9
BRF:0
BRH:0
end_of_record
TN:
SF:/www/sites/leo/leo-19-036-visa-game-react/src/actions/audio.js
FN:3,(anonymous_0)
FN:8,(anonymous_1)
FN:13,(anonymous_2)
FN:17,(anonymous_3)
FN:21,(anonymous_4)
FNF:5
FNH:5
FNDA:1,(anonymous_0)
FNDA:1,(anonymous_1)
FNDA:2,(anonymous_2)
FNDA:1,(anonymous_3)
FNDA:1,(anonymous_4)
DA:3,40
DA:8,40
DA:13,40
DA:17,40
DA:21,40
LF:5
LH:5
BRF:0
BRH:0
end_of_record
TN:
SF:/www/sites/leo/leo-19-036-visa-game-react/src/actions/audioTypes.js
FNF:0
FNH:0
DA:1,42
DA:2,42
DA:3,42
DA:4,42
DA:5,42
LF:5
LH:5
BRF:0
BRH:0
end_of_record
TN:
SF:/www/sites/leo/leo-19-036-visa-game-react/src/actions/client.js
FN:3,(anonymous_0)
FN:8,(anonymous_1)
FN:13,(anonymous_2)
FN:18,(anonymous_3)
FN:24,(anonymous_4)
FN:29,(anonymous_5)
FN:34,(anonymous_6)
FN:39,(anonymous_7)
FN:43,(anonymous_8)
FN:47,(anonymous_9)
FN:52,(anonymous_10)
FN:59,(anonymous_11)
FN:64,(anonymous_12)
FN:70,(anonymous_13)
FN:75,(anonymous_14)
FN:80,(anonymous_15)
FN:84,(anonymous_16)
FN:88,(anonymous_17)
FNF:18
FNH:18
FNDA:1,(anonymous_0)
FNDA:1,(anonymous_1)
FNDA:1,(anonymous_2)
FNDA:3,(anonymous_3)
FNDA:1,(anonymous_4)
FNDA:1,(anonymous_5)
FNDA:1,(anonymous_6)
FNDA:1,(anonymous_7)
FNDA:2,(anonymous_8)
FNDA:2,(anonymous_9)
FNDA:1,(anonymous_10)
FNDA:1,(anonymous_11)
FNDA:1,(anonymous_12)
FNDA:2,(anonymous_13)
FNDA:1,(anonymous_14)
FNDA:1,(anonymous_15)
FNDA:1,(anonymous_16)
FNDA:1,(anonymous_17)
DA:3,40
DA:8,40
DA:13,40
DA:18,40
DA:24,40
DA:29,40
DA:34,40
DA:39,40
DA:43,40
DA:47,40
DA:52,40
DA:59,40
DA:64,40
DA:70,40
DA:75,40
DA:80,40
DA:84,40
DA:88,40
LF:18
LH:18
BRF:0
BRH:0
end_of_record
TN:
SF:/www/sites/leo/leo-19-036-visa-game-react/src/actions/clientTypes.js
FNF:0
FNH:0
DA:1,43
DA:2,43
DA:3,43
DA:4,43
DA:5,43
DA:7,43
DA:8,43
DA:9,43
DA:10,43
DA:11,43
DA:12,43
DA:14,43
DA:15,43
DA:17,43
DA:18,43
DA:19,43
DA:20,43
DA:21,43
DA:22,43
LF:19
LH:19
BRF:0
BRH:0
end_of_record
TN:
SF:/www/sites/leo/leo-19-036-visa-game-react/src/actions/diagnostic.js
FN:3,setDiagnosticCompletion
FN:10,setDiagnosticVisited
FN:16,setRegion
FN:23,resetDiagnostic
FN:29,setDiagnosticData
FNF:5
FNH:5
FNDA:1,setDiagnosticCompletion
FNDA:1,setDiagnosticVisited
FNDA:1,setRegion
FNDA:1,resetDiagnostic
FNDA:1,setDiagnosticData
DA:4,1
DA:11,1
DA:17,1
DA:24,1
DA:30,1
LF:5
LH:5
BRF:0
BRH:0
end_of_record
TN:
SF:/www/sites/leo/leo-19-036-visa-game-react/src/actions/diagnosticTypes.js
FNF:0
FNH:0
DA:1,40
DA:2,40
DA:3,40
DA:4,40
DA:5,40
LF:5
LH:5
BRF:0
BRH:0
end_of_record
TN:
SF:/www/sites/leo/leo-19-036-visa-game-react/src/actions/generic.js
FN:3,changeScreen
FN:10,resetScreen
FN:16,suspendDataParsed
FN:23,setGenericData
FN:30,updateLaunched
FN:36,setScreenReferrer
FN:43,setPopupReferrer
FN:50,setProductPageInactive
FN:57,toggleSettingsBtnState
FN:63,disableFeedback
FN:69,(anonymous_10)
FN:73,(anonymous_11)
FN:77,(anonymous_12)
FNF:13
FNH:13
FNDA:2,changeScreen
FNDA:1,resetScreen
FNDA:1,suspendDataParsed
FNDA:1,setGenericData
FNDA:1,updateLaunched
FNDA:1,setScreenReferrer
FNDA:1,setPopupReferrer
FNDA:1,setProductPageInactive
FNDA:1,toggleSettingsBtnState
FNDA:1,disableFeedback
FNDA:1,(anonymous_10)
FNDA:1,(anonymous_11)
FNDA:1,(anonymous_12)
DA:4,2
DA:11,1
DA:17,1
DA:24,1
DA:31,1
DA:37,1
DA:44,1
DA:51,1
DA:58,1
DA:64,1
DA:69,38
DA:73,38
DA:77,38
LF:13
LH:13
BRF:0
BRH:0
end_of_record
TN:
SF:/www/sites/leo/leo-19-036-visa-game-react/src/actions/genericTypes.js
FNF:0
FNH:0
DA:1,42
DA:2,42
DA:3,42
DA:4,42
DA:5,42
DA:6,42
DA:7,42
DA:8,42
DA:9,42
DA:10,42
DA:11,42
DA:12,42
DA:13,42
LF:13
LH:13
BRF:0
BRH:0
end_of_record
TN:
SF:/www/sites/leo/leo-19-036-visa-game-react/src/actions/hints.js
FN:3,setCurrentHintGroup
FN:10,setHintGroupIndex
FN:17,setHintsPaused
FNF:3
FNH:3
FNDA:3,setCurrentHintGroup
FNDA:2,setHintGroupIndex
FNDA:7,setHintsPaused
DA:4,3
DA:11,2
DA:18,7
LF:3
LH:3
BRF:0
BRH:0
end_of_record
TN:
SF:/www/sites/leo/leo-19-036-visa-game-react/src/actions/hintsTypes.js
FNF:0
FNH:0
DA:1,40
DA:2,40
DA:3,40
LF:3
LH:3
BRF:0
BRH:0
end_of_record
TN:
SF:/www/sites/leo/leo-19-036-visa-game-react/src/actions/index.js
FNF:0
FNH:0
DA:16,37
LF:1
LH:1
BRF:0
BRH:0
end_of_record
TN:
SF:/www/sites/leo/leo-19-036-visa-game-react/src/actions/map.js
FN:3,setChallenges
FN:10,setFamilies
FN:17,initialiseMapState
FN:24,updateChallengeStatus
FN:33,updateFamilyStatus
FN:41,setLastChallengesModified
FN:48,setLastProductCompleted
FN:55,resetLastProductCompleted
FN:61,setCurrentFamilyProduct
FN:70,addPerfectChallenge
FN:77,setCompletedProducts
FN:84,addCompletedProduct
FN:91,setCompletedChallenges
FN:98,addCompletedChallenge
FN:105,resetProgress
FN:111,setProductPageViewedSession
FNF:16
FNH:16
FNDA:1,setChallenges
FNDA:1,setFamilies
FNDA:1,initialiseMapState
FNDA:1,updateChallengeStatus
FNDA:1,updateFamilyStatus
FNDA:2,setLastChallengesModified
FNDA:1,setLastProductCompleted
FNDA:1,resetLastProductCompleted
FNDA:3,setCurrentFamilyProduct
FNDA:3,addPerfectChallenge
FNDA:2,setCompletedProducts
FNDA:2,addCompletedProduct
FNDA:2,setCompletedChallenges
FNDA:2,addCompletedChallenge
FNDA:1,resetProgress
FNDA:1,setProductPageViewedSession
DA:4,1
DA:11,1
DA:18,1
DA:25,1
DA:34,1
DA:42,2
DA:49,1
DA:56,1
DA:62,3
DA:71,3
DA:78,2
DA:85,2
DA:92,2
DA:99,2
DA:106,1
DA:112,1
LF:16
LH:16
BRF:0
BRH:0
end_of_record
TN:
SF:/www/sites/leo/leo-19-036-visa-game-react/src/actions/mapTypes.js
FNF:0
FNH:0
DA:1,43
DA:2,43
DA:3,43
DA:5,43
DA:6,43
DA:8,43
DA:9,43
DA:10,43
DA:12,43
DA:14,43
DA:15,43
DA:16,43
DA:17,43
DA:18,43
DA:20,43
DA:22,43
LF:16
LH:16
BRF:0
BRH:0
end_of_record
TN:
SF:/www/sites/leo/leo-19-036-visa-game-react/src/actions/promptTypes.js
FNF:0
FNH:0
DA:1,47
DA:2,47
DA:3,47
DA:4,47
DA:5,47
DA:6,47
DA:7,47
DA:8,47
DA:9,47
DA:10,47
DA:11,47
DA:12,47
DA:13,47
LF:13
LH:13
BRF:0
BRH:0
end_of_record
TN:
SF:/www/sites/leo/leo-19-036-visa-game-react/src/actions/prompts.js
FN:3,addProductPrompt
FN:10,resetProductPrompt
FN:16,addBonusStreakPrompt
FN:22,resetBonusStreakPrompt
FN:28,addAchievementPrompt
FN:35,resetAchievementPrompts
FN:41,addRankPrompt
FN:48,resetRankPrompt
FN:54,addPrompts
FN:61,setPromptsPaused
FN:68,setDisplayPrompts
FN:74,resetDisplayedPrompts
FN:80,resetPrompts
FNF:13
FNH:13
FNDA:2,addProductPrompt
FNDA:1,resetProductPrompt
FNDA:2,addBonusStreakPrompt
FNDA:1,resetBonusStreakPrompt
FNDA:2,addAchievementPrompt
FNDA:2,resetAchievementPrompts
FNDA:2,addRankPrompt
FNDA:1,resetRankPrompt
FNDA:1,addPrompts
FNDA:1,setPromptsPaused
FNDA:2,setDisplayPrompts
FNDA:1,resetDisplayedPrompts
FNDA:1,resetPrompts
DA:4,2
DA:11,1
DA:17,2
DA:23,1
DA:29,2
DA:36,2
DA:42,2
DA:49,1
DA:55,1
DA:62,1
DA:69,2
DA:75,1
DA:81,1
LF:13
LH:13
BRF:0
BRH:0
end_of_record
TN:
SF:/www/sites/leo/leo-19-036-visa-game-react/src/actions/score.js
FN:3,setTotalScore
FN:10,setDisplayedScore
FN:16,updateDisplayedScore
FN:22,setRunningScore
FN:29,setRank
FN:36,setScores
FN:44,increaseScore
FN:51,decreaseScore
FN:58,setCategories
FN:65,increaseChallengesCompleted
FN:71,increasePerfectBonus
FN:77,increaseStreakBonus
FN:83,increaseClientNeeds
FN:89,increaseProductsCompleted
FN:95,increaseProposalsCompleted
FN:101,increaseAchievementsUnlocked
FN:107,resetRunningCategories
FN:113,resetAllScores
FNF:18
FNH:18
FNDA:1,setTotalScore
FNDA:1,setDisplayedScore
FNDA:2,updateDisplayedScore
FNDA:1,setRunningScore
FNDA:1,setRank
FNDA:1,setScores
FNDA:4,increaseScore
FNDA:1,decreaseScore
FNDA:1,setCategories
FNDA:1,increaseChallengesCompleted
FNDA:1,increasePerfectBonus
FNDA:2,increaseStreakBonus
FNDA:2,increaseClientNeeds
FNDA:1,increaseProductsCompleted
FNDA:1,increaseProposalsCompleted
FNDA:2,increaseAchievementsUnlocked
FNDA:2,resetRunningCategories
FNDA:1,resetAllScores
DA:4,1
DA:11,1
DA:17,2
DA:23,1
DA:30,1
DA:37,1
DA:45,4
DA:52,1
DA:59,1
DA:66,1
DA:72,1
DA:78,2
DA:84,2
DA:90,1
DA:96,1
DA:102,2
DA:108,2
DA:114,1
LF:18
LH:18
BRF:0
BRH:0
end_of_record
TN:
SF:/www/sites/leo/leo-19-036-visa-game-react/src/actions/scoreTypes.js
FNF:0
FNH:0
DA:2,44
DA:3,44
DA:4,44
DA:5,44
DA:6,44
DA:7,44
DA:8,44
DA:9,44
DA:11,44
DA:12,44
DA:13,44
DA:14,44
DA:15,44
DA:16,44
DA:17,44
DA:18,44
DA:20,44
DA:21,44
LF:18
LH:18
BRF:0
BRH:0
end_of_record
TN:
SF:/www/sites/leo/leo-19-036-visa-game-react/src/actions/scorm.js
FN:3,initialiseScorm
FN:9,setLessonLocation
FN:16,setCompletionStatus
FN:23,setSuspendDataItem
FN:31,setScormValue
FN:39,commit
FN:45,terminateScorm
FN:51,prepareSuspendData
FNF:8
FNH:8
FNDA:2,initialiseScorm
FNDA:1,setLessonLocation
FNDA:1,setCompletionStatus
FNDA:1,setSuspendDataItem
FNDA:1,setScormValue
FNDA:2,commit
FNDA:1,terminateScorm
FNDA:2,prepareSuspendData
DA:4,2
DA:10,1
DA:17,1
DA:24,1
DA:32,1
DA:40,2
DA:46,1
DA:52,2
LF:8
LH:8
BRF:0
BRH:0
end_of_record
TN:
SF:/www/sites/leo/leo-19-036-visa-game-react/src/actions/scormTypes.js
FNF:0
FNH:0
DA:1,43
DA:3,43
DA:4,43
DA:5,43
DA:6,43
DA:8,43
DA:9,43
DA:11,43
LF:8
LH:8
BRF:0
BRH:0
end_of_record
TN:
SF:/www/sites/leo/leo-19-036-visa-game-react/src/actions/settings.js
FN:3,toggleAudio
FN:10,toggleTooltips
FN:17,setSettings
FNF:3
FNH:3
FNDA:2,toggleAudio
FNDA:2,toggleTooltips
FNDA:1,setSettings
DA:4,2
DA:11,2
DA:18,1
LF:3
LH:3
BRF:0
BRH:0
end_of_record
TN:
SF:/www/sites/leo/leo-19-036-visa-game-react/src/actions/settingsTypes.js
FNF:0
FNH:0
DA:1,40
DA:2,40
DA:3,40
LF:3
LH:3
BRF:0
BRH:0
end_of_record
TN:
SF:/www/sites/leo/leo-19-036-visa-game-react/src/actions/streak.js
FN:3,increaseStreak
FN:9,setStreak
FN:16,resetStreakProgress
FN:24,checkStreakStatus
FNF:4
FNH:4
FNDA:1,increaseStreak
FNDA:1,setStreak
FNDA:1,resetStreakProgress
FNDA:1,checkStreakStatus
DA:4,1
DA:10,1
DA:17,1
DA:25,1
LF:4
LH:4
BRF:0
BRH:0
end_of_record
TN:
SF:/www/sites/leo/leo-19-036-visa-game-react/src/actions/streakTypes.js
FNF:0
FNH:0
DA:1,43
DA:2,43
DA:3,43
DA:4,43
LF:4
LH:4
BRF:0
BRH:0
end_of_record
TN:
SF:/www/sites/leo/leo-19-036-visa-game-react/src/actions/tutorial.js
FN:3,(anonymous_0)
FN:8,(anonymous_1)
FNF:2
FNH:2
FNDA:1,(anonymous_0)
FNDA:1,(anonymous_1)
DA:3,38
DA:8,38
LF:2
LH:2
BRF:0
BRH:0
end_of_record
TN:
SF:/www/sites/leo/leo-19-036-visa-game-react/src/actions/tutorialTypes.js
FNF:0
FNH:0
DA:1,40
DA:2,40
LF:2
LH:2
BRF:0
BRH:0
end_of_record
TN:
SF:/www/sites/leo/leo-19-036-visa-game-react/src/components/App.jsx
FN:38,(anonymous_0)
FN:54,(anonymous_1)
FN:76,(anonymous_2)
FN:81,(anonymous_3)
FN:85,(anonymous_4)
FN:89,(anonymous_5)
FN:93,(anonymous_6)
FN:98,(anonymous_7)
FN:103,(anonymous_8)
FN:119,(anonymous_9)
FN:126,(anonymous_10)
FN:179,(anonymous_11)
FNF:12
FNH:12
FNDA:11,(anonymous_0)
FNDA:11,(anonymous_1)
FNDA:1,(anonymous_2)
FNDA:1,(anonymous_3)
FNDA:1,(anonymous_4)
FNDA:1,(anonymous_5)
FNDA:1,(anonymous_6)
FNDA:1,(anonymous_7)
FNDA:14,(anonymous_8)
FNDA:2,(anonymous_9)
FNDA:20,(anonymous_10)
FNDA:1,(anonymous_11)
DA:39,11
DA:40,11
DA:46,11
DA:47,11
DA:48,11
DA:49,11
DA:50,11
DA:51,11
DA:55,11
DA:56,11
DA:57,11
DA:58,11
DA:60,11
DA:62,11
DA:63,11
DA:66,11
DA:69,11
DA:71,11
DA:72,10
DA:77,1
DA:78,1
DA:82,1
DA:86,1
DA:90,1
DA:91,1
DA:92,1
DA:93,1
DA:94,1
DA:99,1
DA:100,1
DA:104,14
DA:105,14
DA:106,14
DA:107,14
DA:108,2
DA:109,4
DA:110,2
DA:112,6
DA:115,8
DA:120,2
DA:121,2
DA:122,2
DA:123,2
DA:127,20
DA:128,20
DA:129,1
DA:131,19
DA:172,1
DA:179,1
DA:180,1
LF:50
LH:50
BRDA:71,0,0,10
BRDA:71,0,1,1
BRDA:107,1,0,2
BRDA:107,1,1,4
BRDA:109,2,0,2
BRDA:109,2,1,2
BRDA:128,3,0,1
BRDA:128,3,1,19
BRF:8
BRH:8
end_of_record
TN:
SF:/www/sites/leo/leo-19-036-visa-game-react/src/components/diagnostic/Diagnostic.jsx
FN:18,(anonymous_0)
FN:30,(anonymous_1)
FN:47,(anonymous_2)
FN:51,(anonymous_3)
FN:65,(anonymous_4)
FN:67,(anonymous_5)
FN:92,(anonymous_6)
FN:107,(anonymous_7)
FN:153,(anonymous_8)
FNF:9
FNH:9
FNDA:9,(anonymous_0)
FNDA:3,(anonymous_1)
FNDA:2,(anonymous_2)
FNDA:1,(anonymous_3)
FNDA:1,(anonymous_4)
FNDA:1,(anonymous_5)
FNDA:3,(anonymous_6)
FNDA:11,(anonymous_7)
FNDA:1,(anonymous_8)
DA:19,9
DA:20,9
DA:24,9
DA:26,9
DA:27,9
DA:36,3
DA:38,3
DA:39,3
DA:40,3
DA:42,3
DA:45,3
DA:46,2
DA:47,2
DA:56,1
DA:57,1
DA:58,1
DA:59,1
DA:60,1
DA:61,1
DA:62,1
DA:66,1
DA:67,1
DA:71,1
DA:93,3
DA:94,3
DA:95,3
DA:97,3
DA:98,2
DA:99,2
DA:100,2
DA:101,1
DA:103,2
DA:108,11
DA:109,11
DA:144,2
DA:153,2
LF:36
LH:36
BRDA:45,0,0,2
BRDA:45,0,1,1
BRDA:97,1,0,2
BRDA:97,1,1,1
BRDA:100,2,0,1
BRDA:100,2,1,1
BRDA:100,3,0,2
BRDA:100,3,1,1
BRDA:132,4,0,7
BRDA:132,4,1,4
BRF:10
BRH:10
end_of_record
TN:
SF:/www/sites/leo/leo-19-036-visa-game-react/src/components/diagnostic/regionselectors.js
FN:3,(anonymous_0)
FN:5,(anonymous_1)
FN:7,(anonymous_2)
FNF:3
FNH:3
FNDA:1,(anonymous_0)
FNDA:1,(anonymous_1)
FNDA:1,(anonymous_2)
DA:3,3
DA:5,3
DA:7,3
LF:3
LH:3
BRF:0
BRH:0
end_of_record
TN:
SF:/www/sites/leo/leo-19-036-visa-game-react/src/components/game/Game.jsx
FN:20,(anonymous_0)
FN:38,(anonymous_1)
FN:48,(anonymous_2)
FN:52,(anonymous_3)
FN:56,(anonymous_4)
FN:61,(anonymous_5)
FN:65,(anonymous_6)
FN:69,(anonymous_7)
FN:76,(anonymous_8)
FN:80,(anonymous_9)
FN:152,(anonymous_10)
FNF:11
FNH:11
FNDA:10,(anonymous_0)
FNDA:10,(anonymous_1)
FNDA:1,(anonymous_2)
FNDA:1,(anonymous_3)
FNDA:1,(anonymous_4)
FNDA:1,(anonymous_5)
FNDA:1,(anonymous_6)
FNDA:1,(anonymous_7)
FNDA:2,(anonymous_8)
FNDA:15,(anonymous_9)
FNDA:1,(anonymous_10)
DA:21,10
DA:22,10
DA:30,10
DA:31,10
DA:32,10
DA:33,10
DA:34,10
DA:35,10
DA:39,10
DA:40,10
DA:42,10
DA:43,2
DA:44,2
DA:49,1
DA:53,1
DA:57,1
DA:58,1
DA:62,1
DA:66,1
DA:70,1
DA:71,1
DA:72,1
DA:73,1
DA:77,2
DA:81,15
DA:82,15
DA:144,2
DA:152,2
LF:28
LH:28
BRDA:25,0,0,10
BRDA:25,0,1,10
BRDA:25,0,2,1
BRDA:42,1,0,2
BRDA:42,1,1,8
BRF:5
BRH:5
end_of_record
TN:
SF:/www/sites/leo/leo-19-036-visa-game-react/src/components/game/clientproposals/ClientAvatar.jsx
FN:7,(anonymous_0)
FNF:1
FNH:1
FNDA:1,(anonymous_0)
DA:7,7
DA:8,1
DA:18,7
DA:22,7
LF:4
LH:4
BRF:0
BRH:0
end_of_record
TN:
SF:/www/sites/leo/leo-19-036-visa-game-react/src/components/game/clientproposals/ClientIconButton.jsx
FN:8,(anonymous_0)
FN:25,(anonymous_1)
FNF:2
FNH:2
FNDA:5,(anonymous_0)
FNDA:1,(anonymous_1)
DA:8,5
DA:16,5
DA:17,5
DA:18,5
DA:19,5
DA:21,5
DA:25,1
DA:42,5
DA:46,5
LF:9
LH:9
BRDA:17,0,0,1
BRDA:17,0,1,4
BRDA:18,1,0,1
BRDA:18,1,1,4
BRDA:19,2,0,1
BRDA:19,2,1,4
BRDA:19,3,0,5
BRDA:19,3,1,5
BRDA:26,4,0,5
BRDA:26,4,1,4
BRDA:26,4,2,4
BRDA:29,5,0,5
BRDA:29,5,1,5
BRDA:29,5,2,1
BRF:14
BRH:14
end_of_record
TN:
SF:/www/sites/leo/leo-19-036-visa-game-react/src/components/game/clientproposals/ClientInfo.jsx
FN:12,(anonymous_0)
FNF:1
FNH:1
FNDA:1,(anonymous_0)
DA:12,5
DA:13,1
DA:59,5
LF:3
LH:3
BRF:0
BRH:0
end_of_record
TN:
SF:/www/sites/leo/leo-19-036-visa-game-react/src/components/game/clientproposals/ClientInfoButtons.jsx
FN:19,(anonymous_0)
FN:25,(anonymous_1)
FN:31,(anonymous_2)
FN:36,(anonymous_3)
FN:40,(anonymous_4)
FN:108,(anonymous_5)
FNF:6
FNH:6
FNDA:7,(anonymous_0)
FNDA:1,(anonymous_1)
FNDA:1,(anonymous_2)
FNDA:7,(anonymous_3)
FNDA:7,(anonymous_4)
FNDA:1,(anonymous_5)
DA:20,7
DA:21,7
DA:22,7
DA:26,1
DA:27,1
DA:28,1
DA:32,1
DA:33,1
DA:37,7
DA:38,7
DA:41,7
DA:43,4
DA:56,1
DA:69,1
DA:82,1
DA:101,6
DA:108,6
DA:109,1
LF:18
LH:18
BRDA:41,0,0,4
BRDA:41,0,1,1
BRDA:41,0,2,1
BRDA:41,0,3,1
BRF:4
BRH:4
end_of_record
TN:
SF:/www/sites/leo/leo-19-036-visa-game-react/src/components/game/clientproposals/ClientInfoSummaryItem.jsx
FN:9,(anonymous_0)
FNF:1
FNH:1
FNDA:2,(anonymous_0)
DA:9,6
DA:10,2
DA:25,6
DA:29,6
LF:4
LH:4
BRDA:12,0,0,1
BRDA:12,0,1,1
BRF:2
BRH:2
end_of_record
TN:
SF:/www/sites/leo/leo-19-036-visa-game-react/src/components/game/clientproposals/ClientLocked.jsx
FN:14,(anonymous_0)
FN:29,(anonymous_1)
FN:39,(anonymous_2)
FN:44,(anonymous_3)
FN:52,(anonymous_4)
FN:64,(anonymous_5)
FN:99,(anonymous_6)
FNF:7
FNH:7
FNDA:6,(anonymous_0)
FNDA:2,(anonymous_1)
FNDA:1,(anonymous_2)
FNDA:3,(anonymous_3)
FNDA:2,(anonymous_4)
FNDA:10,(anonymous_5)
FNDA:1,(anonymous_6)
DA:15,6
DA:16,6
DA:21,6
DA:22,6
DA:23,6
DA:24,6
DA:26,6
DA:30,2
DA:31,2
DA:32,2
DA:33,2
DA:34,2
DA:35,2
DA:36,2
DA:40,1
DA:41,1
DA:45,3
DA:46,3
DA:53,2
DA:54,2
DA:55,2
DA:57,2
DA:58,1
DA:59,1
DA:60,1
DA:65,10
DA:66,10
DA:87,6
DA:91,6
DA:99,6
DA:100,1
LF:31
LH:31
BRDA:57,0,0,1
BRDA:57,0,1,1
BRDA:72,1,0,1
BRDA:72,1,1,9
BRF:4
BRH:4
end_of_record
TN:
SF:/www/sites/leo/leo-19-036-visa-game-react/src/components/game/clientproposals/ClientProposals.jsx
FN:13,(anonymous_0)
FNF:1
FNH:1
FNDA:1,(anonymous_0)
DA:13,3
DA:14,1
DA:31,3
LF:3
LH:3
BRF:0
BRH:0
end_of_record
TN:
SF:/www/sites/leo/leo-19-036-visa-game-react/src/components/game/clientproposals/GetStarted.jsx
FN:7,(anonymous_0)
FNF:1
FNH:1
FNDA:1,(anonymous_0)
DA:7,5
DA:8,1
LF:2
LH:2
BRF:0
BRH:0
end_of_record
TN:
SF:/www/sites/leo/leo-19-036-visa-game-react/src/components/game/clientproposals/ProposalsSelector.jsx
FN:26,(anonymous_0)
FN:40,(anonymous_1)
FN:55,(anonymous_2)
FN:62,(anonymous_3)
FN:77,(anonymous_4)
FN:84,(anonymous_5)
FN:89,(anonymous_6)
FN:92,(anonymous_7)
FN:96,(anonymous_8)
FN:102,(anonymous_9)
FN:115,(anonymous_10)
FN:120,(anonymous_11)
FN:127,(anonymous_12)
FN:131,(anonymous_13)
FN:150,(anonymous_14)
FN:153,(anonymous_15)
FN:156,(anonymous_16)
FN:165,(anonymous_17)
FN:168,(anonymous_18)
FN:171,(anonymous_19)
FN:172,(anonymous_20)
FN:179,(anonymous_21)
FN:235,(anonymous_22)
FN:245,(anonymous_23)
FNF:24
FNH:24
FNDA:20,(anonymous_0)
FNDA:3,(anonymous_1)
FNDA:2,(anonymous_2)
FNDA:1,(anonymous_3)
FNDA:2,(anonymous_4)
FNDA:1,(anonymous_5)
FNDA:8,(anonymous_6)
FNDA:2,(anonymous_7)
FNDA:1,(anonymous_8)
FNDA:31,(anonymous_9)
FNDA:4,(anonymous_10)
FNDA:30,(anonymous_11)
FNDA:1,(anonymous_12)
FNDA:1,(anonymous_13)
FNDA:28,(anonymous_14)
FNDA:4,(anonymous_15)
FNDA:280,(anonymous_16)
FNDA:896,(anonymous_17)
FNDA:280,(anonymous_18)
FNDA:280,(anonymous_19)
FNDA:40,(anonymous_20)
FNDA:10,(anonymous_21)
FNDA:1,(anonymous_22)
FNDA:1,(anonymous_23)
DA:27,20
DA:28,20
DA:33,20
DA:34,20
DA:35,20
DA:36,20
DA:37,20
DA:44,3
DA:45,3
DA:46,3
DA:48,3
DA:50,3
DA:51,3
DA:52,3
DA:56,2
DA:57,2
DA:58,1
DA:67,1
DA:69,1
DA:70,1
DA:71,1
DA:72,1
DA:74,1
DA:78,2
DA:79,2
DA:85,1
DA:86,1
DA:90,8
DA:91,8
DA:92,8
DA:93,8
DA:97,1
DA:107,31
DA:108,31
DA:109,29
DA:110,2
DA:112,2
DA:116,4
DA:117,4
DA:119,4
DA:120,3
DA:121,30
DA:123,3
DA:128,1
DA:132,1
DA:133,1
DA:151,28
DA:152,28
DA:153,28
DA:154,28
DA:156,280
DA:163,28
DA:165,896
DA:168,280
DA:170,28
DA:172,280
DA:174,280
DA:179,10
DA:188,28
DA:215,4
DA:235,4
DA:245,4
DA:246,1
LF:63
LH:63
BRDA:57,0,0,1
BRDA:57,0,1,1
BRDA:57,1,0,2
BRDA:57,1,1,1
BRDA:80,2,0,1
BRDA:80,2,1,1
BRDA:93,3,0,2
BRDA:93,3,1,6
BRDA:108,4,0,29
BRDA:108,4,1,2
BRDA:109,5,0,27
BRDA:109,5,1,2
BRDA:119,6,0,3
BRDA:119,6,1,1
BRDA:165,7,0,896
BRDA:165,7,1,196
BRDA:182,8,0,280
BRDA:182,8,1,1
BRDA:195,9,0,6
BRDA:195,9,1,22
BRDA:199,10,0,0
BRDA:199,10,1,6
BRDA:199,11,0,6
BRDA:199,11,1,1
BRF:24
BRH:23
end_of_record
TN:
SF:/www/sites/leo/leo-19-036-visa-game-react/src/components/game/clientproposals/proposals/ProductButton.jsx
FN:7,(anonymous_0)
FN:26,(anonymous_1)
FN:45,(anonymous_2)
FNF:3
FNH:3
FNDA:6,(anonymous_0)
FNDA:1,(anonymous_1)
FNDA:1,(anonymous_2)
DA:7,6
DA:16,6
DA:17,6
DA:18,6
DA:20,6
DA:26,1
DA:45,1
DA:59,6
DA:65,6
LF:9
LH:9
BRDA:17,0,0,2
BRDA:17,0,1,4
BRDA:18,1,0,2
BRDA:18,1,1,4
BRDA:41,2,0,6
BRDA:41,2,1,6
BRDA:41,2,2,6
BRF:7
BRH:7
end_of_record
TN:
SF:/www/sites/leo/leo-19-036-visa-game-react/src/components/game/clientproposals/proposals/ProposalClientIcon.jsx
FN:7,(anonymous_0)
FNF:1
FNH:1
FNDA:1,(anonymous_0)
DA:7,5
DA:8,1
DA:9,1
DA:20,5
LF:4
LH:4
BRF:0
BRH:0
end_of_record
TN:
SF:/www/sites/leo/leo-19-036-visa-game-react/src/components/game/clientproposals/proposals/ProposalPage.jsx
FN:27,(anonymous_0)
FN:43,(anonymous_1)
FN:55,(anonymous_2)
FN:63,(anonymous_3)
FN:69,(anonymous_4)
FN:85,(anonymous_5)
FN:91,(anonymous_6)
FN:97,(anonymous_7)
FN:103,(anonymous_8)
FN:124,(anonymous_9)
FN:223,(anonymous_10)
FN:224,(anonymous_11)
FN:233,(anonymous_12)
FNF:13
FNH:13
FNDA:13,(anonymous_0)
FNDA:3,(anonymous_1)
FNDA:1,(anonymous_2)
FNDA:1,(anonymous_3)
FNDA:2,(anonymous_4)
FNDA:1,(anonymous_5)
FNDA:1,(anonymous_6)
FNDA:1,(anonymous_7)
FNDA:1,(anonymous_8)
FNDA:17,(anonymous_9)
FNDA:1,(anonymous_10)
FNDA:1,(anonymous_11)
FNDA:1,(anonymous_12)
DA:28,13
DA:29,13
DA:35,13
DA:36,13
DA:37,13
DA:38,13
DA:39,13
DA:40,13
DA:44,3
DA:45,3
DA:46,3
DA:47,3
DA:49,3
DA:51,2
DA:56,1
DA:57,1
DA:58,1
DA:59,1
DA:60,1
DA:64,1
DA:65,1
DA:66,1
DA:75,2
DA:76,2
DA:77,2
DA:78,2
DA:79,2
DA:80,1
DA:81,1
DA:86,1
DA:87,1
DA:88,1
DA:92,1
DA:93,1
DA:94,1
DA:98,1
DA:104,1
DA:105,1
DA:107,1
DA:133,17
DA:139,17
DA:141,17
DA:203,4
DA:207,4
DA:223,4
DA:225,1
DA:233,4
DA:234,1
LF:48
LH:48
BRDA:30,0,0,13
BRDA:30,0,1,5
BRDA:31,1,0,13
BRDA:31,1,1,5
BRDA:49,2,0,2
BRDA:49,2,1,1
BRDA:49,3,0,3
BRDA:49,3,1,2
BRDA:49,3,2,1
BRDA:79,4,0,1
BRDA:79,4,1,1
BRDA:167,5,0,2
BRDA:167,5,1,15
BRF:13
BRH:13
end_of_record
TN:
SF:/www/sites/leo/leo-19-036-visa-game-react/src/components/game/clientproposals/proposals/RequirementFeedback.jsx
FN:13,(anonymous_0)
FN:22,(anonymous_1)
FNF:2
FNH:2
FNDA:3,(anonymous_0)
FNDA:10,(anonymous_1)
DA:14,3
DA:15,3
DA:16,2
DA:17,1
DA:30,10
DA:31,10
DA:32,10
DA:33,10
DA:35,10
DA:111,5
DA:115,5
LF:11
LH:11
BRDA:15,0,0,2
BRDA:15,0,1,1
BRDA:15,1,0,3
BRDA:15,1,1,2
BRDA:16,2,0,1
BRDA:16,2,1,1
BRDA:31,3,0,10
BRDA:31,3,1,10
BRDA:32,4,0,6
BRDA:32,4,1,4
BRDA:33,5,0,1
BRDA:33,5,1,9
BRDA:40,6,0,10
BRDA:40,6,1,6
BRDA:40,6,2,6
BRDA:40,6,3,1
BRDA:68,7,0,10
BRDA:68,7,1,6
BRDA:68,7,2,6
BRDA:68,7,3,5
BRDA:86,8,0,2
BRDA:86,8,1,3
BRF:22
BRH:22
end_of_record
TN:
SF:/www/sites/leo/leo-19-036-visa-game-react/src/components/game/clientproposals/proposals/Requirements.jsx
FN:25,(anonymous_0)
FN:31,(anonymous_1)
FN:48,(anonymous_2)
FN:53,(anonymous_3)
FN:63,(anonymous_4)
FN:77,(anonymous_5)
FN:80,(anonymous_6)
FN:85,(anonymous_7)
FN:97,(anonymous_8)
FN:106,(anonymous_9)
FN:144,(anonymous_10)
FN:151,(anonymous_11)
FN:159,(anonymous_12)
FN:168,(anonymous_13)
FN:189,(anonymous_14)
FN:226,(anonymous_15)
FNF:16
FNH:16
FNDA:11,(anonymous_0)
FNDA:11,(anonymous_1)
FNDA:11,(anonymous_2)
FNDA:6,(anonymous_3)
FNDA:2,(anonymous_4)
FNDA:2,(anonymous_5)
FNDA:3,(anonymous_6)
FNDA:2,(anonymous_7)
FNDA:3,(anonymous_8)
FNDA:3,(anonymous_9)
FNDA:1,(anonymous_10)
FNDA:17,(anonymous_11)
FNDA:17,(anonymous_12)
FNDA:17,(anonymous_13)
FNDA:17,(anonymous_14)
FNDA:1,(anonymous_15)
DA:26,11
DA:27,11
DA:28,11
DA:31,11
DA:41,11
DA:42,11
DA:44,11
DA:45,11
DA:49,11
DA:50,11
DA:54,6
DA:57,6
DA:59,2
DA:60,2
DA:61,2
DA:63,2
DA:64,2
DA:65,2
DA:67,2
DA:73,2
DA:78,2
DA:79,2
DA:80,2
DA:81,3
DA:82,3
DA:85,2
DA:98,3
DA:99,3
DA:100,3
DA:101,3
DA:102,3
DA:103,3
DA:104,3
DA:106,3
DA:107,3
DA:108,3
DA:111,3
DA:115,3
DA:120,3
DA:121,1
DA:124,3
DA:125,2
DA:129,3
DA:130,3
DA:131,3
DA:133,3
DA:145,1
DA:152,17
DA:153,17
DA:154,17
DA:155,17
DA:156,17
DA:157,17
DA:159,17
DA:160,17
DA:168,17
DA:169,17
DA:170,17
DA:174,17
DA:186,17
DA:190,17
DA:191,17
DA:192,17
DA:194,17
DA:219,5
DA:226,5
DA:227,1
LF:67
LH:67
BRDA:57,0,0,2
BRDA:57,0,1,4
BRDA:57,1,0,6
BRDA:57,1,1,6
BRDA:57,1,2,2
BRDA:57,1,3,2
BRDA:64,2,0,2
BRDA:64,2,1,2
BRDA:65,3,0,1
BRDA:65,3,1,1
BRDA:81,4,0,2
BRDA:81,4,1,1
BRDA:82,5,0,1
BRDA:82,5,1,2
BRDA:108,6,0,1
BRDA:108,6,1,2
BRDA:108,7,0,3
BRDA:108,7,1,2
BRDA:111,8,0,1
BRDA:111,8,1,2
BRDA:111,9,0,3
BRDA:111,9,1,2
BRDA:120,10,0,1
BRDA:120,10,1,2
BRDA:120,11,0,3
BRDA:120,11,1,2
BRDA:124,12,0,2
BRDA:124,12,1,1
BRDA:130,13,0,3
BRDA:130,13,1,1
BRDA:195,14,0,1
BRDA:195,14,1,16
BRDA:204,15,0,17
BRDA:204,15,1,16
BRF:34
BRH:34
end_of_record
TN:
SF:/www/sites/leo/leo-19-036-visa-game-react/src/components/game/clientproposals/proposals/ResourceButton.jsx
FN:8,(anonymous_0)
FN:20,(anonymous_1)
FNF:2
FNH:2
FNDA:2,(anonymous_0)
FNDA:1,(anonymous_1)
DA:8,6
DA:13,2
DA:14,2
DA:16,2
DA:20,1
DA:33,6
LF:6
LH:6
BRF:0
BRH:0
end_of_record
TN:
SF:/www/sites/leo/leo-19-036-visa-game-react/src/components/game/clientproposals/proposals/ResourcesPanel.jsx
FN:12,(anonymous_0)
FN:27,(anonymous_1)
FN:35,(anonymous_2)
FN:43,(anonymous_3)
FN:48,(anonymous_4)
FN:56,(anonymous_5)
FNF:6
FNH:6
FNDA:3,(anonymous_0)
FNDA:1,(anonymous_1)
FNDA:1,(anonymous_2)
FNDA:3,(anonymous_3)
FNDA:6,(anonymous_4)
FNDA:18,(anonymous_5)
DA:13,3
DA:14,3
DA:16,3
DA:22,3
DA:23,3
DA:24,3
DA:28,1
DA:36,1
DA:44,3
DA:45,3
DA:49,6
DA:54,6
DA:56,6
DA:57,18
DA:65,6
DA:87,5
LF:16
LH:16
BRF:0
BRH:0
end_of_record
TN:
SF:/www/sites/leo/leo-19-036-visa-game-react/src/components/game/clientproposals/proposals/SolutionsInfo.jsx
FN:12,(anonymous_0)
FN:18,(anonymous_1)
FN:26,(anonymous_2)
FN:34,(anonymous_3)
FN:40,(anonymous_4)
FN:63,(anonymous_5)
FNF:6
FNH:6
FNDA:8,(anonymous_0)
FNDA:2,(anonymous_1)
FNDA:2,(anonymous_2)
FNDA:1,(anonymous_3)
FNDA:1,(anonymous_4)
FNDA:10,(anonymous_5)
DA:13,8
DA:14,8
DA:15,8
DA:19,2
DA:21,2
DA:22,1
DA:27,2
DA:29,2
DA:30,1
DA:35,1
DA:36,1
DA:37,1
DA:41,1
DA:43,1
DA:60,1
DA:68,10
DA:70,10
DA:105,6
LF:18
LH:18
BRDA:21,0,0,1
BRDA:21,0,1,1
BRDA:21,1,0,2
BRDA:21,1,1,1
BRDA:29,2,0,1
BRDA:29,2,1,1
BRDA:29,3,0,2
BRDA:29,3,1,2
BRDA:29,3,2,2
BRDA:71,4,0,7
BRDA:71,4,1,3
BRF:11
BRH:11
end_of_record
TN:
SF:/www/sites/leo/leo-19-036-visa-game-react/src/components/game/clientproposals/proposals/SolutionsPanel.jsx
FN:23,(anonymous_0)
FN:30,(anonymous_1)
FN:57,(anonymous_2)
FN:62,(anonymous_3)
FN:70,(anonymous_4)
FN:81,(anonymous_5)
FN:85,(anonymous_6)
FN:90,(anonymous_7)
FN:102,(anonymous_8)
FN:109,(anonymous_9)
FN:118,(anonymous_10)
FN:156,(anonymous_11)
FN:163,(anonymous_12)
FN:168,(anonymous_13)
FN:190,(anonymous_14)
FN:193,(anonymous_15)
FN:196,(anonymous_16)
FN:203,(anonymous_17)
FN:215,(anonymous_18)
FN:279,(anonymous_19)
FNF:20
FNH:20
FNDA:12,(anonymous_0)
FNDA:96,(anonymous_1)
FNDA:12,(anonymous_2)
FNDA:7,(anonymous_3)
FNDA:1,(anonymous_4)
FNDA:2,(anonymous_5)
FNDA:3,(anonymous_6)
FNDA:2,(anonymous_7)
FNDA:1,(anonymous_8)
FNDA:3,(anonymous_9)
FNDA:3,(anonymous_10)
FNDA:1,(anonymous_11)
FNDA:19,(anonymous_12)
FNDA:152,(anonymous_13)
FNDA:12,(anonymous_14)
FNDA:96,(anonymous_15)
FNDA:1,(anonymous_16)
FNDA:19,(anonymous_17)
FNDA:20,(anonymous_18)
FNDA:1,(anonymous_19)
DA:24,12
DA:26,12
DA:28,12
DA:30,96
DA:48,12
DA:49,12
DA:51,12
DA:52,12
DA:53,12
DA:54,12
DA:58,12
DA:59,12
DA:63,7
DA:65,7
DA:67,1
DA:68,1
DA:70,1
DA:71,1
DA:77,1
DA:82,2
DA:83,2
DA:85,2
DA:86,3
DA:87,3
DA:90,2
DA:103,1
DA:110,3
DA:111,3
DA:112,3
DA:113,3
DA:114,3
DA:115,3
DA:116,3
DA:118,3
DA:119,3
DA:120,3
DA:123,3
DA:127,3
DA:132,3
DA:133,1
DA:136,3
DA:137,2
DA:141,3
DA:142,3
DA:143,3
DA:145,3
DA:157,1
DA:164,19
DA:165,19
DA:166,19
DA:168,19
DA:169,152
DA:170,152
DA:171,152
DA:175,152
DA:191,12
DA:192,12
DA:193,96
DA:197,1
DA:204,19
DA:210,19
DA:212,19
DA:213,19
DA:214,19
DA:215,20
DA:217,19
DA:219,19
DA:268,5
DA:272,5
DA:279,5
DA:280,1
LF:71
LH:71
BRDA:36,0,0,96
BRDA:36,0,1,96
BRDA:65,1,0,1
BRDA:65,1,1,6
BRDA:65,2,0,7
BRDA:65,2,1,7
BRDA:65,2,2,1
BRDA:65,2,3,1
BRDA:73,3,0,1
BRDA:73,3,1,1
BRDA:86,4,0,2
BRDA:86,4,1,1
BRDA:87,5,0,2
BRDA:87,5,1,1
BRDA:120,6,0,1
BRDA:120,6,1,2
BRDA:120,7,0,3
BRDA:120,7,1,2
BRDA:123,8,0,1
BRDA:123,8,1,2
BRDA:123,9,0,3
BRDA:123,9,1,2
BRDA:132,10,0,1
BRDA:132,10,1,2
BRDA:132,11,0,3
BRDA:132,11,1,2
BRDA:136,12,0,2
BRDA:136,12,1,1
BRDA:142,13,0,3
BRDA:142,13,1,1
BRDA:217,14,0,19
BRDA:217,14,1,19
BRDA:253,15,0,19
BRDA:253,15,1,18
BRDA:253,15,2,18
BRF:35
BRH:35
end_of_record
TN:
SF:/www/sites/leo/leo-19-036-visa-game-react/src/components/game/clientproposals/proposals/StatementsGroup.jsx
FN:8,(anonymous_0)
FNF:1
FNH:1
FNDA:1,(anonymous_0)
DA:8,6
DA:9,1
DA:19,6
LF:3
LH:3
BRF:0
BRH:0
end_of_record
TN:
SF:/www/sites/leo/leo-19-036-visa-game-react/src/components/game/clientproposals/proposals/StatementsInstruction.jsx
FN:8,(anonymous_0)
FNF:1
FNH:1
FNDA:2,(anonymous_0)
DA:8,6
DA:9,2
DA:30,6
LF:3
LH:3
BRDA:9,0,0,1
BRDA:9,0,1,1
BRDA:11,1,0,1
BRDA:11,1,1,1
BRF:4
BRH:4
end_of_record
TN:
SF:/www/sites/leo/leo-19-036-visa-game-react/src/components/game/clientproposals/proposals/resources/CallResource.jsx
FN:10,(anonymous_0)
FNF:1
FNH:1
FNDA:1,(anonymous_0)
DA:10,8
DA:11,1
DA:48,8
LF:3
LH:3
BRF:0
BRH:0
end_of_record
TN:
SF:/www/sites/leo/leo-19-036-visa-game-react/src/components/game/clientproposals/proposals/resources/CategoryResource.jsx
FN:7,(anonymous_0)
FN:21,(anonymous_1)
FNF:2
FNH:2
FNDA:1,(anonymous_0)
FNDA:8,(anonymous_1)
DA:7,8
DA:8,1
DA:22,8
DA:52,8
LF:4
LH:4
BRF:0
BRH:0
end_of_record
TN:
SF:/www/sites/leo/leo-19-036-visa-game-react/src/components/game/clientproposals/proposals/resources/EmailResource.jsx
FN:7,(anonymous_0)
FNF:1
FNH:1
FNDA:1,(anonymous_0)
DA:7,8
DA:8,1
DA:29,8
LF:3
LH:3
BRF:0
BRH:0
end_of_record
TN:
SF:/www/sites/leo/leo-19-036-visa-game-react/src/components/game/clientproposals/proposals/resources/QuoteResource.jsx
FN:7,(anonymous_0)
FNF:1
FNH:1
FNDA:1,(anonymous_0)
DA:7,8
DA:8,1
DA:25,8
LF:3
LH:3
BRF:0
BRH:0
end_of_record
TN:
SF:/www/sites/leo/leo-19-036-visa-game-react/src/components/game/clientproposals/proposals/resources/ReportResource.jsx
FN:7,(anonymous_0)
FN:25,(anonymous_1)
FNF:2
FNH:2
FNDA:1,(anonymous_0)
FNDA:6,(anonymous_1)
DA:7,8
DA:8,1
DA:26,6
DA:51,8
LF:4
LH:4
BRF:0
BRH:0
end_of_record
TN:
SF:/www/sites/leo/leo-19-036-visa-game-react/src/components/game/clientproposals/proposals/resources/ResourceContent.jsx
FN:10,(anonymous_0)
FNF:1
FNH:1
FNDA:5,(anonymous_0)
DA:10,7
DA:15,5
DA:24,7
DA:28,7
LF:4
LH:4
BRDA:16,0,0,5
BRDA:16,0,1,1
BRDA:17,1,0,5
BRDA:17,1,1,1
BRDA:18,2,0,5
BRDA:18,2,1,1
BRDA:19,3,0,5
BRDA:19,3,1,1
BRDA:20,4,0,5
BRDA:20,4,1,0
BRF:10
BRH:9
end_of_record
TN:
SF:/www/sites/leo/leo-19-036-visa-game-react/src/components/game/clientproposals/proposals/resources/ResourceIcon.jsx
FN:6,(anonymous_0)
FNF:1
FNH:1
FNDA:6,(anonymous_0)
DA:6,8
DA:8,8
LF:2
LH:2
BRF:0
BRH:0
end_of_record
TN:
SF:/www/sites/leo/leo-19-036-visa-game-react/src/components/game/clientproposals/proposals/resources/ResourcePopup.jsx
FN:10,(anonymous_0)
FN:19,(anonymous_1)
FNF:2
FNH:2
FNDA:2,(anonymous_0)
FNDA:2,(anonymous_1)
DA:10,6
DA:18,2
DA:19,2
DA:22,2
DA:23,2
DA:25,2
DA:53,6
LF:7
LH:7
BRDA:23,0,0,1
BRDA:23,0,1,1
BRF:2
BRH:2
end_of_record
TN:
SF:/www/sites/leo/leo-19-036-visa-game-react/src/components/game/network/ChallengeIcon.jsx
FN:17,(anonymous_0)
FN:25,(anonymous_1)
FN:29,(anonymous_2)
FN:38,(anonymous_3)
FN:45,(anonymous_4)
FN:72,(anonymous_5)
FN:110,(anonymous_6)
FNF:7
FNH:7
FNDA:6,(anonymous_0)
FNDA:6,(anonymous_1)
FNDA:5,(anonymous_2)
FNDA:10,(anonymous_3)
FNDA:8,(anonymous_4)
FNDA:11,(anonymous_5)
FNDA:1,(anonymous_6)
DA:18,6
DA:19,6
DA:26,6
DA:30,5
DA:31,5
DA:34,1
DA:43,10
DA:44,10
DA:45,10
DA:48,10
DA:49,10
DA:50,6
DA:52,2
DA:53,2
DA:55,2
DA:56,2
DA:58,2
DA:60,4
DA:61,2
DA:64,10
DA:65,4
DA:77,11
DA:78,11
DA:80,11
DA:85,11
DA:96,6
DA:106,6
DA:110,6
LF:28
LH:28
BRDA:31,0,0,1
BRDA:31,0,1,4
BRDA:31,1,0,5
BRDA:31,1,1,1
BRDA:31,1,2,4
BRDA:31,1,3,4
BRDA:45,2,0,8
BRDA:45,2,1,8
BRDA:49,3,0,6
BRDA:49,3,1,4
BRDA:49,4,0,10
BRDA:49,4,1,8
BRDA:50,5,0,2
BRDA:50,5,1,2
BRDA:50,5,2,2
BRDA:60,6,0,2
BRDA:60,6,1,2
BRDA:60,7,0,4
BRDA:60,7,1,2
BRDA:64,8,0,4
BRDA:64,8,1,6
BRF:21
BRH:21
end_of_record
TN:
SF:/www/sites/leo/leo-19-036-visa-game-react/src/components/game/network/FamilyContainer.jsx
FN:19,(anonymous_0)
FN:26,(anonymous_1)
FN:32,(anonymous_2)
FN:35,(anonymous_3)
FN:37,(anonymous_4)
FN:40,(anonymous_5)
FN:57,(anonymous_6)
FN:81,(anonymous_7)
FN:108,(anonymous_8)
FNF:9
FNH:9
FNDA:1,(anonymous_0)
FNDA:1,(anonymous_1)
FNDA:1,(anonymous_2)
FNDA:3,(anonymous_3)
FNDA:2,(anonymous_4)
FNDA:2,(anonymous_5)
FNDA:8,(anonymous_6)
FNDA:24,(anonymous_7)
FNDA:1,(anonymous_8)
DA:20,1
DA:21,1
DA:27,1
DA:33,1
DA:35,3
DA:37,2
DA:41,2
DA:42,2
DA:43,2
DA:46,2
DA:56,2
DA:57,2
DA:58,8
DA:81,2
DA:82,24
DA:89,2
DA:91,2
DA:102,5
DA:108,5
LF:19
LH:19
BRDA:35,0,0,3
BRDA:35,0,1,3
BRDA:35,0,2,2
BRDA:49,1,0,0
BRDA:49,1,1,2
BRDA:64,2,0,8
BRDA:64,2,1,8
BRDA:73,3,0,2
BRDA:73,3,1,6
BRDA:75,4,0,8
BRDA:75,4,1,0
BRF:11
BRH:9
end_of_record
TN:
SF:/www/sites/leo/leo-19-036-visa-game-react/src/components/game/network/MapText.jsx
FN:6,(anonymous_0)
FNF:1
FNH:1
FNDA:1,(anonymous_0)
DA:6,7
DA:7,1
DA:8,1
DA:12,1
DA:21,7
LF:5
LH:5
BRF:0
BRH:0
end_of_record
TN:
SF:/www/sites/leo/leo-19-036-visa-game-react/src/components/game/network/Network.jsx
FN:12,(anonymous_0)
FNF:1
FNH:1
FNDA:1,(anonymous_0)
DA:12,3
DA:13,1
DA:30,3
LF:3
LH:3
BRF:0
BRH:0
end_of_record
TN:
SF:/www/sites/leo/leo-19-036-visa-game-react/src/components/game/network/NetworkMap.jsx
FN:24,(anonymous_0)
FN:31,(anonymous_1)
FN:45,(anonymous_2)
FN:61,(anonymous_3)
FN:62,(anonymous_4)
FN:84,(anonymous_5)
FN:96,(anonymous_6)
FN:101,(anonymous_7)
FN:120,(anonymous_8)
FN:133,(anonymous_9)
FN:134,(anonymous_10)
FN:189,(anonymous_11)
FN:200,(anonymous_12)
FNF:13
FNH:13
FNDA:12,(anonymous_0)
FNDA:7,(anonymous_1)
FNDA:4,(anonymous_2)
FNDA:15,(anonymous_3)
FNDA:174,(anonymous_4)
FNDA:1,(anonymous_5)
FNDA:1,(anonymous_6)
FNDA:1,(anonymous_7)
FNDA:19,(anonymous_8)
FNDA:16,(anonymous_9)
FNDA:80,(anonymous_10)
FNDA:1,(anonymous_11)
FNDA:1,(anonymous_12)
DA:25,12
DA:26,12
DA:27,12
DA:28,12
DA:36,7
DA:38,7
DA:39,7
DA:40,7
DA:41,7
DA:42,7
DA:52,4
DA:55,4
DA:57,3
DA:60,3
DA:61,3
DA:62,174
DA:78,3
DA:79,3
DA:80,3
DA:85,1
DA:87,1
DA:88,1
DA:90,1
DA:91,1
DA:93,1
DA:97,1
DA:98,1
DA:102,1
DA:103,1
DA:125,19
DA:126,19
DA:127,17
DA:128,2
DA:130,2
DA:134,16
DA:135,80
DA:142,16
DA:143,16
DA:145,16
DA:168,4
DA:189,4
DA:200,4
DA:201,1
LF:43
LH:43
BRDA:55,0,0,3
BRDA:55,0,1,1
BRDA:55,1,0,4
BRDA:55,1,1,4
BRDA:67,2,0,174
BRDA:67,2,1,117
BRDA:126,3,0,17
BRDA:126,3,1,2
BRDA:127,4,0,15
BRDA:127,4,1,2
BRF:10
BRH:10
end_of_record
TN:
SF:/www/sites/leo/leo-19-036-visa-game-react/src/components/game/network/PerfectChallenges.jsx
FN:7,(anonymous_0)
FNF:1
FNH:1
FNDA:1,(anonymous_0)
DA:7,5
DA:8,1
DA:21,5
LF:3
LH:3
BRF:0
BRH:0
end_of_record
TN:
SF:/www/sites/leo/leo-19-036-visa-game-react/src/components/game/network/ProductIcon.jsx
FN:21,(anonymous_0)
FN:29,(anonymous_1)
FN:33,(anonymous_2)
FN:47,(anonymous_3)
FN:57,(anonymous_4)
FN:67,(anonymous_5)
FN:85,(anonymous_6)
FN:170,(anonymous_7)
FN:178,(anonymous_8)
FNF:9
FNH:9
FNDA:9,(anonymous_0)
FNDA:9,(anonymous_1)
FNDA:10,(anonymous_2)
FNDA:1,(anonymous_3)
FNDA:12,(anonymous_4)
FNDA:6,(anonymous_5)
FNDA:19,(anonymous_6)
FNDA:1,(anonymous_7)
FNDA:1,(anonymous_8)
DA:22,9
DA:23,9
DA:26,9
DA:30,9
DA:39,10
DA:40,10
DA:43,1
DA:53,1
DA:54,1
DA:63,12
DA:64,12
DA:65,12
DA:67,12
DA:75,12
DA:77,6
DA:80,12
DA:81,9
DA:95,19
DA:96,19
DA:98,19
DA:103,19
DA:104,19
DA:105,4
DA:108,19
DA:111,19
DA:112,15
DA:133,4
DA:145,19
DA:149,7
DA:165,7
DA:170,7
DA:178,7
DA:179,1
LF:33
LH:33
BRDA:40,0,0,1
BRDA:40,0,1,9
BRDA:40,1,0,10
BRDA:40,1,1,1
BRDA:40,1,2,9
BRDA:40,1,3,9
BRDA:67,2,0,6
BRDA:67,2,1,6
BRDA:67,2,2,2
BRDA:67,2,3,2
BRDA:67,2,4,6
BRDA:67,2,5,6
BRDA:75,3,0,6
BRDA:75,3,1,6
BRDA:75,4,0,12
BRDA:75,4,1,6
BRDA:75,4,2,4
BRDA:80,5,0,9
BRDA:80,5,1,3
BRDA:104,6,0,4
BRDA:104,6,1,15
BRDA:104,7,0,19
BRDA:104,7,1,4
BRDA:111,8,0,15
BRDA:111,8,1,4
BRDA:114,9,0,15
BRDA:114,9,1,2
BRDA:135,10,0,4
BRDA:135,10,1,2
BRF:29
BRH:29
end_of_record
TN:
SF:/www/sites/leo/leo-19-036-visa-game-react/src/components/game/network/products/ChallengeIconContent.jsx
FN:20,(anonymous_0)
FN:28,(anonymous_1)
FN:32,(anonymous_2)
FN:41,(anonymous_3)
FN:48,(anonymous_4)
FN:79,(anonymous_5)
FN:125,(anonymous_6)
FNF:7
FNH:7
FNDA:7,(anonymous_0)
FNDA:7,(anonymous_1)
FNDA:5,(anonymous_2)
FNDA:10,(anonymous_3)
FNDA:8,(anonymous_4)
FNDA:12,(anonymous_5)
FNDA:1,(anonymous_6)
DA:21,7
DA:22,7
DA:29,7
DA:33,5
DA:34,5
DA:37,1
DA:46,10
DA:47,10
DA:48,10
DA:51,10
DA:52,10
DA:54,10
DA:55,6
DA:57,2
DA:58,2
DA:59,2
DA:61,2
DA:62,2
DA:63,2
DA:65,2
DA:67,4
DA:68,2
DA:71,10
DA:72,4
DA:84,12
DA:85,12
DA:87,12
DA:92,12
DA:115,5
DA:125,5
LF:30
LH:30
BRDA:34,0,0,1
BRDA:34,0,1,4
BRDA:34,1,0,5
BRDA:34,1,1,1
BRDA:34,1,2,4
BRDA:34,1,3,4
BRDA:48,2,0,8
BRDA:48,2,1,8
BRDA:54,3,0,6
BRDA:54,3,1,4
BRDA:54,4,0,10
BRDA:54,4,1,8
BRDA:55,5,0,2
BRDA:55,5,1,2
BRDA:55,5,2,2
BRDA:67,6,0,2
BRDA:67,6,1,2
BRDA:67,7,0,4
BRDA:67,7,1,2
BRDA:71,8,0,4
BRDA:71,8,1,6
BRF:21
BRH:21
end_of_record
TN:
SF:/www/sites/leo/leo-19-036-visa-game-react/src/components/game/network/products/ProductPage.jsx
FN:32,(anonymous_0)
FN:39,(anonymous_1)
FN:70,(anonymous_2)
FN:93,(anonymous_3)
FN:101,(anonymous_4)
FN:123,(anonymous_5)
FN:129,(anonymous_6)
FN:134,(anonymous_7)
FN:139,(anonymous_8)
FN:144,(anonymous_9)
FN:149,(anonymous_10)
FN:158,(anonymous_11)
FN:162,(anonymous_12)
FN:168,(anonymous_13)
FN:174,(anonymous_14)
FN:182,(anonymous_15)
FN:192,(anonymous_16)
FN:195,(anonymous_17)
FN:197,(anonymous_18)
FN:200,(anonymous_19)
FN:213,(anonymous_20)
FN:237,(anonymous_21)
FN:245,(anonymous_22)
FN:251,(anonymous_23)
FN:261,(anonymous_24)
FN:272,(anonymous_25)
FN:277,(anonymous_26)
FN:280,(anonymous_27)
FN:420,(anonymous_28)
FN:434,(anonymous_29)
FNF:30
FNH:30
FNDA:2,(anonymous_0)
FNDA:25,(anonymous_1)
FNDA:3,(anonymous_2)
FNDA:6,(anonymous_3)
FNDA:1,(anonymous_4)
FNDA:1,(anonymous_5)
FNDA:1,(anonymous_6)
FNDA:2,(anonymous_7)
FNDA:1,(anonymous_8)
FNDA:1,(anonymous_9)
FNDA:1,(anonymous_10)
FNDA:1,(anonymous_11)
FNDA:1,(anonymous_12)
FNDA:1,(anonymous_13)
FNDA:1,(anonymous_14)
FNDA:4,(anonymous_15)
FNDA:3,(anonymous_16)
FNDA:9,(anonymous_17)
FNDA:6,(anonymous_18)
FNDA:2,(anonymous_19)
FNDA:1,(anonymous_20)
FNDA:4,(anonymous_21)
FNDA:3,(anonymous_22)
FNDA:4,(anonymous_23)
FNDA:44,(anonymous_24)
FNDA:176,(anonymous_25)
FNDA:528,(anonymous_26)
FNDA:132,(anonymous_27)
FNDA:1,(anonymous_28)
FNDA:2,(anonymous_29)
DA:32,4
DA:33,2
DA:34,1
DA:40,25
DA:41,25
DA:50,25
DA:51,25
DA:52,25
DA:53,25
DA:55,25
DA:56,25
DA:57,25
DA:59,25
DA:60,25
DA:62,25
DA:63,25
DA:64,25
DA:66,25
DA:67,25
DA:77,3
DA:79,3
DA:81,3
DA:82,3
DA:83,3
DA:84,3
DA:85,3
DA:86,3
DA:87,3
DA:88,3
DA:94,6
DA:95,6
DA:96,6
DA:97,1
DA:109,1
DA:110,1
DA:112,1
DA:113,1
DA:114,1
DA:115,1
DA:117,1
DA:118,1
DA:120,1
DA:124,1
DA:130,1
DA:131,1
DA:135,2
DA:136,2
DA:140,1
DA:141,1
DA:145,1
DA:146,1
DA:150,1
DA:152,1
DA:153,1
DA:155,1
DA:159,1
DA:160,1
DA:161,1
DA:162,1
DA:163,1
DA:169,1
DA:170,1
DA:171,1
DA:175,1
DA:176,1
DA:186,4
DA:187,4
DA:188,3
DA:193,3
DA:195,9
DA:197,6
DA:201,2
DA:202,2
DA:203,1
DA:218,1
DA:219,1
DA:220,1
DA:238,4
DA:239,4
DA:240,3
DA:241,3
DA:246,3
DA:247,3
DA:248,3
DA:252,4
DA:253,4
DA:255,4
DA:256,1
DA:257,1
DA:267,44
DA:269,44
DA:270,44
DA:271,44
DA:272,176
DA:273,44
DA:277,44
DA:278,528
DA:280,44
DA:281,132
DA:290,44
DA:298,44
DA:300,44
DA:302,44
DA:303,44
DA:398,4
DA:420,4
DA:434,4
DA:435,2
LF:108
LH:108
BRDA:33,0,0,1
BRDA:33,0,1,1
BRDA:96,1,0,1
BRDA:96,1,1,5
BRDA:96,2,0,6
BRDA:96,2,1,4
BRDA:96,2,2,4
BRDA:187,3,0,3
BRDA:187,3,1,1
BRDA:195,4,0,9
BRDA:195,4,1,9
BRDA:195,4,2,6
BRDA:202,5,0,1
BRDA:202,5,1,1
BRDA:239,6,0,3
BRDA:239,6,1,1
BRDA:255,7,0,1
BRDA:255,7,1,3
BRDA:371,8,0,0
BRDA:371,8,1,44
BRF:20
BRH:19
end_of_record
TN:
SF:/www/sites/leo/leo-19-036-visa-game-react/src/components/generic/GoToScreen.jsx
FN:10,(anonymous_0)
FN:20,(anonymous_1)
FN:26,(anonymous_2)
FN:41,(anonymous_3)
FN:46,(anonymous_4)
FN:51,(anonymous_5)
FN:56,(anonymous_6)
FN:72,(anonymous_7)
FN:76,(anonymous_8)
FN:97,(anonymous_9)
FN:100,(anonymous_10)
FN:108,(anonymous_11)
FN:112,(anonymous_12)
FN:112,(anonymous_13)
FN:114,(anonymous_14)
FNF:15
FNH:12
FNDA:45,(anonymous_0)
FNDA:1,(anonymous_1)
FNDA:2,(anonymous_2)
FNDA:1,(anonymous_3)
FNDA:1,(anonymous_4)
FNDA:1,(anonymous_5)
FNDA:1,(anonymous_6)
FNDA:1,(anonymous_7)
FNDA:9,(anonymous_8)
FNDA:0,(anonymous_9)
FNDA:1,(anonymous_10)
FNDA:1,(anonymous_11)
FNDA:9,(anonymous_12)
FNDA:0,(anonymous_13)
FNDA:0,(anonymous_14)
DA:11,45
DA:12,45
DA:13,45
DA:14,45
DA:15,45
DA:16,45
DA:17,45
DA:21,1
DA:22,1
DA:23,1
DA:32,2
DA:33,2
DA:34,1
DA:35,1
DA:36,1
DA:37,1
DA:42,1
DA:43,1
DA:47,1
DA:48,1
DA:52,1
DA:53,1
DA:62,1
DA:63,1
DA:69,1
DA:73,1
DA:77,9
DA:81,7
DA:94,7
DA:100,7
DA:108,7
DA:109,1
DA:112,7
DA:113,9
DA:114,0
LF:35
LH:34
BRDA:33,0,0,1
BRDA:33,0,1,1
BRDA:112,1,0,0
BRF:3
BRH:2
end_of_record
TN:
SF:/www/sites/leo/leo-19-036-visa-game-react/src/components/generic/accordion/Accordion.jsx
FN:8,(anonymous_0)
FN:14,(anonymous_1)
FN:20,(anonymous_2)
FN:35,(anonymous_3)
FN:38,(anonymous_4)
FN:45,(anonymous_5)
FN:52,(anonymous_6)
FNF:7
FNH:7
FNDA:6,(anonymous_0)
FNDA:18,(anonymous_1)
FNDA:2,(anonymous_2)
FNDA:10,(anonymous_3)
FNDA:30,(anonymous_4)
FNDA:1,(anonymous_5)
FNDA:10,(anonymous_6)
DA:9,6
DA:10,6
DA:11,6
DA:14,18
DA:17,6
DA:21,2
DA:22,2
DA:23,2
DA:28,1
DA:30,2
DA:31,2
DA:32,2
DA:36,10
DA:38,10
DA:39,30
DA:45,1
DA:53,10
DA:54,10
DA:56,10
DA:64,1
DA:70,1
LF:21
LH:21
BRDA:23,0,0,1
BRDA:23,0,1,1
BRDA:24,1,0,2
BRDA:24,1,1,1
BRDA:24,1,2,1
BRF:5
BRH:5
end_of_record
TN:
SF:/www/sites/leo/leo-19-036-visa-game-react/src/components/generic/accordion/Block.jsx
FN:8,(anonymous_0)
FN:15,(anonymous_1)
FN:21,(anonymous_2)
FNF:3
FNH:3
FNDA:5,(anonymous_0)
FNDA:1,(anonymous_1)
FNDA:2,(anonymous_2)
DA:8,2
DA:11,5
DA:15,1
DA:21,2
DA:30,2
DA:40,2
LF:6
LH:6
BRDA:15,0,0,1
BRDA:15,0,1,0
BRDA:23,1,0,5
BRDA:23,1,1,4
BRDA:23,2,0,3
BRDA:23,2,1,1
BRF:6
BRH:5
end_of_record
TN:
SF:/www/sites/leo/leo-19-036-visa-game-react/src/components/generic/animatedtext/AnimatedText.jsx
FN:6,(anonymous_0)
FN:9,(anonymous_1)
FNF:2
FNH:2
FNDA:5,(anonymous_0)
FNDA:20,(anonymous_1)
DA:6,3
DA:7,5
DA:10,20
DA:23,3
LF:4
LH:4
BRDA:7,0,0,1
BRDA:7,0,1,4
BRDA:13,1,0,5
BRDA:13,1,1,15
BRF:4
BRH:4
end_of_record
TN:
SF:/www/sites/leo/leo-19-036-visa-game-react/src/components/generic/arrows/Arrows.jsx
FN:6,(anonymous_0)
FNF:1
FNH:1
FNDA:6,(anonymous_0)
DA:6,10
DA:7,6
DA:14,10
DA:18,10
LF:4
LH:4
BRF:0
BRH:0
end_of_record
TN:
SF:/www/sites/leo/leo-19-036-visa-game-react/src/components/generic/checkboxlabel/CheckboxLabel.jsx
FN:6,(anonymous_0)
FN:20,(anonymous_1)
FNF:2
FNH:2
FNDA:3,(anonymous_0)
FNDA:1,(anonymous_1)
DA:6,6
DA:13,3
DA:20,1
DA:29,6
DA:33,6
LF:5
LH:5
BRDA:13,0,0,1
BRDA:13,0,1,2
BRF:2
BRH:2
end_of_record
TN:
SF:/www/sites/leo/leo-19-036-visa-game-react/src/components/generic/circularprogressbar/CircularProgressBar.jsx
FN:6,(anonymous_0)
FNF:1
FNH:1
FNDA:1,(anonymous_0)
DA:6,7
DA:12,1
DA:14,1
DA:16,1
DA:18,1
DA:20,1
DA:51,7
DA:57,7
LF:8
LH:8
BRF:0
BRH:0
end_of_record
TN:
SF:/www/sites/leo/leo-19-036-visa-game-react/src/components/generic/completionbar/CompletionBar.jsx
FN:8,(anonymous_0)
FNF:1
FNH:1
FNDA:2,(anonymous_0)
DA:8,7
DA:15,2
DA:16,2
DA:17,2
DA:41,7
DA:49,7
LF:6
LH:6
BRDA:27,0,0,1
BRDA:27,0,1,1
BRF:2
BRH:2
end_of_record
TN:
SF:/www/sites/leo/leo-19-036-visa-game-react/src/components/generic/dashboard/AchievementRow.jsx
FN:10,(anonymous_0)
FNF:1
FNH:1
FNDA:3,(anonymous_0)
DA:10,6
DA:17,3
DA:19,3
DA:69,6
LF:4
LH:4
BRDA:21,0,0,1
BRDA:21,0,1,2
BRDA:22,1,0,1
BRDA:22,1,1,2
BRDA:29,2,0,1
BRDA:29,2,1,2
BRDA:29,3,0,3
BRDA:29,3,1,2
BRDA:49,4,0,3
BRDA:49,4,1,2
BRDA:55,5,0,1
BRDA:55,5,1,2
BRF:12
BRH:12
end_of_record
TN:
SF:/www/sites/leo/leo-19-036-visa-game-react/src/components/generic/dashboard/AchievementsView.jsx
FN:14,(anonymous_0)
FN:19,(anonymous_1)
FN:23,(anonymous_2)
FN:40,(anonymous_3)
FN:52,(anonymous_4)
FN:66,(anonymous_5)
FN:104,(anonymous_6)
FNF:7
FNH:7
FNDA:2,(anonymous_0)
FNDA:2,(anonymous_1)
FNDA:1,(anonymous_2)
FNDA:2,(anonymous_3)
FNDA:2,(anonymous_4)
FNDA:2,(anonymous_5)
FNDA:1,(anonymous_6)
DA:15,2
DA:16,2
DA:20,2
DA:24,1
DA:50,2
DA:52,2
DA:53,2
DA:66,2
DA:67,2
DA:81,2
DA:93,5
DA:104,5
LF:12
LH:12
BRF:0
BRH:0
end_of_record
TN:
SF:/www/sites/leo/leo-19-036-visa-game-react/src/components/generic/dashboard/Dashboard.jsx
FN:18,(anonymous_0)
FN:25,(anonymous_1)
FN:44,(anonymous_2)
FN:48,(anonymous_3)
FN:53,(anonymous_4)
FN:91,(anonymous_5)
FN:100,(anonymous_6)
FN:109,(anonymous_7)
FN:136,(anonymous_8)
FNF:9
FNH:9
FNDA:9,(anonymous_0)
FNDA:13,(anonymous_1)
FNDA:1,(anonymous_2)
FNDA:39,(anonymous_3)
FNDA:13,(anonymous_4)
FNDA:1,(anonymous_5)
FNDA:1,(anonymous_6)
FNDA:1,(anonymous_7)
FNDA:1,(anonymous_8)
DA:19,9
DA:20,9
DA:26,13
DA:27,13
DA:29,13
DA:32,10
DA:33,10
DA:35,2
DA:36,2
DA:38,1
DA:39,1
DA:41,13
DA:45,1
DA:49,39
DA:50,39
DA:58,13
DA:60,13
DA:61,13
DA:63,13
DA:91,1
DA:100,1
DA:109,1
DA:130,4
DA:136,4
DA:137,1
LF:25
LH:25
BRDA:29,0,0,10
BRDA:29,0,1,10
BRDA:29,0,2,2
BRDA:29,0,3,1
BRDA:50,1,0,13
BRDA:50,1,1,26
BRF:6
BRH:6
end_of_record
TN:
SF:/www/sites/leo/leo-19-036-visa-game-react/src/components/generic/dashboard/ProductsCompleteView.jsx
FN:14,(anonymous_0)
FN:19,(anonymous_1)
FN:23,(anonymous_2)
FN:40,(anonymous_3)
FN:42,(anonymous_4)
FNF:5
FNH:5
FNDA:2,(anonymous_0)
FNDA:2,(anonymous_1)
FNDA:1,(anonymous_2)
FNDA:2,(anonymous_3)
FNDA:10,(anonymous_4)
DA:15,2
DA:16,2
DA:20,2
DA:24,1
DA:41,2
DA:42,2
DA:43,10
DA:53,2
DA:65,5
LF:9
LH:9
BRF:0
BRH:0
end_of_record
TN:
SF:/www/sites/leo/leo-19-036-visa-game-react/src/components/generic/dashboard/RankView.jsx
FN:20,(anonymous_0)
FN:29,(anonymous_1)
FN:38,(anonymous_2)
FN:55,(anonymous_3)
FN:65,(anonymous_4)
FN:122,(anonymous_5)
FNF:6
FNH:6
FNDA:3,(anonymous_0)
FNDA:4,(anonymous_1)
FNDA:1,(anonymous_2)
FNDA:4,(anonymous_3)
FNDA:80,(anonymous_4)
FNDA:1,(anonymous_5)
DA:21,3
DA:22,3
DA:23,3
DA:24,3
DA:30,4
DA:31,4
DA:32,1
DA:39,1
DA:59,4
DA:62,4
DA:63,4
DA:64,4
DA:65,4
DA:66,80
DA:104,4
DA:105,4
DA:117,5
DA:122,5
LF:18
LH:18
BRDA:31,0,0,1
BRDA:31,0,1,3
BRDA:68,1,0,4
BRDA:68,1,1,76
BRDA:69,2,0,4
BRDA:69,2,1,76
BRDA:73,3,0,4
BRDA:73,3,1,76
BRDA:85,4,0,80
BRDA:85,4,1,4
BRF:10
BRH:10
end_of_record
TN:
SF:/www/sites/leo/leo-19-036-visa-game-react/src/components/generic/dashboard/productsview/FamilyProducts.jsx
FN:8,(anonymous_0)
FN:17,(anonymous_1)
FNF:2
FNH:2
FNDA:1,(anonymous_0)
FNDA:4,(anonymous_1)
DA:8,6
DA:15,1
DA:17,1
DA:18,4
DA:29,1
DA:42,6
LF:6
LH:6
BRF:0
BRH:0
end_of_record
TN:
SF:/www/sites/leo/leo-19-036-visa-game-react/src/components/generic/dashboard/productsview/ProductCompletion.jsx
FN:13,(anonymous_0)
FN:20,(anonymous_1)
FN:23,(anonymous_2)
FN:46,(anonymous_3)
FNF:4
FNH:4
FNDA:1,(anonymous_0)
FNDA:3,(anonymous_1)
FNDA:2,(anonymous_2)
FNDA:1,(anonymous_3)
DA:13,8
DA:18,1
DA:20,1
DA:21,3
DA:23,1
DA:24,2
DA:26,1
DA:28,1
DA:40,8
DA:46,8
LF:10
LH:10
BRDA:21,0,0,3
BRDA:21,0,1,2
BRDA:24,1,0,2
BRDA:24,1,1,1
BRF:4
BRH:4
end_of_record
TN:
SF:/www/sites/leo/leo-19-036-visa-game-react/src/components/generic/dashboard/productsview/ProductRow.jsx
FN:15,(anonymous_0)
FN:20,(anonymous_1)
FN:35,(anonymous_2)
FN:77,(anonymous_3)
FN:81,(anonymous_4)
FNF:5
FNH:5
FNDA:3,(anonymous_0)
FNDA:1,(anonymous_1)
FNDA:3,(anonymous_2)
FNDA:1,(anonymous_3)
FNDA:1,(anonymous_4)
DA:16,3
DA:17,3
DA:28,1
DA:30,1
DA:31,1
DA:32,1
DA:43,3
DA:45,3
DA:46,3
DA:48,3
DA:65,7
DA:77,7
DA:81,7
DA:82,1
LF:14
LH:14
BRDA:51,0,0,1
BRDA:51,0,1,2
BRF:2
BRH:2
end_of_record
TN:
SF:/www/sites/leo/leo-19-036-visa-game-react/src/components/generic/exitgame/ExitGame.jsx
FN:13,(anonymous_0)
FN:18,(anonymous_1)
FN:26,(anonymous_2)
FN:31,(anonymous_3)
FN:90,(anonymous_4)
FNF:5
FNH:5
FNDA:5,(anonymous_0)
FNDA:2,(anonymous_1)
FNDA:1,(anonymous_2)
FNDA:7,(anonymous_3)
FNDA:1,(anonymous_4)
DA:14,5
DA:15,5
DA:19,2
DA:21,2
DA:22,1
DA:27,1
DA:28,1
DA:36,7
DA:38,7
DA:83,2
DA:90,2
DA:91,1
LF:12
LH:12
BRDA:21,0,0,1
BRDA:21,0,1,1
BRDA:21,1,0,2
BRDA:21,1,1,1
BRF:4
BRH:4
end_of_record
TN:
SF:/www/sites/leo/leo-19-036-visa-game-react/src/components/generic/feedbackPopup/CancelButton.jsx
FN:7,(anonymous_0)
FNF:1
FNH:1
FNDA:10,(anonymous_0)
DA:7,6
DA:8,10
DA:18,6
LF:3
LH:3
BRF:0
BRH:0
end_of_record
TN:
SF:/www/sites/leo/leo-19-036-visa-game-react/src/components/generic/feedbackPopup/FeedbackPopup.jsx
FN:17,(anonymous_0)
FN:23,(anonymous_1)
FN:49,(anonymous_2)
FN:53,(anonymous_3)
FNF:4
FNH:4
FNDA:13,(anonymous_0)
FNDA:3,(anonymous_1)
FNDA:1,(anonymous_2)
FNDA:1,(anonymous_3)
DA:17,3
DA:18,13
DA:19,13
DA:20,13
DA:21,13
DA:23,13
DA:24,3
DA:25,2
DA:27,1
DA:46,3
DA:49,13
DA:50,1
DA:53,13
DA:54,1
DA:72,1
DA:75,13
DA:76,13
DA:80,13
DA:125,3
LF:19
LH:19
BRDA:24,0,0,2
BRDA:24,0,1,1
BRDA:75,1,0,3
BRDA:75,1,1,10
BRDA:75,2,0,13
BRDA:75,2,1,4
BRDA:76,3,0,1
BRDA:76,3,1,12
BRDA:76,4,0,13
BRDA:76,4,1,4
BRDA:96,5,0,4
BRDA:96,5,1,9
BRDA:101,6,0,3
BRDA:101,6,1,1
BRF:14
BRH:14
end_of_record
TN:
SF:/www/sites/leo/leo-19-036-visa-game-react/src/components/generic/feedbackPopup/GiveRating.jsx
FN:7,(anonymous_0)
FNF:1
FNH:1
FNDA:10,(anonymous_0)
DA:7,4
DA:13,10
DA:35,4
LF:3
LH:3
BRDA:24,0,0,5
BRDA:24,0,1,5
BRF:2
BRH:2
end_of_record
TN:
SF:/www/sites/leo/leo-19-036-visa-game-react/src/components/generic/feedbackPopup/LowRatingGiven.jsx
FN:6,(anonymous_0)
FNF:1
FNH:1
FNDA:4,(anonymous_0)
DA:6,4
DA:12,4
DA:31,4
LF:3
LH:3
BRDA:20,0,0,2
BRDA:20,0,1,2
BRF:2
BRH:2
end_of_record
TN:
SF:/www/sites/leo/leo-19-036-visa-game-react/src/components/generic/feedbackPopup/SuccessfulSubmit.jsx
FN:5,(anonymous_0)
FNF:1
FNH:1
FNDA:2,(anonymous_0)
DA:5,4
DA:6,2
DA:22,4
LF:3
LH:3
BRF:0
BRH:0
end_of_record
TN:
SF:/www/sites/leo/leo-19-036-visa-game-react/src/components/generic/feedbackpoints/FeedbackPoints.jsx
FN:8,(anonymous_0)
FNF:1
FNH:1
FNDA:1,(anonymous_0)
DA:8,7
DA:9,1
DA:25,7
DA:29,7
LF:4
LH:4
BRDA:10,0,0,1
BRDA:10,0,1,1
BRF:2
BRH:2
end_of_record
TN:
SF:/www/sites/leo/leo-19-036-visa-game-react/src/components/generic/footerbar/FooterBar.jsx
FN:13,(anonymous_0)
FN:25,(anonymous_1)
FN:29,(anonymous_2)
FN:33,(anonymous_3)
FN:40,(anonymous_4)
FN:45,(anonymous_5)
FN:81,(anonymous_6)
FN:85,(anonymous_7)
FNF:8
FNH:8
FNDA:6,(anonymous_0)
FNDA:1,(anonymous_1)
FNDA:1,(anonymous_2)
FNDA:1,(anonymous_3)
FNDA:1,(anonymous_4)
FNDA:8,(anonymous_5)
FNDA:1,(anonymous_6)
FNDA:1,(anonymous_7)
DA:14,6
DA:15,6
DA:19,6
DA:20,6
DA:21,6
DA:22,6
DA:26,1
DA:30,1
DA:34,1
DA:35,1
DA:36,1
DA:37,1
DA:41,1
DA:42,1
DA:46,8
DA:47,8
DA:49,8
DA:74,4
DA:81,4
DA:85,4
DA:86,1
LF:21
LH:21
BRDA:54,0,0,1
BRDA:54,0,1,7
BRF:2
BRH:2
end_of_record
TN:
SF:/www/sites/leo/leo-19-036-visa-game-react/src/components/generic/footerbar/SettingsPopup.jsx
FN:15,(anonymous_0)
FN:22,(anonymous_1)
FN:34,(anonymous_2)
FN:44,(anonymous_3)
FN:50,(anonymous_4)
FN:69,(anonymous_5)
FN:146,(anonymous_6)
FN:153,(anonymous_7)
FNF:8
FNH:8
FNDA:8,(anonymous_0)
FNDA:2,(anonymous_1)
FNDA:1,(anonymous_2)
FNDA:1,(anonymous_3)
FNDA:1,(anonymous_4)
FNDA:10,(anonymous_5)
FNDA:1,(anonymous_6)
FNDA:3,(anonymous_7)
DA:16,8
DA:17,8
DA:18,8
DA:19,8
DA:26,2
DA:28,2
DA:29,1
DA:30,1
DA:38,1
DA:39,1
DA:40,1
DA:41,1
DA:45,1
DA:46,1
DA:47,1
DA:51,1
DA:52,1
DA:78,10
DA:80,10
DA:82,10
DA:132,5
DA:146,5
DA:153,5
DA:154,3
LF:24
LH:24
BRDA:28,0,0,1
BRDA:28,0,1,1
BRDA:28,1,0,2
BRDA:28,1,1,1
BRDA:80,2,0,1
BRDA:80,2,1,9
BRF:6
BRH:6
end_of_record
TN:
SF:/www/sites/leo/leo-19-036-visa-game-react/src/components/generic/footerbar/settings/SettingRow.jsx
FN:12,(anonymous_0)
FN:19,(anonymous_1)
FN:37,(anonymous_2)
FN:53,(anonymous_3)
FNF:4
FNH:4
FNDA:4,(anonymous_0)
FNDA:2,(anonymous_1)
FNDA:1,(anonymous_2)
FNDA:4,(anonymous_3)
DA:13,4
DA:15,4
DA:16,4
DA:20,2
DA:21,2
DA:34,2
DA:38,1
DA:39,1
DA:40,1
DA:50,1
DA:61,4
DA:62,4
DA:74,4
DA:87,4
DA:103,6
DA:114,6
LF:16
LH:16
BRDA:30,0,0,1
BRDA:30,0,1,1
BRDA:62,1,0,1
BRDA:62,1,1,3
BRDA:74,2,0,1
BRDA:74,2,1,3
BRF:6
BRH:6
end_of_record
TN:
SF:/www/sites/leo/leo-19-036-visa-game-react/src/components/generic/hints/Hints.jsx
FN:19,(anonymous_0)
FN:27,(anonymous_1)
FN:32,(anonymous_2)
FN:78,(anonymous_3)
FN:82,(anonymous_4)
FN:113,(anonymous_5)
FN:145,(anonymous_6)
FN:176,(anonymous_7)
FN:189,(anonymous_8)
FNF:9
FNH:9
FNDA:15,(anonymous_0)
FNDA:9,(anonymous_1)
FNDA:11,(anonymous_2)
FNDA:1,(anonymous_3)
FNDA:11,(anonymous_4)
FNDA:4,(anonymous_5)
FNDA:21,(anonymous_6)
FNDA:1,(anonymous_7)
FNDA:1,(anonymous_8)
DA:20,15
DA:21,15
DA:24,15
DA:28,9
DA:29,9
DA:43,11
DA:45,11
DA:46,11
DA:47,11
DA:48,1
DA:49,10
DA:50,2
DA:51,2
DA:52,2
DA:53,1
DA:55,1
DA:57,8
DA:63,2
DA:71,2
DA:72,2
DA:73,2
DA:79,1
DA:93,11
DA:94,11
DA:103,11
DA:106,11
DA:107,6
DA:108,6
DA:109,6
DA:125,4
DA:126,4
DA:135,4
DA:136,4
DA:138,4
DA:139,2
DA:140,2
DA:141,2
DA:146,21
DA:147,21
DA:162,5
DA:176,5
DA:189,5
DA:190,1
LF:43
LH:43
BRDA:47,0,0,1
BRDA:47,0,1,10
BRDA:49,1,0,2
BRDA:49,1,1,8
BRDA:49,2,0,10
BRDA:49,2,1,9
BRDA:52,3,0,1
BRDA:52,3,1,1
BRDA:52,4,0,2
BRDA:52,4,1,1
BRDA:57,5,0,2
BRDA:57,5,1,6
BRDA:57,6,0,8
BRDA:57,6,1,7
BRDA:57,6,2,6
BRDA:57,6,3,6
BRDA:72,7,0,2
BRDA:72,7,1,0
BRDA:103,8,0,1
BRDA:103,8,1,10
BRDA:106,9,0,6
BRDA:106,9,1,5
BRDA:108,10,0,2
BRDA:108,10,1,4
BRDA:138,11,0,2
BRDA:138,11,1,2
BRDA:155,12,0,21
BRDA:155,12,1,2
BRF:28
BRH:27
end_of_record
TN:
SF:/www/sites/leo/leo-19-036-visa-game-react/src/components/generic/iframepopup/ChallengeButton.jsx
FN:9,(anonymous_0)
FN:14,(anonymous_1)
FN:19,(anonymous_2)
FNF:3
FNH:3
FNDA:3,(anonymous_0)
FNDA:1,(anonymous_1)
FNDA:3,(anonymous_2)
DA:10,3
DA:11,3
DA:15,1
DA:16,1
DA:25,3
DA:27,3
DA:28,3
DA:31,3
DA:49,7
LF:9
LH:9
BRDA:28,0,0,1
BRDA:28,0,1,2
BRF:2
BRH:2
end_of_record
TN:
SF:/www/sites/leo/leo-19-036-visa-game-react/src/components/generic/iframepopup/ChallengeNavigator.jsx
FN:28,(anonymous_0)
FN:50,(anonymous_1)
FN:62,(anonymous_2)
FN:78,(anonymous_3)
FN:129,(anonymous_4)
FN:142,(anonymous_5)
FN:157,(anonymous_6)
FN:162,(anonymous_7)
FN:167,(anonymous_8)
FN:188,(anonymous_9)
FN:195,(anonymous_10)
FN:200,(anonymous_11)
FN:231,(anonymous_12)
FN:281,(anonymous_13)
FN:324,(anonymous_14)
FN:327,(anonymous_15)
FN:329,(anonymous_16)
FN:339,(anonymous_17)
FN:370,(anonymous_18)
FN:379,(anonymous_19)
FN:440,(anonymous_20)
FN:449,(anonymous_21)
FNF:22
FNH:22
FNDA:34,(anonymous_0)
FNDA:3,(anonymous_1)
FNDA:9,(anonymous_2)
FNDA:4,(anonymous_3)
FNDA:4,(anonymous_4)
FNDA:2,(anonymous_5)
FNDA:1,(anonymous_6)
FNDA:1,(anonymous_7)
FNDA:4,(anonymous_8)
FNDA:1,(anonymous_9)
FNDA:2,(anonymous_10)
FNDA:3,(anonymous_11)
FNDA:8,(anonymous_12)
FNDA:2,(anonymous_13)
FNDA:2,(anonymous_14)
FNDA:2,(anonymous_15)
FNDA:2,(anonymous_16)
FNDA:1,(anonymous_17)
FNDA:77,(anonymous_18)
FNDA:97,(anonymous_19)
FNDA:1,(anonymous_20)
FNDA:1,(anonymous_21)
DA:29,34
DA:30,34
DA:42,34
DA:44,34
DA:45,34
DA:46,34
DA:47,34
DA:51,3
DA:53,3
DA:54,3
DA:55,3
DA:57,3
DA:58,3
DA:59,3
DA:61,3
DA:62,3
DA:63,9
DA:66,3
DA:83,4
DA:90,4
DA:91,4
DA:93,4
DA:94,3
DA:97,3
DA:103,3
DA:105,3
DA:109,3
DA:110,1
DA:112,3
DA:113,1
DA:116,3
DA:125,1
DA:130,4
DA:131,4
DA:132,4
DA:133,3
DA:134,3
DA:135,1
DA:137,2
DA:143,2
DA:144,2
DA:145,2
DA:146,2
DA:147,2
DA:148,1
DA:152,1
DA:154,2
DA:158,1
DA:159,1
DA:163,1
DA:164,1
DA:168,4
DA:169,4
DA:170,4
DA:171,4
DA:173,4
DA:174,4
DA:175,4
DA:177,4
DA:193,1
DA:195,1
DA:196,2
DA:205,3
DA:206,3
DA:208,3
DA:209,2
DA:210,2
DA:213,1
DA:214,1
DA:217,2
DA:218,1
DA:219,1
DA:222,2
DA:224,1
DA:227,2
DA:239,8
DA:246,8
DA:248,8
DA:249,8
DA:250,8
DA:252,8
DA:257,8
DA:259,8
DA:262,8
DA:263,5
DA:264,1
DA:268,4
DA:270,3
DA:274,8
DA:279,8
DA:281,2
DA:282,2
DA:283,2
DA:284,1
DA:286,2
DA:294,8
DA:304,8
DA:306,8
DA:314,8
DA:316,3
DA:317,2
DA:319,3
DA:320,3
DA:325,2
DA:327,2
DA:329,2
DA:330,2
DA:333,2
DA:334,1
DA:335,1
DA:340,1
DA:341,1
DA:342,1
DA:344,1
DA:377,77
DA:379,77
DA:380,97
DA:389,77
DA:417,6
DA:440,6
DA:449,6
DA:450,1
LF:122
LH:122
BRDA:69,0,0,3
BRDA:69,0,1,2
BRDA:69,0,2,1
BRDA:93,1,0,3
BRDA:93,1,1,1
BRDA:109,2,0,1
BRDA:109,2,1,2
BRDA:112,3,0,1
BRDA:112,3,1,2
BRDA:132,4,0,3
BRDA:132,4,1,1
BRDA:134,5,0,1
BRDA:134,5,1,2
BRDA:134,6,0,3
BRDA:134,6,1,3
BRDA:134,6,2,1
BRDA:147,7,0,1
BRDA:147,7,1,1
BRDA:147,8,0,2
BRDA:147,8,1,2
BRDA:147,8,2,1
BRDA:170,9,0,1
BRDA:170,9,1,3
BRDA:181,10,0,4
BRDA:181,10,1,3
BRDA:181,10,2,3
BRDA:196,11,0,2
BRDA:196,11,1,2
BRDA:208,12,0,2
BRDA:208,12,1,1
BRDA:210,13,0,1
BRDA:210,13,1,1
BRDA:210,14,0,2
BRDA:210,14,1,1
BRDA:210,14,2,1
BRDA:217,15,0,1
BRDA:217,15,1,1
BRDA:222,16,0,1
BRDA:222,16,1,1
BRDA:222,17,0,2
BRDA:222,17,1,1
BRDA:222,17,2,1
BRDA:262,18,0,5
BRDA:262,18,1,3
BRDA:262,19,0,8
BRDA:262,19,1,7
BRDA:263,20,0,1
BRDA:263,20,1,4
BRDA:268,21,0,3
BRDA:268,21,1,1
BRDA:268,22,0,4
BRDA:268,22,1,2
BRDA:275,23,0,7
BRDA:275,23,1,1
BRDA:279,24,0,2
BRDA:279,24,1,6
BRDA:279,25,0,8
BRDA:279,25,1,5
BRDA:279,25,2,3
BRDA:279,25,3,3
BRDA:283,26,0,1
BRDA:283,26,1,1
BRDA:283,27,0,2
BRDA:283,27,1,2
BRDA:311,28,0,8
BRDA:311,28,1,5
BRDA:314,29,0,3
BRDA:314,29,1,5
BRDA:314,30,0,8
BRDA:314,30,1,3
BRDA:314,30,2,2
BRDA:316,31,0,2
BRDA:316,31,1,1
BRDA:327,32,0,2
BRDA:327,32,1,2
BRDA:330,33,0,2
BRDA:330,33,1,1
BRDA:333,34,0,1
BRDA:333,34,1,1
BRDA:333,35,0,2
BRDA:333,35,1,2
BRF:81
BRH:81
end_of_record
TN:
SF:/www/sites/leo/leo-19-036-visa-game-react/src/components/generic/iframepopup/IframeChallengesPopup.jsx
FN:16,(anonymous_0)
FN:22,(anonymous_1)
FN:28,(anonymous_2)
FN:34,(anonymous_3)
FN:37,(anonymous_4)
FN:43,(anonymous_5)
FN:61,(anonymous_6)
FN:71,(anonymous_7)
FNF:8
FNH:8
FNDA:9,(anonymous_0)
FNDA:1,(anonymous_1)
FNDA:2,(anonymous_2)
FNDA:2,(anonymous_3)
FNDA:1,(anonymous_4)
FNDA:1,(anonymous_5)
FNDA:3,(anonymous_6)
FNDA:12,(anonymous_7)
DA:13,5
DA:17,9
DA:19,9
DA:20,9
DA:22,9
DA:23,1
DA:25,9
DA:29,2
DA:30,1
DA:35,2
DA:36,1
DA:38,1
DA:44,1
DA:53,1
DA:62,3
DA:63,2
DA:64,1
DA:67,1
DA:72,12
DA:78,12
DA:80,12
DA:135,5
LF:22
LH:22
BRDA:29,0,0,1
BRDA:29,0,1,1
BRDA:35,1,0,1
BRDA:35,1,1,1
BRDA:62,2,0,2
BRDA:62,2,1,1
BRDA:63,3,0,1
BRDA:63,3,1,1
BRDA:95,4,0,10
BRDA:95,4,1,2
BRDA:97,5,0,12
BRDA:97,5,1,1
BRDA:105,6,0,12
BRDA:105,6,1,3
BRDA:105,6,2,1
BRDA:114,7,0,12
BRDA:114,7,1,3
BRDA:114,7,2,2
BRF:18
BRH:18
end_of_record
TN:
SF:/www/sites/leo/leo-19-036-visa-game-react/src/components/generic/iframepopup/IframeLearningPopup.jsx
FN:13,(anonymous_0)
FN:22,(anonymous_1)
FN:27,(anonymous_2)
FN:33,(anonymous_3)
FN:51,(anonymous_4)
FNF:5
FNH:5
FNDA:6,(anonymous_0)
FNDA:2,(anonymous_1)
FNDA:1,(anonymous_2)
FNDA:1,(anonymous_3)
FNDA:12,(anonymous_4)
DA:10,5
DA:14,6
DA:16,6
DA:17,1
DA:18,1
DA:23,2
DA:24,2
DA:25,1
DA:26,1
DA:28,1
DA:34,1
DA:43,1
DA:52,12
DA:58,12
DA:60,12
DA:109,5
LF:16
LH:16
BRDA:16,0,0,1
BRDA:16,0,1,5
BRDA:16,1,0,6
BRDA:16,1,1,6
BRDA:24,2,0,1
BRDA:24,2,1,1
BRDA:75,3,0,10
BRDA:75,3,1,2
BRDA:77,4,0,12
BRDA:77,4,1,1
BRDA:85,5,0,12
BRDA:85,5,1,3
BRDA:85,5,2,1
BRDA:94,6,0,12
BRDA:94,6,1,3
BRDA:94,6,2,2
BRF:16
BRH:16
end_of_record
TN:
SF:/www/sites/leo/leo-19-036-visa-game-react/src/components/generic/iframepopup/IframePopup.jsx
FN:12,(anonymous_0)
FN:28,(anonymous_1)
FN:37,(anonymous_2)
FN:50,(anonymous_3)
FN:66,(anonymous_4)
FN:70,(anonymous_5)
FN:76,(anonymous_6)
FN:83,(anonymous_7)
FNF:8
FNH:8
FNDA:23,(anonymous_0)
FNDA:2,(anonymous_1)
FNDA:2,(anonymous_2)
FNDA:2,(anonymous_3)
FNDA:1,(anonymous_4)
FNDA:1,(anonymous_5)
FNDA:2,(anonymous_6)
FNDA:11,(anonymous_7)
DA:13,23
DA:14,23
DA:21,23
DA:22,23
DA:23,23
DA:24,23
DA:25,23
DA:29,2
DA:30,2
DA:31,1
DA:32,1
DA:34,2
DA:38,2
DA:39,2
DA:42,2
DA:43,1
DA:46,2
DA:47,2
DA:51,2
DA:52,2
DA:67,1
DA:71,1
DA:77,2
DA:84,11
DA:88,7
LF:25
LH:25
BRDA:30,0,0,1
BRDA:30,0,1,1
BRDA:42,1,0,1
BRDA:42,1,1,1
BRDA:42,2,0,2
BRDA:42,2,1,2
BRDA:42,2,2,1
BRF:7
BRH:7
end_of_record
TN:
SF:/www/sites/leo/leo-19-036-visa-game-react/src/components/generic/iframepopup/IframePopupFailed.jsx
FN:6,(anonymous_0)
FNF:1
FNH:1
FNDA:1,(anonymous_0)
DA:6,7
DA:7,1
LF:2
LH:2
BRF:0
BRH:0
end_of_record
TN:
SF:/www/sites/leo/leo-19-036-visa-game-react/src/components/generic/iframepopup/ResetStreakPopup.jsx
FN:9,(anonymous_0)
FN:15,(anonymous_1)
FN:20,(anonymous_2)
FN:25,(anonymous_3)
FNF:4
FNH:4
FNDA:3,(anonymous_0)
FNDA:1,(anonymous_1)
FNDA:1,(anonymous_2)
FNDA:3,(anonymous_3)
DA:10,3
DA:11,3
DA:12,3
DA:16,1
DA:17,1
DA:21,1
DA:22,1
DA:26,3
DA:27,3
DA:64,7
LF:10
LH:10
BRF:0
BRH:0
end_of_record
TN:
SF:/www/sites/leo/leo-19-036-visa-game-react/src/components/generic/introsequencepopup/IntroSequencePopup.jsx
FN:16,(anonymous_0)
FN:27,(anonymous_1)
FN:32,(anonymous_2)
FN:36,(anonymous_3)
FN:41,(anonymous_4)
FN:46,(anonymous_5)
FN:62,(anonymous_6)
FNF:7
FNH:7
FNDA:7,(anonymous_0)
FNDA:7,(anonymous_1)
FNDA:1,(anonymous_2)
FNDA:1,(anonymous_3)
FNDA:1,(anonymous_4)
FNDA:18,(anonymous_5)
FNDA:234,(anonymous_6)
DA:17,7
DA:18,7
DA:22,7
DA:23,7
DA:24,7
DA:28,7
DA:29,7
DA:32,7
DA:33,1
DA:37,1
DA:38,1
DA:42,1
DA:43,1
DA:50,18
DA:55,18
DA:57,18
DA:62,18
DA:63,234
DA:69,18
DA:129,7
LF:20
LH:20
BRDA:29,0,0,1
BRDA:29,0,1,6
BRDA:29,1,0,7
BRDA:29,1,1,1
BRDA:112,2,0,1
BRDA:112,2,1,17
BRDA:117,3,0,1
BRDA:117,3,1,17
BRF:8
BRH:8
end_of_record
TN:
SF:/www/sites/leo/leo-19-036-visa-game-react/src/components/generic/introsequencepopup/IntroSlidePopup.jsx
FN:6,(anonymous_0)
FNF:1
FNH:1
FNDA:1,(anonymous_0)
DA:6,8
DA:7,1
DA:14,8
LF:3
LH:3
BRF:0
BRH:0
end_of_record
TN:
SF:/www/sites/leo/leo-19-036-visa-game-react/src/components/generic/minidashboard/Achievements.jsx
FN:8,(anonymous_0)
FN:31,(anonymous_1)
FNF:2
FNH:2
FNDA:2,(anonymous_0)
FNDA:1,(anonymous_1)
DA:8,4
DA:9,2
DA:10,2
DA:27,4
DA:31,4
LF:5
LH:5
BRDA:13,0,0,1
BRDA:13,0,1,1
BRF:2
BRH:2
end_of_record
TN:
SF:/www/sites/leo/leo-19-036-visa-game-react/src/components/generic/minidashboard/ChallengeStreak.jsx
FN:10,(anonymous_0)
FN:15,(anonymous_1)
FN:22,(anonymous_2)
FN:26,(anonymous_3)
FN:43,(anonymous_4)
FNF:5
FNH:5
FNDA:2,(anonymous_0)
FNDA:8,(anonymous_1)
FNDA:2,(anonymous_2)
FNDA:2,(anonymous_3)
FNDA:1,(anonymous_4)
DA:11,2
DA:12,2
DA:16,8
DA:17,8
DA:23,2
DA:27,2
DA:39,4
DA:43,4
LF:8
LH:8
BRDA:18,0,0,2
BRDA:18,0,1,6
BRF:2
BRH:2
end_of_record
TN:
SF:/www/sites/leo/leo-19-036-visa-game-react/src/components/generic/minidashboard/MiniDashboard.jsx
FN:19,(anonymous_0)
FN:29,(anonymous_1)
FN:33,(anonymous_2)
FN:37,(anonymous_3)
FN:42,(anonymous_4)
FN:83,(anonymous_5)
FNF:6
FNH:5
FNDA:4,(anonymous_0)
FNDA:1,(anonymous_1)
FNDA:1,(anonymous_2)
FNDA:1,(anonymous_3)
FNDA:6,(anonymous_4)
FNDA:0,(anonymous_5)
DA:20,4
DA:21,4
DA:24,4
DA:25,4
DA:26,4
DA:30,1
DA:34,1
DA:38,1
DA:39,1
DA:43,6
DA:44,6
DA:79,3
DA:83,3
DA:84,0
LF:14
LH:13
BRF:0
BRH:0
end_of_record
TN:
SF:/www/sites/leo/leo-19-036-visa-game-react/src/components/generic/minidashboard/Points.jsx
FN:13,(anonymous_0)
FN:22,(anonymous_1)
FN:29,(anonymous_2)
FN:38,(anonymous_3)
FN:46,(anonymous_4)
FN:87,(anonymous_5)
FN:93,(anonymous_6)
FNF:7
FNH:7
FNDA:6,(anonymous_0)
FNDA:3,(anonymous_1)
FNDA:1,(anonymous_2)
FNDA:1,(anonymous_3)
FNDA:9,(anonymous_4)
FNDA:1,(anonymous_5)
FNDA:1,(anonymous_6)
DA:14,6
DA:15,6
DA:19,6
DA:23,3
DA:24,3
DA:25,1
DA:30,1
DA:31,1
DA:32,1
DA:33,1
DA:39,1
DA:40,1
DA:47,9
DA:48,9
DA:49,9
DA:75,5
DA:83,5
DA:87,5
DA:93,5
DA:94,1
LF:20
LH:20
BRDA:24,0,0,1
BRDA:24,0,1,2
BRDA:53,1,0,1
BRDA:53,1,1,8
BRF:4
BRH:4
end_of_record
TN:
SF:/www/sites/leo/leo-19-036-visa-game-react/src/components/generic/minidashboard/ProductsCompleted.jsx
FN:16,(anonymous_0)
FN:18,(anonymous_1)
FN:23,(anonymous_2)
FN:51,(anonymous_3)
FNF:4
FNH:4
FNDA:1,(anonymous_0)
FNDA:3,(anonymous_1)
FNDA:5,(anonymous_2)
FNDA:1,(anonymous_3)
DA:16,4
DA:17,1
DA:18,1
DA:19,3
DA:22,1
DA:23,1
DA:24,5
DA:27,1
DA:28,1
DA:47,4
DA:51,4
LF:11
LH:11
BRDA:19,0,0,3
BRDA:19,0,1,2
BRDA:19,0,2,1
BRF:3
BRH:3
end_of_record
TN:
SF:/www/sites/leo/leo-19-036-visa-game-react/src/components/generic/minidashboard/Proposals.jsx
FN:9,(anonymous_0)
FN:32,(anonymous_1)
FNF:2
FNH:2
FNDA:1,(anonymous_0)
FNDA:1,(anonymous_1)
DA:9,4
DA:10,1
DA:11,1
DA:27,4
DA:32,4
LF:5
LH:5
BRF:0
BRH:0
end_of_record
TN:
SF:/www/sites/leo/leo-19-036-visa-game-react/src/components/generic/minidashboard/Rank.jsx
FN:11,(anonymous_0)
FN:54,(anonymous_1)
FNF:2
FNH:2
FNDA:2,(anonymous_0)
FNDA:1,(anonymous_1)
DA:11,7
DA:16,2
DA:17,2
DA:18,2
DA:20,2
DA:44,7
DA:50,7
DA:54,7
LF:8
LH:8
BRDA:28,0,0,1
BRDA:28,0,1,1
BRF:2
BRH:2
end_of_record
TN:
SF:/www/sites/leo/leo-19-036-visa-game-react/src/components/generic/minimap/Minimap.jsx
FN:6,(anonymous_0)
FNF:1
FNH:1
FNDA:1,(anonymous_0)
DA:6,6
DA:7,1
LF:2
LH:2
BRF:0
BRH:0
end_of_record
TN:
SF:/www/sites/leo/leo-19-036-visa-game-react/src/components/generic/progressbar/ProgressBar.jsx
FN:6,(anonymous_0)
FNF:1
FNH:1
FNDA:1,(anonymous_0)
DA:6,15
DA:10,1
DA:11,1
DA:12,1
DA:22,15
DA:27,15
LF:6
LH:6
BRF:0
BRH:0
end_of_record
TN:
SF:/www/sites/leo/leo-19-036-visa-game-react/src/components/generic/prompts/AchievementPrompt.jsx
FN:10,(anonymous_0)
FN:14,(anonymous_1)
FN:21,(anonymous_2)
FN:26,(anonymous_3)
FN:28,(anonymous_4)
FNF:5
FNH:5
FNDA:2,(anonymous_0)
FNDA:2,(anonymous_1)
FNDA:3,(anonymous_2)
FNDA:8,(anonymous_3)
FNDA:49,(anonymous_4)
DA:11,2
DA:15,2
DA:16,2
DA:17,1
DA:22,3
DA:23,3
DA:27,8
DA:28,49
DA:29,8
DA:31,8
DA:84,6
DA:88,6
LF:12
LH:12
BRDA:16,0,0,1
BRDA:16,0,1,1
BRDA:16,1,0,2
BRDA:16,1,1,1
BRDA:29,2,0,6
BRDA:29,2,1,2
BRDA:33,3,0,8
BRDA:33,3,1,7
BRDA:40,4,0,1
BRDA:40,4,1,7
BRF:10
BRH:10
end_of_record
TN:
SF:/www/sites/leo/leo-19-036-visa-game-react/src/components/generic/prompts/BonusStreakPrompt.jsx
FN:11,(anonymous_0)
FN:16,(anonymous_1)
FNF:2
FNH:2
FNDA:1,(anonymous_0)
FNDA:1,(anonymous_1)
DA:12,1
DA:13,1
DA:17,1
DA:51,5
LF:4
LH:4
BRF:0
BRH:0
end_of_record
TN:
SF:/www/sites/leo/leo-19-036-visa-game-react/src/components/generic/prompts/MultipleAchievementsPrompt.jsx
FN:8,(anonymous_0)
FN:15,(anonymous_1)
FNF:2
FNH:2
FNDA:1,(anonymous_0)
FNDA:2,(anonymous_1)
DA:8,5
DA:9,1
DA:16,2
DA:27,5
LF:4
LH:4
BRF:0
BRH:0
end_of_record
TN:
SF:/www/sites/leo/leo-19-036-visa-game-react/src/components/generic/prompts/ProductPrompt.jsx
FN:14,(anonymous_0)
FN:19,(anonymous_1)
FN:26,(anonymous_2)
FNF:3
FNH:3
FNDA:1,(anonymous_0)
FNDA:1,(anonymous_1)
FNDA:4,(anonymous_2)
DA:15,1
DA:16,1
DA:24,1
DA:25,1
DA:26,4
DA:27,1
DA:29,1
DA:58,5
LF:8
LH:8
BRF:0
BRH:0
end_of_record
TN:
SF:/www/sites/leo/leo-19-036-visa-game-react/src/components/generic/prompts/Prompts.jsx
FN:17,(anonymous_0)
FN:32,(anonymous_1)
FN:43,(anonymous_2)
FN:55,(anonymous_3)
FN:58,(anonymous_4)
FN:67,(anonymous_5)
FN:79,(anonymous_6)
FN:99,(anonymous_7)
FN:112,(anonymous_8)
FN:117,(anonymous_9)
FN:122,(anonymous_10)
FN:140,(anonymous_11)
FN:147,(anonymous_12)
FN:155,(anonymous_13)
FN:163,(anonymous_14)
FN:168,(anonymous_15)
FN:187,(anonymous_16)
FN:235,(anonymous_17)
FN:247,(anonymous_18)
FNF:19
FNH:18
FNDA:29,(anonymous_0)
FNDA:6,(anonymous_1)
FNDA:3,(anonymous_2)
FNDA:1,(anonymous_3)
FNDA:0,(anonymous_4)
FNDA:2,(anonymous_5)
FNDA:4,(anonymous_6)
FNDA:7,(anonymous_7)
FNDA:2,(anonymous_8)
FNDA:1,(anonymous_9)
FNDA:1,(anonymous_10)
FNDA:2,(anonymous_11)
FNDA:2,(anonymous_12)
FNDA:1,(anonymous_13)
FNDA:2,(anonymous_14)
FNDA:6,(anonymous_15)
FNDA:47,(anonymous_16)
FNDA:1,(anonymous_17)
FNDA:2,(anonymous_18)
DA:18,29
DA:19,29
DA:26,29
DA:27,29
DA:28,29
DA:29,29
DA:36,6
DA:38,6
DA:39,1
DA:47,3
DA:49,3
DA:51,2
DA:56,1
DA:57,1
DA:58,0
DA:60,1
DA:64,1
DA:68,2
DA:69,2
DA:73,2
DA:74,1
DA:76,2
DA:80,4
DA:81,4
DA:83,4
DA:84,2
DA:85,2
DA:86,1
DA:89,2
DA:90,2
DA:91,2
DA:110,7
DA:112,7
DA:117,7
DA:122,7
DA:129,7
DA:130,1
DA:135,7
DA:136,5
DA:137,5
DA:139,2
DA:140,2
DA:141,2
DA:142,1
DA:145,2
DA:148,2
DA:149,1
DA:156,1
DA:157,1
DA:158,1
DA:164,2
DA:165,2
DA:174,6
DA:176,6
DA:177,1
DA:178,5
DA:179,1
DA:180,4
DA:181,1
DA:182,3
DA:183,1
DA:188,47
DA:194,47
DA:196,47
DA:215,3
DA:235,3
DA:247,3
DA:248,2
LF:68
LH:67
BRDA:38,0,0,1
BRDA:38,0,1,5
BRDA:38,1,0,6
BRDA:38,1,1,1
BRDA:49,2,0,2
BRDA:49,2,1,1
BRDA:49,3,0,3
BRDA:49,3,1,3
BRDA:49,3,2,2
BRDA:49,3,3,1
BRDA:49,3,4,2
BRDA:49,3,5,1
BRDA:60,4,0,0
BRDA:60,4,1,1
BRDA:60,5,0,1
BRDA:60,5,1,0
BRDA:73,6,0,1
BRDA:73,6,1,1
BRDA:73,7,0,2
BRDA:73,7,1,2
BRDA:83,8,0,2
BRDA:83,8,1,2
BRDA:85,9,0,1
BRDA:85,9,1,1
BRDA:129,10,0,1
BRDA:129,10,1,6
BRDA:135,11,0,5
BRDA:135,11,1,2
BRDA:141,12,0,1
BRDA:141,12,1,1
BRDA:148,13,0,1
BRDA:148,13,1,1
BRDA:176,14,0,1
BRDA:176,14,1,5
BRDA:178,15,0,1
BRDA:178,15,1,4
BRDA:180,16,0,1
BRDA:180,16,1,3
BRDA:182,17,0,1
BRDA:182,17,1,2
BRDA:198,18,0,3
BRDA:198,18,1,44
BRF:42
BRH:40
end_of_record
TN:
SF:/www/sites/leo/leo-19-036-visa-game-react/src/components/generic/prompts/PromptsPopup.jsx
FN:21,(anonymous_0)
FN:26,(anonymous_1)
FN:31,(anonymous_2)
FN:42,(anonymous_3)
FNF:4
FNH:4
FNDA:8,(anonymous_0)
FNDA:1,(anonymous_1)
FNDA:8,(anonymous_2)
FNDA:7,(anonymous_3)
DA:22,8
DA:23,8
DA:27,1
DA:28,1
DA:38,8
DA:40,8
DA:41,8
DA:42,8
DA:44,8
DA:48,1
DA:49,1
DA:55,7
DA:56,5
DA:57,1
DA:63,4
DA:64,1
DA:67,3
DA:68,1
DA:76,2
DA:77,1
DA:81,8
DA:108,4
LF:22
LH:22
BRDA:40,0,0,6
BRDA:40,0,1,2
BRDA:44,1,0,1
BRDA:44,1,1,7
BRDA:45,2,0,8
BRDA:45,2,1,1
BRDA:55,3,0,5
BRDA:55,3,1,2
BRDA:55,4,0,7
BRDA:55,4,1,5
BRDA:56,5,0,1
BRDA:56,5,1,4
BRDA:63,6,0,1
BRDA:63,6,1,3
BRDA:67,7,0,1
BRDA:67,7,1,2
BRDA:76,8,0,1
BRDA:76,8,1,1
BRF:18
BRH:18
end_of_record
TN:
SF:/www/sites/leo/leo-19-036-visa-game-react/src/components/generic/prompts/RankPrompt.jsx
FN:10,(anonymous_0)
FN:14,(anonymous_1)
FN:21,(anonymous_2)
FN:26,(anonymous_3)
FNF:4
FNH:4
FNDA:2,(anonymous_0)
FNDA:2,(anonymous_1)
FNDA:3,(anonymous_2)
FNDA:6,(anonymous_3)
DA:11,2
DA:15,2
DA:16,2
DA:17,1
DA:22,3
DA:23,3
DA:27,6
DA:36,5
LF:8
LH:8
BRDA:16,0,0,1
BRDA:16,0,1,1
BRDA:16,1,0,2
BRDA:16,1,1,1
BRF:4
BRH:4
end_of_record
TN:
SF:/www/sites/leo/leo-19-036-visa-game-react/src/components/generic/prompts/SummaryPrompt.jsx
FN:15,(anonymous_0)
FN:25,(anonymous_1)
FN:33,(anonymous_2)
FN:44,(anonymous_3)
FN:49,(anonymous_4)
FN:55,(anonymous_5)
FN:60,(anonymous_6)
FN:103,(anonymous_7)
FN:108,(anonymous_8)
FNF:9
FNH:8
FNDA:4,(anonymous_0)
FNDA:1,(anonymous_1)
FNDA:1,(anonymous_2)
FNDA:0,(anonymous_3)
FNDA:1,(anonymous_4)
FNDA:5,(anonymous_5)
FNDA:10,(anonymous_6)
FNDA:1,(anonymous_7)
FNDA:1,(anonymous_8)
DA:16,4
DA:17,4
DA:20,4
DA:21,4
DA:22,4
DA:26,1
DA:27,1
DA:28,1
DA:38,1
DA:39,1
DA:40,1
DA:41,1
DA:45,0
DA:46,0
DA:50,1
DA:51,1
DA:52,1
DA:56,5
DA:57,5
DA:59,5
DA:60,5
DA:61,10
DA:62,5
DA:71,5
DA:92,4
DA:103,4
DA:108,4
DA:109,1
LF:28
LH:26
BRDA:61,0,0,5
BRDA:61,0,1,5
BRF:2
BRH:2
end_of_record
TN:
SF:/www/sites/leo/leo-19-036-visa-game-react/src/components/generic/prompts/SummaryPromptCategory.jsx
FN:8,(anonymous_0)
FNF:1
FNH:1
FNDA:1,(anonymous_0)
DA:8,5
DA:9,1
DA:16,5
LF:3
LH:3
BRF:0
BRH:0
end_of_record
TN:
SF:/www/sites/leo/leo-19-036-visa-game-react/src/components/generic/rating/DifficultyRating.jsx
FN:7,(anonymous_0)
FN:9,(anonymous_1)
FNF:2
FNH:2
FNDA:1,(anonymous_0)
FNDA:10,(anonymous_1)
DA:7,7
DA:8,1
DA:10,10
DA:19,7
DA:23,7
LF:5
LH:5
BRF:0
BRH:0
end_of_record
TN:
SF:/www/sites/leo/leo-19-036-visa-game-react/src/components/generic/rating/Rating.jsx
FN:7,(anonymous_0)
FN:10,(anonymous_1)
FN:14,(anonymous_2)
FN:18,(anonymous_3)
FN:20,(anonymous_4)
FN:28,(anonymous_5)
FNF:6
FNH:6
FNDA:14,(anonymous_0)
FNDA:1,(anonymous_1)
FNDA:1,(anonymous_2)
FNDA:1,(anonymous_3)
FNDA:4,(anonymous_4)
FNDA:75,(anonymous_5)
DA:7,5
DA:8,14
DA:10,14
DA:11,1
DA:14,14
DA:15,1
DA:18,14
DA:20,14
DA:21,4
DA:22,4
DA:25,14
DA:29,75
DA:45,5
DA:49,5
LF:14
LH:14
BRF:0
BRH:0
end_of_record
TN:
SF:/www/sites/leo/leo-19-036-visa-game-react/src/components/generic/rating/Star.jsx
FN:6,(anonymous_0)
FNF:1
FNH:1
FNDA:2,(anonymous_0)
DA:6,8
DA:7,2
DA:10,8
LF:3
LH:3
BRDA:7,0,0,1
BRDA:7,0,1,1
BRF:2
BRH:2
end_of_record
TN:
SF:/www/sites/leo/leo-19-036-visa-game-react/src/components/generic/rating/StarButton.jsx
FN:6,(anonymous_0)
FNF:1
FNH:1
FNDA:67,(anonymous_0)
DA:6,6
DA:14,67
DA:27,6
LF:3
LH:3
BRDA:15,0,0,8
BRDA:15,0,1,59
BRDA:15,1,0,4
BRDA:15,1,1,63
BRF:4
BRH:4
end_of_record
TN:
SF:/www/sites/leo/leo-19-036-visa-game-react/src/components/generic/solutionFeedback/ShowSolutionPrompt.jsx
FN:9,(anonymous_0)
FNF:1
FNH:1
FNDA:1,(anonymous_0)
DA:9,6
DA:10,1
DA:41,6
LF:3
LH:3
BRF:0
BRH:0
end_of_record
TN:
SF:/www/sites/leo/leo-19-036-visa-game-react/src/components/generic/solutionFeedback/SolutionFeedback.jsx
FN:15,(anonymous_0)
FN:26,(anonymous_1)
FN:30,(anonymous_2)
FN:34,(anonymous_3)
FN:41,(anonymous_4)
FN:44,(anonymous_5)
FN:52,(anonymous_6)
FNF:7
FNH:7
FNDA:7,(anonymous_0)
FNDA:1,(anonymous_1)
FNDA:1,(anonymous_2)
FNDA:1,(anonymous_3)
FNDA:10,(anonymous_4)
FNDA:80,(anonymous_5)
FNDA:10,(anonymous_6)
DA:16,7
DA:17,7
DA:21,7
DA:22,7
DA:23,7
DA:27,1
DA:31,1
DA:35,1
DA:36,1
DA:37,1
DA:38,1
DA:42,10
DA:43,10
DA:45,80
DA:58,10
DA:59,10
DA:60,10
DA:61,10
DA:62,10
DA:64,10
DA:205,5
DA:209,5
LF:22
LH:22
BRDA:60,0,0,1
BRDA:60,0,1,9
BRDA:60,1,0,10
BRDA:60,1,1,10
BRDA:61,2,0,10
BRDA:61,2,1,10
BRDA:78,3,0,10
BRDA:78,3,1,9
BRDA:78,3,2,9
BRDA:78,3,3,1
BRDA:117,4,0,10
BRDA:117,4,1,9
BRDA:117,4,2,9
BRDA:117,4,3,8
BRDA:117,4,4,7
BRDA:155,5,0,10
BRDA:155,5,1,9
BRDA:155,5,2,9
BRDA:155,5,3,8
BRDA:155,5,4,1
BRF:20
BRH:20
end_of_record
TN:
SF:/www/sites/leo/leo-19-036-visa-game-react/src/components/generic/toggle/Toggle.jsx
FN:8,(anonymous_0)
FN:13,(anonymous_1)
FN:18,(anonymous_2)
FNF:3
FNH:3
FNDA:3,(anonymous_0)
FNDA:1,(anonymous_1)
FNDA:3,(anonymous_2)
DA:9,3
DA:10,3
DA:14,1
DA:15,1
DA:19,3
DA:20,3
DA:21,3
DA:35,7
LF:8
LH:8
BRDA:20,0,0,1
BRDA:20,0,1,2
BRF:2
BRH:2
end_of_record
TN:
SF:/www/sites/leo/leo-19-036-visa-game-react/src/components/generic/tooltip/Tooltip.jsx
FN:10,(anonymous_0)
FN:59,(anonymous_1)
FNF:2
FNH:2
FNDA:3,(anonymous_0)
FNDA:1,(anonymous_1)
DA:10,21
DA:17,3
DA:20,3
DA:27,3
DA:46,21
DA:54,21
DA:59,21
LF:7
LH:7
BRDA:29,0,0,3
BRDA:29,0,1,3
BRF:2
BRH:2
end_of_record
TN:
SF:/www/sites/leo/leo-19-036-visa-game-react/src/components/generic/tutorialpopup/TutorialCarousel.jsx
FN:13,(anonymous_0)
FN:33,(anonymous_1)
FN:39,(anonymous_2)
FN:46,(anonymous_3)
FN:51,(anonymous_4)
FN:56,(anonymous_5)
FN:64,(anonymous_6)
FN:68,(anonymous_7)
FN:72,(anonymous_8)
FN:76,(anonymous_9)
FN:81,(anonymous_10)
FN:84,(anonymous_11)
FN:89,(anonymous_12)
FN:103,(anonymous_13)
FN:107,(anonymous_14)
FN:111,(anonymous_15)
FN:129,(anonymous_16)
FN:151,(anonymous_17)
FN:163,(anonymous_18)
FNF:19
FNH:19
FNDA:17,(anonymous_0)
FNDA:4,(anonymous_1)
FNDA:5,(anonymous_2)
FNDA:1,(anonymous_3)
FNDA:1,(anonymous_4)
FNDA:1,(anonymous_5)
FNDA:1,(anonymous_6)
FNDA:1,(anonymous_7)
FNDA:1,(anonymous_8)
FNDA:2,(anonymous_9)
FNDA:4,(anonymous_10)
FNDA:4,(anonymous_11)
FNDA:2,(anonymous_12)
FNDA:1,(anonymous_13)
FNDA:1,(anonymous_14)
FNDA:4,(anonymous_15)
FNDA:2,(anonymous_16)
FNDA:26,(anonymous_17)
FNDA:156,(anonymous_18)
DA:14,17
DA:16,17
DA:21,17
DA:22,17
DA:24,17
DA:25,17
DA:26,17
DA:27,17
DA:28,17
DA:29,17
DA:30,17
DA:34,4
DA:40,5
DA:41,5
DA:42,1
DA:47,1
DA:48,1
DA:52,1
DA:53,1
DA:57,1
DA:58,1
DA:59,1
DA:60,1
DA:61,1
DA:65,1
DA:69,1
DA:73,1
DA:77,2
DA:78,2
DA:80,2
DA:81,4
DA:84,4
DA:85,1
DA:90,2
DA:92,2
DA:93,1
DA:99,1
DA:104,1
DA:108,1
DA:109,1
DA:110,1
DA:111,4
DA:113,1
DA:130,2
DA:131,2
DA:132,2
DA:152,26
DA:153,26
DA:155,26
DA:163,26
DA:164,156
DA:172,26
DA:212,4
LF:53
LH:53
BRDA:35,0,0,1
BRDA:35,0,1,3
BRDA:41,1,0,1
BRDA:41,1,1,4
BRDA:84,2,0,1
BRDA:84,2,1,1
BRDA:92,3,0,1
BRDA:92,3,1,1
BRF:8
BRH:8
end_of_record
TN:
SF:/www/sites/leo/leo-19-036-visa-game-react/src/components/generic/tutorialpopup/TutorialPopup.jsx
FN:15,(anonymous_0)
FN:20,(anonymous_1)
FN:28,(anonymous_2)
FN:33,(anonymous_3)
FN:88,(anonymous_4)
FN:92,(anonymous_5)
FNF:6
FNH:6
FNDA:5,(anonymous_0)
FNDA:2,(anonymous_1)
FNDA:1,(anonymous_2)
FNDA:7,(anonymous_3)
FNDA:1,(anonymous_4)
FNDA:1,(anonymous_5)
DA:16,5
DA:17,5
DA:21,2
DA:23,2
DA:24,1
DA:29,1
DA:30,1
DA:39,7
DA:41,7
DA:80,3
DA:88,3
DA:92,3
DA:93,1
LF:13
LH:13
BRDA:23,0,0,1
BRDA:23,0,1,1
BRDA:23,1,0,2
BRDA:23,1,1,1
BRF:4
BRH:4
end_of_record
TN:
SF:/www/sites/leo/leo-19-036-visa-game-react/src/components/generic/tutorialpopup/TutorialSlide.jsx
FN:6,(anonymous_0)
FNF:1
FNH:1
FNDA:2,(anonymous_0)
DA:6,5
DA:7,2
DA:8,2
DA:35,5
LF:4
LH:4
BRDA:18,0,0,2
BRDA:18,0,1,1
BRDA:24,1,0,2
BRDA:24,1,1,1
BRF:4
BRH:4
end_of_record
TN:
SF:/www/sites/leo/leo-19-036-visa-game-react/src/components/generic/tutorialpopup/TutorialTab.jsx
FN:7,(anonymous_0)
FN:12,(anonymous_1)
FN:17,(anonymous_2)
FNF:3
FNH:3
FNDA:3,(anonymous_0)
FNDA:1,(anonymous_1)
FNDA:3,(anonymous_2)
DA:8,3
DA:9,3
DA:13,1
DA:14,1
DA:18,3
DA:19,3
DA:21,3
DA:33,5
LF:8
LH:8
BRDA:19,0,0,3
BRDA:19,0,1,3
BRDA:24,1,0,2
BRDA:24,1,1,1
BRF:4
BRH:4
end_of_record
TN:
SF:/www/sites/leo/leo-19-036-visa-game-react/src/components/generic/tutorialpopup/TutorialTabs.jsx
FN:9,(anonymous_0)
FN:11,(anonymous_1)
FN:13,(anonymous_2)
FN:15,(anonymous_3)
[...]
FNDA:2,(anonymous_5)
FNDA:2,(anonymous_6)
FNDA:2,(anonymous_7)
FNDA:2,(anonymous_8)
FNDA:2,(anonymous_9)
FNDA:2,(anonymous_10)
FNDA:1,(anonymous_11)
FNDA:1,(anonymous_12)
FNDA:1,(anonymous_13)
FNDA:1,(anonymous_14)
FNDA:1,(anonymous_15)
FNDA:2,(anonymous_16)
FNDA:2,(anonymous_17)
FNDA:2,(anonymous_18)
FNDA:2,(anonymous_19)
FNDA:1,(anonymous_20)
FNDA:1,(anonymous_21)
FNDA:2,(anonymous_22)
FNDA:2,(anonymous_23)
DA:4,3
DA:12,3
DA:14,1
DA:20,1
DA:26,1
DA:35,2
DA:38,2
DA:45,2
DA:48,2
DA:55,2
DA:58,2
DA:66,2
DA:69,2
DA:76,1
DA:82,1
DA:88,1
DA:101,1
DA:103,1
DA:107,2
DA:110,2
DA:118,2
DA:121,2
DA:129,1
DA:135,1
DA:141,2
DA:144,2
LF:26
LH:26
BRDA:38,0,0,1
BRDA:38,0,1,1
BRDA:48,1,0,1
BRDA:48,1,1,1
BRDA:58,2,0,1
BRDA:58,2,1,1
BRDA:69,3,0,1
BRDA:69,3,1,1
BRDA:110,4,0,1
BRDA:110,4,1,1
BRDA:121,5,0,1
BRDA:121,5,1,1
BRDA:144,6,0,1
BRDA:144,6,1,1
BRF:14
BRH:14
end_of_record
TN:
SF:/www/sites/leo/leo-19-036-visa-game-react/src/reducers/crossSliceReducer.js
FN:8,(anonymous_0)
FNF:1
FNH:1
FNDA:3,(anonymous_0)
DA:8,2
DA:9,3
DA:11,2
DA:57,1
LF:4
LH:4
BRDA:9,0,0,2
BRDA:9,0,1,1
BRDA:16,1,0,1
BRDA:16,1,1,1
BRF:4
BRH:4
end_of_record
TN:
SF:/www/sites/leo/leo-19-036-visa-game-react/src/reducers/diagnostic.js
FN:11,(anonymous_0)
FN:17,(anonymous_1)
FN:23,(anonymous_2)
FN:29,(anonymous_3)
FN:34,(anonymous_4)
FNF:5
FNH:5
FNDA:1,(anonymous_0)
FNDA:1,(anonymous_1)
FNDA:1,(anonymous_2)
FNDA:1,(anonymous_3)
FNDA:1,(anonymous_4)
DA:4,2
DA:10,2
DA:12,1
DA:18,1
DA:24,1
DA:30,1
DA:35,1
LF:7
LH:7
BRF:0
BRH:0
end_of_record
TN:
SF:/www/sites/leo/leo-19-036-visa-game-react/src/reducers/generic.js
FN:31,(anonymous_0)
FN:50,(anonymous_1)
FN:74,(anonymous_2)
FN:80,(anonymous_3)
FN:86,(anonymous_4)
FN:92,(anonymous_5)
FN:104,(anonymous_6)
FN:114,(anonymous_7)
FN:120,(anonymous_8)
FN:126,(anonymous_9)
FN:132,(anonymous_10)
FN:138,(anonymous_11)
FN:144,(anonymous_12)
FN:151,(anonymous_13)
FN:158,(anonymous_14)
FNF:15
FNH:15
FNDA:6,(anonymous_0)
FNDA:2,(anonymous_1)
FNDA:1,(anonymous_2)
FNDA:1,(anonymous_3)
FNDA:1,(anonymous_4)
FNDA:1,(anonymous_5)
FNDA:1,(anonymous_6)
FNDA:4,(anonymous_7)
FNDA:1,(anonymous_8)
FNDA:1,(anonymous_9)
FNDA:1,(anonymous_10)
FNDA:1,(anonymous_11)
FNDA:1,(anonymous_12)
FNDA:1,(anonymous_13)
FNDA:1,(anonymous_14)
DA:9,3
DA:31,3
DA:32,6
DA:33,6
DA:34,6
DA:35,5
DA:36,5
DA:37,2
DA:38,3
DA:39,1
DA:41,2
DA:44,6
DA:50,3
DA:51,2
DA:53,2
DA:58,1
DA:60,1
DA:68,1
DA:73,3
DA:75,1
DA:81,1
DA:87,1
DA:93,1
DA:105,1
DA:115,4
DA:121,1
DA:127,1
DA:133,1
DA:139,1
DA:145,1
DA:152,1
DA:159,1
LF:32
LH:32
BRDA:34,0,0,5
BRDA:34,0,1,1
BRDA:36,1,0,2
BRDA:36,1,1,3
BRDA:38,2,0,1
BRDA:38,2,1,2
BRDA:38,3,0,3
BRDA:38,3,1,1
BRDA:53,4,0,1
BRDA:53,4,1,1
BRDA:54,5,0,2
BRDA:54,5,1,2
BRDA:54,5,2,2
BRF:13
BRH:13
end_of_record
TN:
SF:/www/sites/leo/leo-19-036-visa-game-react/src/reducers/hints.js
FN:18,(anonymous_0)
FN:24,(anonymous_1)
FN:27,(anonymous_2)
FN:34,(anonymous_3)
FNF:4
FNH:4
FNDA:1,(anonymous_0)
FNDA:1,(anonymous_1)
FNDA:5,(anonymous_2)
FNDA:1,(anonymous_3)
DA:5,3
DA:17,3
DA:19,1
DA:25,1
DA:28,5
DA:35,1
LF:6
LH:6
BRDA:28,0,0,1
BRDA:28,0,1,4
BRF:2
BRH:2
end_of_record
TN:
SF:/www/sites/leo/leo-19-036-visa-game-react/src/reducers/index.js
FN:21,(anonymous_0)
FN:42,(anonymous_1)
FNF:2
FNH:2
FNDA:2,(anonymous_0)
FNDA:1,(anonymous_1)
DA:21,2
DA:42,1
LF:2
LH:2
BRF:0
BRH:0
end_of_record
TN:
SF:/www/sites/leo/leo-19-036-visa-game-react/src/reducers/map.js
FN:24,(anonymous_0)
FN:33,(anonymous_1)
FN:42,(anonymous_2)
FN:48,(anonymous_3)
FN:51,(anonymous_4)
FN:59,(anonymous_5)
FN:62,(anonymous_6)
FN:69,(anonymous_7)
FN:75,(anonymous_8)
FN:81,(anonymous_9)
FN:87,(anonymous_10)
FN:95,(anonymous_11)
FN:109,(anonymous_12)
FN:118,(anonymous_13)
FN:128,(anonymous_14)
FN:137,(anonymous_15)
FN:147,(anonymous_16)
FN:150,(anonymous_17)
FNF:18
FNH:18
FNDA:1,(anonymous_0)
FNDA:1,(anonymous_1)
FNDA:1,(anonymous_2)
FNDA:3,(anonymous_3)
FNDA:3,(anonymous_4)
FNDA:2,(anonymous_5)
FNDA:2,(anonymous_6)
FNDA:1,(anonymous_7)
FNDA:1,(anonymous_8)
FNDA:1,(anonymous_9)
FNDA:1,(anonymous_10)
FNDA:2,(anonymous_11)
FNDA:1,(anonymous_12)
FNDA:1,(anonymous_13)
FNDA:1,(anonymous_14)
FNDA:1,(anonymous_15)
FNDA:1,(anonymous_16)
FNDA:1,(anonymous_17)
DA:5,3
DA:23,3
DA:25,1
DA:34,1
DA:43,1
DA:49,3
DA:52,3
DA:60,2
DA:63,2
DA:70,1
DA:76,1
DA:82,1
DA:88,1
DA:96,2
DA:97,1
DA:105,1
DA:110,1
DA:119,1
DA:129,1
DA:138,1
DA:148,1
DA:151,1
LF:22
LH:22
BRDA:52,0,0,2
BRDA:52,0,1,1
BRDA:52,1,0,3
BRDA:52,1,1,2
BRDA:55,2,0,1
BRDA:55,2,1,1
BRDA:63,3,0,1
BRDA:63,3,1,1
BRDA:96,4,0,1
BRDA:96,4,1,1
BRF:10
BRH:10
end_of_record
TN:
SF:/www/sites/leo/leo-19-036-visa-game-react/src/reducers/prompts.js
FN:16,(anonymous_0)
FN:26,(anonymous_1)
FN:32,(anonymous_2)
FN:39,(anonymous_3)
FN:45,(anonymous_4)
FN:55,(anonymous_5)
FN:61,(anonymous_6)
FN:71,(anonymous_7)
FN:77,(anonymous_8)
FN:95,(anonymous_9)
FN:101,(anonymous_10)
FN:107,(anonymous_11)
FN:113,(anonymous_12)
FNF:13
FNH:13
FNDA:1,(anonymous_0)
FNDA:1,(anonymous_1)
FNDA:1,(anonymous_2)
FNDA:1,(anonymous_3)
FNDA:1,(anonymous_4)
FNDA:1,(anonymous_5)
FNDA:1,(anonymous_6)
FNDA:1,(anonymous_7)
FNDA:1,(anonymous_8)
FNDA:1,(anonymous_9)
FNDA:1,(anonymous_10)
FNDA:1,(anonymous_11)
FNDA:1,(anonymous_12)
DA:5,2
DA:15,2
DA:17,1
DA:27,1
DA:33,1
DA:40,1
DA:46,1
DA:56,1
DA:62,1
DA:72,1
DA:78,1
DA:96,1
DA:102,1
DA:108,1
DA:114,1
LF:15
LH:15
BRF:0
BRH:0
end_of_record
TN:
SF:/www/sites/leo/leo-19-036-visa-game-react/src/reducers/score.js
FN:26,(anonymous_0)
FN:35,(anonymous_1)
FN:42,(anonymous_2)
FN:48,(anonymous_3)
FN:54,(anonymous_4)
FN:60,(anonymous_5)
FN:69,(anonymous_6)
FN:80,(anonymous_7)
FN:89,(anonymous_8)
FN:98,(anonymous_9)
FN:107,(anonymous_10)
FN:116,(anonymous_11)
FN:125,(anonymous_12)
FN:134,(anonymous_13)
FN:143,(anonymous_14)
FN:152,(anonymous_15)
FN:161,(anonymous_16)
FN:170,(anonymous_17)
FNF:18
FNH:18
FNDA:1,(anonymous_0)
FNDA:1,(anonymous_1)
FNDA:1,(anonymous_2)
FNDA:1,(anonymous_3)
FNDA:1,(anonymous_4)
FNDA:1,(anonymous_5)
FNDA:2,(anonymous_6)
FNDA:1,(anonymous_7)
FNDA:1,(anonymous_8)
FNDA:1,(anonymous_9)
FNDA:1,(anonymous_10)
FNDA:1,(anonymous_11)
FNDA:1,(anonymous_12)
FNDA:1,(anonymous_13)
FNDA:1,(anonymous_14)
FNDA:1,(anonymous_15)
FNDA:1,(anonymous_16)
FNDA:1,(anonymous_17)
DA:7,2
DA:25,2
DA:27,1
DA:36,1
DA:43,1
DA:49,1
DA:55,1
DA:61,1
DA:70,2
DA:71,2
DA:72,2
DA:81,1
DA:82,1
DA:90,1
DA:99,1
DA:108,1
DA:117,1
DA:126,1
DA:135,1
DA:144,1
DA:153,1
DA:162,1
DA:171,1
LF:23
LH:23
BRDA:77,0,0,1
BRDA:77,0,1,1
BRF:2
BRH:2
end_of_record
TN:
SF:/www/sites/leo/leo-19-036-visa-game-react/src/reducers/scorm.js
FN:13,(anonymous_0)
FN:21,(anonymous_1)
FN:54,(anonymous_2)
FN:63,(anonymous_3)
FN:69,(anonymous_4)
FN:78,(anonymous_5)
FN:84,(anonymous_6)
FN:94,(anonymous_7)
FNF:8
FNH:8
FNDA:3,(anonymous_0)
FNDA:5,(anonymous_1)
FNDA:2,(anonymous_2)
FNDA:1,(anonymous_3)
FNDA:1,(anonymous_4)
FNDA:1,(anonymous_5)
FNDA:2,(anonymous_6)
FNDA:3,(anonymous_7)
DA:13,2
DA:14,3
DA:15,3
DA:16,3
DA:17,3
DA:20,2
DA:22,5
DA:23,5
DA:24,5
DA:25,5
DA:26,5
DA:28,5
DA:29,4
DA:30,4
DA:31,4
DA:32,4
DA:34,4
DA:35,3
DA:36,3
DA:37,3
DA:38,3
DA:39,3
DA:40,3
DA:41,3
DA:45,5
DA:55,2
DA:56,1
DA:58,2
DA:64,1
DA:70,1
DA:79,1
DA:85,2
DA:86,1
DA:87,1
DA:90,2
DA:95,3
DA:97,3
DA:98,2
DA:99,2
DA:100,2
DA:101,2
DA:102,1
DA:106,3
LF:43
LH:43
BRDA:28,0,0,4
BRDA:28,0,1,1
BRDA:30,1,0,2
BRDA:30,1,1,2
BRDA:34,2,0,3
BRDA:34,2,1,1
BRDA:39,3,0,1
BRDA:39,3,1,2
BRDA:41,4,0,2
BRDA:41,4,1,1
BRDA:41,5,0,3
BRDA:41,5,1,2
BRDA:55,6,0,1
BRDA:55,6,1,1
BRDA:55,7,0,2
BRDA:55,7,1,1
BRDA:85,8,0,1
BRDA:85,8,1,1
BRDA:97,9,0,2
BRDA:97,9,1,1
BRDA:101,10,0,1
BRDA:101,10,1,1
BRF:22
BRH:22
end_of_record
TN:
SF:/www/sites/leo/leo-19-036-visa-game-react/src/reducers/settings.js
FN:10,(anonymous_0)
FN:16,(anonymous_1)
FN:22,(anonymous_2)
FNF:3
FNH:3
FNDA:1,(anonymous_0)
FNDA:1,(anonymous_1)
FNDA:1,(anonymous_2)
DA:4,2
DA:9,2
DA:11,1
DA:17,1
DA:23,1
LF:5
LH:5
BRF:0
BRH:0
end_of_record
TN:
SF:/www/sites/leo/leo-19-036-visa-game-react/src/reducers/streak.js
FN:13,(anonymous_0)
FN:31,(anonymous_1)
FN:44,(anonymous_2)
FN:51,(anonymous_3)
FN:58,(anonymous_4)
FNF:5
FNH:5
FNDA:9,(anonymous_0)
FNDA:3,(anonymous_1)
FNDA:1,(anonymous_2)
FNDA:2,(anonymous_3)
FNDA:3,(anonymous_4)
DA:5,3
DA:13,3
DA:14,9
DA:15,9
DA:17,3
DA:18,3
DA:24,9
DA:30,3
DA:32,3
DA:33,3
DA:34,3
DA:35,3
DA:36,3
DA:45,1
DA:46,1
DA:52,2
DA:53,2
DA:59,3
LF:18
LH:18
BRDA:15,0,0,3
BRDA:15,0,1,6
BRDA:15,1,0,9
BRDA:15,1,1,9
BRDA:15,1,2,4
BRDA:19,2,0,1
BRDA:19,2,1,2
BRDA:20,3,0,1
BRDA:20,3,1,2
BRDA:21,4,0,1
BRDA:21,4,1,2
BRDA:33,5,0,3
BRDA:33,5,1,2
BRDA:35,6,0,3
BRDA:35,6,1,2
BRDA:38,7,0,1
BRDA:38,7,1,2
BRDA:39,8,0,1
BRDA:39,8,1,2
BRDA:40,9,0,1
BRDA:40,9,1,2
BRDA:41,10,0,2
BRDA:41,10,1,1
BRDA:55,11,0,1
BRDA:55,11,1,1
BRF:25
BRH:25
end_of_record
TN:
SF:/www/sites/leo/leo-19-036-visa-game-react/src/reducers/tutorial.js
FN:10,(anonymous_0)
FN:16,(anonymous_1)
FNF:2
FNH:2
FNDA:1,(anonymous_0)
FNDA:1,(anonymous_1)
DA:4,2
DA:9,2
DA:11,1
DA:17,1
LF:4
LH:4
BRF:0
BRH:0
end_of_record
TN:
SF:/www/sites/leo/leo-19-036-visa-game-react/src/tracking/scorm/DataModel.js
FN:41,(anonymous_0)
FN:50,(anonymous_1)
FNF:2
FNH:2
FNDA:16,(anonymous_0)
FNDA:4,(anonymous_1)
DA:3,3
DA:41,3
DA:42,16
DA:43,16
DA:44,16
DA:45,15
DA:47,16
DA:50,3
DA:51,4
DA:52,4
DA:59,4
DA:60,1
DA:61,3
DA:62,2
DA:64,1
DA:67,4
LF:16
LH:16
BRDA:42,0,0,5
BRDA:42,0,1,11
BRDA:44,1,0,15
BRDA:44,1,1,1
BRDA:44,2,0,16
BRDA:44,2,1,16
BRDA:59,3,0,1
BRDA:59,3,1,3
BRDA:59,4,0,4
BRDA:59,4,1,3
BRDA:61,5,0,2
BRDA:61,5,1,1
BRF:12
BRH:12
end_of_record
TN:
SF:/www/sites/leo/leo-19-036-visa-game-react/src/tracking/scorm/SuspendData.js
FN:15,(anonymous_0)
FN:19,(anonymous_1)
FN:30,(anonymous_2)
FN:41,(anonymous_3)
FN:97,(anonymous_4)
FN:104,(anonymous_5)
FN:121,(anonymous_6)
FNF:7
FNH:7
FNDA:4,(anonymous_0)
FNDA:6,(anonymous_1)
FNDA:3,(anonymous_2)
FNDA:6,(anonymous_3)
FNDA:2,(anonymous_4)
FNDA:4,(anonymous_5)
FNDA:2,(anonymous_6)
DA:15,3
DA:16,4
DA:18,4
DA:19,4
DA:20,6
DA:21,3
DA:23,6
DA:29,4
DA:30,4
DA:31,3
DA:34,3
DA:35,3
DA:36,3
DA:37,3
DA:38,3
DA:39,3
DA:41,3
DA:42,6
DA:44,1
DA:45,1
DA:47,1
DA:48,1
DA:50,1
DA:51,1
DA:53,1
DA:54,1
DA:56,1
DA:57,1
DA:59,1
DA:60,1
DA:64,3
DA:65,1
DA:67,3
DA:68,1
DA:70,3
DA:71,1
DA:73,3
DA:74,1
DA:76,3
DA:77,1
DA:79,3
DA:80,1
DA:82,3
DA:85,4
DA:86,3
DA:89,4
DA:97,3
DA:98,2
DA:104,2
DA:105,4
DA:106,2
DA:107,1
DA:109,2
DA:113,2
DA:121,3
DA:122,2
DA:124,2
DA:125,1
DA:128,2
DA:129,1
DA:132,2
DA:133,1
DA:136,2
DA:137,1
DA:140,2
LF:65
LH:65
BRDA:20,0,0,3
BRDA:20,0,1,3
BRDA:42,1,0,1
BRDA:42,1,1,1
BRDA:42,1,2,1
BRDA:42,1,3,1
BRDA:42,1,4,1
BRDA:42,1,5,1
BRDA:64,2,0,1
BRDA:64,2,1,2
BRDA:67,3,0,1
BRDA:67,3,1,2
BRDA:70,4,0,1
BRDA:70,4,1,2
BRDA:73,5,0,1
BRDA:73,5,1,2
BRDA:76,6,0,1
BRDA:76,6,1,2
BRDA:79,7,0,1
BRDA:79,7,1,2
BRDA:85,8,0,3
BRDA:85,8,1,1
BRDA:105,9,0,2
BRDA:105,9,1,2
BRDA:106,10,0,1
BRDA:106,10,1,1
BRDA:124,11,0,1
BRDA:124,11,1,1
BRDA:128,12,0,1
BRDA:128,12,1,1
BRDA:132,13,0,1
BRDA:132,13,1,1
BRDA:136,14,0,1
BRDA:136,14,1,1
BRDA:140,15,0,1
BRDA:140,15,1,1
BRF:36
BRH:36
end_of_record
TN:
SF:/www/sites/leo/leo-19-036-visa-game-react/src/tracking/xapi/XApiAdapter.js
FN:31,(anonymous_0)
FN:41,(anonymous_1)
FN:76,(anonymous_2)
FN:103,(anonymous_3)
FN:114,(anonymous_4)
FN:127,(anonymous_5)
FN:152,(anonymous_6)
FN:164,(anonymous_7)
FN:184,(anonymous_8)
FN:204,(anonymous_9)
FN:267,(anonymous_10)
FN:284,(anonymous_11)
FN:317,(anonymous_12)
FN:325,(anonymous_13)
FN:327,(anonymous_14)
FN:340,(anonymous_15)
FN:359,(anonymous_16)
FN:403,(anonymous_17)
FN:422,(anonymous_18)
FN:441,(anonymous_19)
FN:466,(anonymous_20)
FN:484,(anonymous_21)
FN:499,(anonymous_22)
FN:523,(anonymous_23)
FN:535,(anonymous_24)
FN:605,(anonymous_25)
FN:619,(anonymous_26)
FN:646,(anonymous_27)
FN:677,(anonymous_28)
FNF:29
FNH:29
FNDA:3,(anonymous_0)
FNDA:4,(anonymous_1)
FNDA:5,(anonymous_2)
FNDA:1,(anonymous_3)
FNDA:1,(anonymous_4)
FNDA:4,(anonymous_5)
FNDA:3,(anonymous_6)
FNDA:4,(anonymous_7)
FNDA:2,(anonymous_8)
FNDA:11,(anonymous_9)
FNDA:1,(anonymous_10)
FNDA:1,(anonymous_11)
FNDA:2,(anonymous_12)
FNDA:4,(anonymous_13)
FNDA:2,(anonymous_14)
FNDA:3,(anonymous_15)
FNDA:7,(anonymous_16)
FNDA:3,(anonymous_17)
FNDA:2,(anonymous_18)
FNDA:3,(anonymous_19)
FNDA:2,(anonymous_20)
FNDA:2,(anonymous_21)
FNDA:6,(anonymous_22)
FNDA:1,(anonymous_23)
FNDA:11,(anonymous_24)
FNDA:4,(anonymous_25)
FNDA:2,(anonymous_26)
FNDA:5,(anonymous_27)
FNDA:1,(anonymous_28)
DA:7,39
DA:8,39
DA:9,39
DA:11,39
DA:13,39
DA:14,39
DA:16,39
DA:29,39
DA:31,39
DA:32,3
DA:33,1
DA:41,39
DA:43,4
DA:44,1
DA:49,3
DA:50,1
DA:55,2
DA:56,1
DA:62,1
DA:68,4
DA:76,39
DA:77,5
DA:78,5
DA:79,5
DA:80,2
DA:81,1
DA:83,1
DA:89,3
DA:91,5
DA:92,2
DA:94,3
DA:96,5
DA:103,39
DA:114,39
DA:127,39
DA:129,4
DA:135,4
DA:136,2
DA:137,2
DA:138,2
DA:139,2
DA:140,3
DA:141,3
DA:145,4
DA:152,39
DA:153,3
DA:154,3
DA:155,3
DA:156,3
DA:164,39
DA:165,4
DA:166,4
DA:167,4
DA:168,4
DA:169,3
DA:170,3
DA:171,3
DA:173,4
DA:184,39
DA:185,2
DA:186,2
DA:187,1
DA:188,1
DA:190,1
DA:204,39
DA:205,11
DA:206,11
DA:207,11
DA:208,1
DA:210,10
DA:213,11
DA:214,11
DA:217,11
DA:218,11
DA:219,6
DA:220,6
DA:223,6
DA:226,11
DA:227,1
DA:231,11
DA:232,5
DA:233,1
DA:234,4
DA:235,1
DA:237,3
DA:242,11
DA:243,5
DA:248,11
DA:249,3
DA:254,11
DA:255,2
DA:258,11
DA:260,3
DA:262,3
DA:266,11
DA:267,1
DA:270,11
DA:271,2
DA:272,1
DA:275,2
DA:276,1
DA:283,11
DA:284,1
DA:292,11
DA:293,1
DA:297,11
DA:298,1
DA:301,11
DA:303,9
DA:309,2
DA:310,2
DA:317,39
DA:318,2
DA:319,2
DA:320,1
DA:322,2
DA:325,39
DA:327,39
DA:328,2
DA:329,2
DA:330,1
DA:331,1
DA:333,2
DA:340,39
DA:341,3
DA:343,3
DA:344,2
DA:346,2
DA:350,3
DA:359,39
DA:360,7
DA:361,7
DA:363,3
DA:364,3
DA:365,1
DA:369,2
DA:378,2
DA:379,1
DA:383,2
DA:384,1
DA:387,2
DA:388,1
DA:392,2
DA:398,2
DA:400,2
DA:404,3
DA:405,2
DA:406,1
DA:408,1
DA:411,1
DA:422,39
DA:423,2
DA:424,2
DA:432,2
DA:441,39
DA:442,3
DA:443,3
DA:445,2
DA:451,2
DA:452,1
DA:454,1
DA:456,2
DA:466,39
DA:467,2
DA:468,2
DA:470,1
DA:484,39
DA:485,2
DA:486,2
DA:487,1
DA:488,1
DA:490,2
DA:499,39
DA:500,6
DA:502,6
DA:503,4
DA:506,6
DA:507,2
DA:511,6
DA:512,2
DA:515,6
DA:523,39
DA:535,39
DA:536,11
DA:537,11
DA:538,11
DA:539,11
DA:540,11
DA:541,11
DA:542,11
DA:544,11
DA:549,11
DA:550,1
DA:553,11
DA:555,2
DA:556,1
DA:560,2
DA:562,1
DA:569,11
DA:570,1
DA:575,11
DA:576,6
DA:577,6
DA:580,11
DA:581,5
DA:582,5
DA:588,11
DA:589,1
DA:595,11
DA:605,39
DA:606,4
DA:607,4
DA:613,39
DA:619,39
DA:620,2
DA:621,2
DA:625,2
DA:628,2
DA:629,1
DA:632,2
DA:633,2
DA:634,1
DA:635,1
DA:638,2
DA:646,39
DA:647,5
DA:648,5
DA:649,4
DA:651,4
DA:652,4
DA:656,3
DA:657,3
DA:658,2
DA:661,3
DA:662,1
DA:665,3
DA:666,3
DA:667,3
DA:669,1
DA:677,39
DA:678,1
DA:679,1
DA:680,1
DA:681,1
DA:686,1
DA:690,1
DA:691,1
LF:247
LH:247
BRDA:7,0,0,39
BRDA:7,0,1,39
BRDA:8,1,0,39
BRDA:8,1,1,39
BRDA:32,2,0,1
BRDA:32,2,1,2
BRDA:43,3,0,1
BRDA:43,3,1,3
BRDA:49,4,0,1
BRDA:49,4,1,2
BRDA:55,5,0,1
BRDA:55,5,1,1
BRDA:79,6,0,2
BRDA:79,6,1,3
BRDA:79,7,0,5
BRDA:79,7,1,2
BRDA:80,8,0,1
BRDA:80,8,1,1
BRDA:91,9,0,2
BRDA:91,9,1,3
BRDA:91,10,0,5
BRDA:91,10,1,2
BRDA:135,11,0,2
BRDA:135,11,1,2
BRDA:168,12,0,3
BRDA:168,12,1,1
BRDA:168,13,0,4
BRDA:168,13,1,3
BRDA:170,14,0,2
BRDA:170,14,1,1
BRDA:170,15,0,3
BRDA:170,15,1,2
BRDA:186,16,0,1
BRDA:186,16,1,1
BRDA:207,17,0,1
BRDA:207,17,1,10
BRDA:210,18,0,10
BRDA:210,18,1,1
BRDA:218,19,0,6
BRDA:218,19,1,5
BRDA:226,20,0,1
BRDA:226,20,1,10
BRDA:226,21,0,11
BRDA:226,21,1,6
BRDA:231,22,0,5
BRDA:231,22,1,6
BRDA:231,23,0,11
BRDA:231,23,1,11
BRDA:231,23,2,5
BRDA:232,24,0,1
BRDA:232,24,1,4
BRDA:232,25,0,5
BRDA:232,25,1,2
BRDA:234,26,0,1
BRDA:234,26,1,3
BRDA:234,27,0,4
BRDA:234,27,1,1
BRDA:242,28,0,5
BRDA:242,28,1,6
BRDA:242,29,0,11
BRDA:242,29,1,5
BRDA:248,30,0,3
BRDA:248,30,1,8
BRDA:248,31,0,11
BRDA:248,31,1,3
BRDA:254,32,0,2
BRDA:254,32,1,9
BRDA:258,33,0,3
BRDA:258,33,1,8
BRDA:258,34,0,11
BRDA:258,34,1,10
BRDA:266,35,0,1
BRDA:266,35,1,10
BRDA:266,36,0,11
BRDA:266,36,1,1
BRDA:270,37,0,2
BRDA:270,37,1,9
BRDA:270,38,0,11
BRDA:270,38,1,3
BRDA:271,39,0,1
BRDA:271,39,1,1
BRDA:271,40,0,2
BRDA:271,40,1,1
BRDA:275,41,0,1
BRDA:275,41,1,1
BRDA:283,42,0,1
BRDA:283,42,1,10
BRDA:292,43,0,1
BRDA:292,43,1,10
BRDA:297,44,0,1
BRDA:297,44,1,10
BRDA:297,45,0,11
BRDA:297,45,1,3
BRDA:297,45,2,1
BRDA:301,46,0,9
BRDA:301,46,1,2
BRDA:301,47,0,11
BRDA:301,47,1,9
BRDA:319,48,0,1
BRDA:319,48,1,1
BRDA:319,49,0,2
BRDA:319,49,1,1
BRDA:329,50,0,1
BRDA:329,50,1,1
BRDA:329,51,0,2
BRDA:329,51,1,1
BRDA:341,52,0,3
BRDA:341,52,1,1
BRDA:343,53,0,2
BRDA:343,53,1,1
BRDA:343,54,0,3
BRDA:343,54,1,2
BRDA:344,55,0,1
BRDA:344,55,1,1
BRDA:361,56,0,4
BRDA:361,56,1,3
BRDA:364,57,0,1
BRDA:364,57,1,2
BRDA:370,58,0,2
BRDA:370,58,1,2
BRDA:378,59,0,1
BRDA:378,59,1,1
BRDA:378,60,0,2
BRDA:378,60,1,1
BRDA:383,61,0,1
BRDA:383,61,1,1
BRDA:383,62,0,2
BRDA:383,62,1,1
BRDA:383,62,2,1
BRDA:387,63,0,1
BRDA:387,63,1,1
BRDA:404,64,0,2
BRDA:404,64,1,1
BRDA:405,65,0,1
BRDA:405,65,1,1
BRDA:432,66,0,1
BRDA:432,66,1,1
BRDA:443,67,0,1
BRDA:443,67,1,2
BRDA:451,68,0,1
BRDA:451,68,1,1
BRDA:451,69,0,2
BRDA:451,69,1,1
BRDA:451,69,2,1
BRDA:451,69,3,1
BRDA:468,70,0,1
BRDA:468,70,1,1
BRDA:486,71,0,1
BRDA:486,71,1,1
BRDA:486,72,0,2
BRDA:486,72,1,2
BRDA:500,73,0,6
BRDA:500,73,1,2
BRDA:502,74,0,4
BRDA:502,74,1,2
BRDA:502,75,0,6
BRDA:502,75,1,4
BRDA:503,76,0,1
BRDA:503,76,1,3
BRDA:506,77,0,2
BRDA:506,77,1,4
BRDA:507,78,0,2
BRDA:507,78,1,1
BRDA:511,79,0,2
BRDA:511,79,1,4
BRDA:512,80,0,2
BRDA:512,80,1,1
BRDA:536,81,0,11
BRDA:536,81,1,1
BRDA:537,82,0,11
BRDA:537,82,1,1
BRDA:538,83,0,11
BRDA:538,83,1,5
BRDA:539,84,0,11
BRDA:539,84,1,5
BRDA:540,85,0,11
BRDA:540,85,1,5
BRDA:541,86,0,11
BRDA:541,86,1,5
BRDA:549,87,0,1
BRDA:549,87,1,10
BRDA:553,88,0,2
BRDA:553,88,1,9
BRDA:555,89,0,1
BRDA:555,89,1,1
BRDA:560,90,0,1
BRDA:560,90,1,1
BRDA:560,91,0,2
BRDA:560,91,1,1
BRDA:569,92,0,1
BRDA:569,92,1,10
BRDA:575,93,0,6
BRDA:575,93,1,5
BRDA:575,94,0,11
BRDA:575,94,1,6
BRDA:576,95,0,6
BRDA:576,95,1,6
BRDA:580,96,0,5
BRDA:580,96,1,6
BRDA:581,97,0,1
BRDA:581,97,1,4
BRDA:588,98,0,1
BRDA:588,98,1,10
BRDA:588,99,0,11
BRDA:588,99,1,1
BRDA:628,100,0,1
BRDA:628,100,1,1
BRDA:628,101,0,2
BRDA:628,101,1,2
BRDA:633,102,0,1
BRDA:633,102,1,1
BRDA:648,103,0,4
BRDA:648,103,1,1
BRDA:657,104,0,2
BRDA:657,104,1,1
BRDA:661,105,0,1
BRDA:661,105,1,2
BRF:217
BRH:217
end_of_record
TN:
SF:/www/sites/leo/leo-19-036-visa-game-react/src/tracking/xapi/XApiRegistry.js
FNF:0
FNH:0
DA:6,39
LF:1
LH:1
BRF:0
BRH:0
end_of_record
TN:
SF:/www/sites/leo/leo-19-036-visa-game-react/src/translations/en_us/index.js
FNF:0
FNH:0
LF:0
LH:0
BRF:0
BRH:0
end_of_record
TN:
SF:/www/sites/leo/leo-19-036-visa-game-react/src/translations/en_us/clientproposals/index.js
FNF:0
FNH:0
LF:0
LH:0
BRF:0
BRH:0
end_of_record
TN:
SF:/www/sites/leo/leo-19-036-visa-game-react/src/translations/en_us/clientproposals/clients/index.js
FNF:0
FNH:0
LF:0
LH:0
BRF:0
BRH:0
end_of_record
TN:
SF:/www/sites/leo/leo-19-036-visa-game-react/src/translations/en_us/diagnostic/index.js
FNF:0
FNH:0
LF:0
LH:0
BRF:0
BRH:0
end_of_record
TN:
SF:/www/sites/leo/leo-19-036-visa-game-react/src/translations/en_us/generic/index.js
FNF:0
FNH:0
LF:0
LH:0
BRF:0
BRH:0
end_of_record
TN:
SF:/www/sites/leo/leo-19-036-visa-game-react/src/translations/en_us/generic/tooltips/index.js
FNF:0
FNH:0
LF:0
LH:0
BRF:0
BRH:0
end_of_record
TN:
SF:/www/sites/leo/leo-19-036-visa-game-react/src/translations/en_us/generic/tutorial/index.js
FNF:0
FNH:0
LF:0
LH:0
BRF:0
BRH:0
end_of_record
TN:
SF:/www/sites/leo/leo-19-036-visa-game-react/src/translations/en_us/network/index.js
FNF:0
FNH:0
LF:0
LH:0
BRF:0
BRH:0
end_of_record
TN:
SF:/www/sites/leo/leo-19-036-visa-game-react/src/translations/en_us/network/maps/map1/challenges/index.js
FNF:0
FNH:0
LF:0
LH:0
BRF:0
BRH:0
end_of_record
TN:
SF:/www/sites/leo/leo-19-036-visa-game-react/src/translations/en_us/network/maps/map1/products/index.js
FNF:0
FNH:0
LF:0
LH:0
BRF:0
BRH:0
end_of_record
TN:
SF:/www/sites/leo/leo-19-036-visa-game-react/src/translations/en_us/network/productpages/index.js
FNF:0
FNH:0
LF:0
LH:0
BRF:0
BRH:0
end_of_record
TN:
SF:/www/sites/leo/leo-19-036-visa-game-react/src/translations/en_us/xapi/gomo.js
FNF:0
FNH:0
LF:0
LH:0
BRF:0
BRH:0
end_of_record
TN:
SF:/www/sites/leo/leo-19-036-visa-game-react/src/translations/en_us/xapi/index.js
FNF:0
FNH:0
LF:0
LH:0
BRF:0
BRH:0
end_of_record
